239
475
1
1
1
1
1
1
1
1
1
1
1
1
1
1
1
1
1
1
1
1
1
1
1
1
1
1
1
1
1
1
1
1
1
1
1
1
1
1
1
1
1
1
1
1
1
1
1
1
1
1
1
1
1
1
1
1
1
1
1
1
1
1
1
1
1
1
1
1
1
1
1
1
1
1
1
1
1
1
1
1
1
1
1
1
1
1
1
1
1
1
1
1
1
1
1
1
1
1
1
1
1
1
1
1
1
1
1
1
1
1
1
1
1
1
1
1
1
1
1
1
1
1
1
1
1
1
1
1
1
1
1
1
1
1
1
1
1
1
1
1
1
1
1
1
1
1
1
1
1
1
1
1
1
1
1
1
1
1
1
1
1
1
1
1
1
1
1
1
1
1
1
1
1
1
1
1
1
1
1
1
1
1
1
1
1
1
1
1
1
1
1
1
1
1
1
1
1
1
1
1
1
1
1
1
1
1
1
1
1
1
1
1
1
1
1
1
1
1
1
1
1
1
1
1
1
1
1
1
1
1
1
1
1
1
1
1
1
1
1
4 0 1 (416.000000 96.000000 160.000000) (416.000000 96.000000 0.000000) (608.000000 96.000000 0.000000) (608.000000 96.000000 160.000000) 
4 1 147 (416.000000 -96.000000 -1088.000000) (416.000000 96.000000 -1088.000000) (608.000000 96.000000 -1088.000000) (608.000000 -96.000000 -1088.000000) 
4 2 8 (608.000000 2304.000000 -1536.000000) (640.000000 2304.000000 -1536.000000) (640.000000 2304.000000 -1344.000000) (608.000000 2304.000000 -1344.000000) 
4 2 5 (832.000000 2304.000000 -1536.000000) (1344.000000 2304.000000 -1536.000000) (1344.000000 2304.000000 -1344.000000) (832.000000 2304.000000 -1344.000000) 
4 2 6 (640.000000 2304.000000 -1536.000000) (800.000000 2304.000000 -1536.000000) (800.000000 2304.000000 -1344.000000) (640.000000 2304.000000 -1344.000000) 
4 2 4 (1344.000000 2304.000000 -1536.000000) (1376.000000 2304.000000 -1536.000000) (1376.000000 2304.000000 -1344.000000) (1344.000000 2304.000000 -1344.000000) 
4 2 3 (1376.000000 2304.000000 -1536.000000) (1568.000000 2304.000000 -1536.000000) (1568.000000 2304.000000 -1344.000000) (1376.000000 2304.000000 -1344.000000) 
4 2 9 (448.000000 2304.000000 -1344.000000) (448.000000 2304.000000 -1536.000000) (608.000000 2304.000000 -1536.000000) (608.000000 2304.000000 -1344.000000) 
4 3 35 (1568.000000 2016.000000 -1536.000000) (1568.000000 2016.000000 -1344.000000) (1376.000000 2016.000000 -1344.000000) (1376.000000 2016.000000 -1536.000000) 
4 3 4 (1376.000000 2304.000000 -1536.000000) (1376.000000 2208.000000 -1536.000000) (1376.000000 2208.000000 -1344.000000) (1376.000000 2304.000000 -1344.000000) 
4 4 5 (1344.000000 2304.000000 -1344.000000) (1344.000000 2304.000000 -1536.000000) (1344.000000 2208.000000 -1536.000000) (1344.000000 2208.000000 -1344.000000) 
4 5 7 (832.000000 2112.000000 -1536.000000) (1344.000000 2112.000000 -1536.000000) (1344.000000 2112.000000 -1344.000000) (832.000000 2112.000000 -1344.000000) 
4 6 8 (640.000000 2304.000000 -1536.000000) (640.000000 2208.000000 -1536.000000) (640.000000 2208.000000 -1344.000000) (640.000000 2304.000000 -1344.000000) 
4 6 7 (640.000000 2112.000000 -1536.000000) (800.000000 2112.000000 -1536.000000) (800.000000 2112.000000 -1344.000000) (640.000000 2112.000000 -1344.000000) 
4 8 9 (608.000000 2304.000000 -1536.000000) (608.000000 2208.000000 -1536.000000) (608.000000 2208.000000 -1344.000000) (608.000000 2304.000000 -1344.000000) 
4 9 10 (448.000000 2208.000000 -1536.000000) (448.000000 2016.000000 -1536.000000) (448.000000 2016.000000 -1344.000000) (448.000000 2208.000000 -1344.000000) 
4 10 12 (416.000000 2208.000000 -1536.000000) (416.000000 2016.000000 -1536.000000) (416.000000 2016.000000 -1344.000000) (416.000000 2208.000000 -1344.000000) 
4 11 13 (-176.000000 2784.000000 -1536.000000) (-176.000000 2400.000000 -1536.000000) (-176.000000 2400.000000 -1344.000000) (-176.000000 2784.000000 -1344.000000) 
4 11 12 (-144.000000 2400.000000 -1536.000000) (416.000000 2400.000000 -1536.000000) (416.000000 2400.000000 -1344.000000) (-144.000000 2400.000000 -1344.000000) 
4 13 26 (-1120.000000 2400.000000 -1536.000000) (-736.000000 2400.000000 -1536.000000) (-736.000000 2400.000000 -1344.000000) (-1120.000000 2400.000000 -1344.000000) 
4 13 17 (-704.000000 2400.000000 -1536.000000) (-176.000000 2400.000000 -1536.000000) (-176.000000 2400.000000 -1488.000000) (-704.000000 2400.000000 -1488.000000) 
4 13 15 (-176.000000 2400.000000 -1488.000000) (-176.000000 2400.000000 -1484.000000) (-368.000000 2400.000000 -1484.000000) (-368.000000 2400.000000 -1488.000000) 
4 13 14 (-176.000000 2400.000000 -1484.000000) (-176.000000 2400.000000 -1344.000000) (-368.000000 2400.000000 -1344.000000) (-368.000000 2400.000000 -1484.000000) 
4 13 16 (-368.000000 2400.000000 -1344.000000) (-704.000000 2400.000000 -1344.000000) (-704.000000 2400.000000 -1488.000000) (-368.000000 2400.000000 -1488.000000) 
4 14 15 (-368.000000 2240.000000 -1484.000000) (-368.000000 2400.000000 -1484.000000) (-176.000000 2400.000000 -1484.000000) (-176.000000 2240.000000 -1484.000000) 
4 14 16 (-368.000000 2144.000000 -1484.000000) (-368.000000 2144.000000 -1344.000000) (-368.000000 2400.000000 -1344.000000) (-368.000000 2400.000000 -1484.000000) 
4 15 17 (-368.000000 2400.000000 -1488.000000) (-176.000000 2400.000000 -1488.000000) (-176.000000 2240.000000 -1488.000000) (-368.000000 2240.000000 -1488.000000) 
4 15 16 (-368.000000 2400.000000 -1488.000000) (-368.000000 2240.000000 -1488.000000) (-368.000000 2240.000000 -1484.000000) (-368.000000 2400.000000 -1484.000000) 
4 16 25 (-704.000000 2144.000000 -1488.000000) (-704.000000 2160.000000 -1488.000000) (-368.000000 2160.000000 -1488.000000) (-368.000000 2144.000000 -1488.000000) 
4 16 24 (-704.000000 2160.000000 -1488.000000) (-704.000000 2176.000000 -1488.000000) (-368.000000 2176.000000 -1488.000000) (-368.000000 2160.000000 -1488.000000) 
4 16 20 (-704.000000 2208.000000 -1488.000000) (-704.000000 2224.000000 -1488.000000) (-368.000000 2224.000000 -1488.000000) (-368.000000 2208.000000 -1488.000000) 
4 16 17 (-704.000000 2224.000000 -1488.000000) (-704.000000 2400.000000 -1488.000000) (-368.000000 2400.000000 -1488.000000) (-368.000000 2224.000000 -1488.000000) 
4 16 21 (-704.000000 2176.000000 -1488.000000) (-704.000000 2208.000000 -1488.000000) (-368.000000 2208.000000 -1488.000000) (-368.000000 2176.000000 -1488.000000) 
4 17 20 (-352.000000 2224.000000 -1488.000000) (-704.000000 2224.000000 -1488.000000) (-704.000000 2224.000000 -1536.000000) (-352.000000 2224.000000 -1536.000000) 
4 17 19 (-208.000000 2224.000000 -1488.000000) (-336.000000 2224.000000 -1488.000000) (-336.000000 2224.000000 -1536.000000) (-208.000000 2224.000000 -1536.000000) 
4 17 18 (-176.000000 2224.000000 -1536.000000) (-176.000000 2224.000000 -1488.000000) (-192.000000 2224.000000 -1488.000000) (-192.000000 2224.000000 -1536.000000) 
4 18 21 (-192.000000 2208.000000 -1536.000000) (-176.000000 2208.000000 -1536.000000) (-176.000000 2208.000000 -1488.000000) (-192.000000 2208.000000 -1488.000000) 
4 19 21 (-336.000000 2208.000000 -1536.000000) (-208.000000 2208.000000 -1536.000000) (-208.000000 2208.000000 -1488.000000) (-336.000000 2208.000000 -1488.000000) 
4 20 21 (-704.000000 2208.000000 -1488.000000) (-704.000000 2208.000000 -1536.000000) (-352.000000 2208.000000 -1536.000000) (-352.000000 2208.000000 -1488.000000) 
4 21 24 (-352.000000 2176.000000 -1488.000000) (-704.000000 2176.000000 -1488.000000) (-704.000000 2176.000000 -1536.000000) (-352.000000 2176.000000 -1536.000000) 
4 21 23 (-208.000000 2176.000000 -1488.000000) (-336.000000 2176.000000 -1488.000000) (-336.000000 2176.000000 -1536.000000) (-208.000000 2176.000000 -1536.000000) 
4 21 22 (-176.000000 2176.000000 -1536.000000) (-176.000000 2176.000000 -1488.000000) (-192.000000 2176.000000 -1488.000000) (-192.000000 2176.000000 -1536.000000) 
4 22 25 (-192.000000 2160.000000 -1536.000000) (-176.000000 2160.000000 -1536.000000) (-176.000000 2160.000000 -1488.000000) (-192.000000 2160.000000 -1488.000000) 
4 23 25 (-336.000000 2160.000000 -1536.000000) (-208.000000 2160.000000 -1536.000000) (-208.000000 2160.000000 -1488.000000) (-336.000000 2160.000000 -1488.000000) 
4 24 25 (-704.000000 2160.000000 -1488.000000) (-704.000000 2160.000000 -1536.000000) (-352.000000 2160.000000 -1536.000000) (-352.000000 2160.000000 -1488.000000) 
4 26 27 (-1120.000000 2208.000000 -1536.000000) (-1120.000000 2016.000000 -1536.000000) (-1120.000000 2016.000000 -1344.000000) (-1120.000000 2208.000000 -1344.000000) 
4 27 89 (-3040.000000 2016.000000 -1536.000000) (-2848.000000 2016.000000 -1536.000000) (-2848.000000 2016.000000 -1344.000000) (-3040.000000 2016.000000 -1344.000000) 
4 28 37 (1696.000000 1376.000000 -1536.000000) (1696.000000 1312.000000 -1536.000000) (1696.000000 1312.000000 -1344.000000) (1696.000000 1376.000000 -1344.000000) 
4 28 29 (2112.000000 1312.000000 -1536.000000) (2176.000000 1312.000000 -1536.000000) (2176.000000 1312.000000 -1344.000000) (2112.000000 1312.000000 -1344.000000) 
4 28 30 (1888.000000 1312.000000 -1536.000000) (2048.000000 1312.000000 -1536.000000) (2048.000000 1312.000000 -1344.000000) (1888.000000 1312.000000 -1344.000000) 
4 28 31 (1696.000000 1312.000000 -1344.000000) (1696.000000 1312.000000 -1536.000000) (1824.000000 1312.000000 -1536.000000) (1824.000000 1312.000000 -1344.000000) 
4 29 32 (2112.000000 1248.000000 -1536.000000) (2176.000000 1248.000000 -1536.000000) (2176.000000 1248.000000 -1344.000000) (2112.000000 1248.000000 -1344.000000) 
4 30 33 (1888.000000 1248.000000 -1536.000000) (2048.000000 1248.000000 -1536.000000) (2048.000000 1248.000000 -1344.000000) (1888.000000 1248.000000 -1344.000000) 
4 31 33 (1696.000000 1248.000000 -1536.000000) (1824.000000 1248.000000 -1536.000000) (1824.000000 1248.000000 -1344.000000) (1696.000000 1248.000000 -1344.000000) 
4 32 100 (2176.000000 1056.000000 -1344.000000) (2112.000000 1056.000000 -1344.000000) (2112.000000 1056.000000 -1536.000000) (2176.000000 1056.000000 -1536.000000) 
4 32 33 (2112.000000 1248.000000 -1344.000000) (2112.000000 1248.000000 -1536.000000) (2112.000000 1120.000000 -1536.000000) (2112.000000 1120.000000 -1344.000000) 
4 33 39 (1696.000000 1248.000000 -1536.000000) (1696.000000 1120.000000 -1536.000000) (1696.000000 1120.000000 -1344.000000) (1696.000000 1248.000000 -1344.000000) 
4 33 34 (1696.000000 1120.000000 -1536.000000) (2048.000000 1120.000000 -1536.000000) (2048.000000 1120.000000 -1344.000000) (1696.000000 1120.000000 -1344.000000) 
4 34 100 (2048.000000 1056.000000 -1344.000000) (1696.000000 1056.000000 -1344.000000) (1696.000000 1056.000000 -1536.000000) (2048.000000 1056.000000 -1536.000000) 
4 34 39 (1696.000000 1120.000000 -1536.000000) (1696.000000 1056.000000 -1536.000000) (1696.000000 1056.000000 -1344.000000) (1696.000000 1120.000000 -1344.000000) 
4 35 36 (1376.000000 1632.000000 -1536.000000) (1376.000000 1440.000000 -1536.000000) (1376.000000 1440.000000 -1344.000000) (1376.000000 1632.000000 -1344.000000) 
3 36 44 (1184.000000 1504.946642 -1536.000000) (1184.000000 1440.000000 -1536.000000) (1184.000000 1440.000000 -1510.509097) 
6 36 43 (1184.000000 1444.506217 -1344.000000) (1184.000000 1632.000000 -1344.000000) (1184.000000 1632.000000 -1536.000000) (1184.000000 1504.946642 -1536.000000) (1184.000000 1440.000000 -1510.509097) (1184.000000 1440.000000 -1352.525895) 
3 36 46 (1184.000000 1440.000000 -1344.000000) (1184.000000 1444.506217 -1344.000000) (1184.000000 1440.000000 -1352.525895) 
4 37 38 (1632.000000 1376.000000 -1536.000000) (1632.000000 1312.000000 -1536.000000) (1632.000000 1312.000000 -1344.000000) (1632.000000 1376.000000 -1344.000000) 
4 38 40 (1504.000000 1376.000000 -1536.000000) (1504.000000 1312.000000 -1536.000000) (1504.000000 1312.000000 -1344.000000) (1504.000000 1376.000000 -1344.000000) 
4 38 39 (1504.000000 1248.000000 -1536.000000) (1632.000000 1248.000000 -1536.000000) (1632.000000 1248.000000 -1344.000000) (1504.000000 1248.000000 -1344.000000) 
4 39 100 (1504.000000 1056.000000 -1536.000000) (1696.000000 1056.000000 -1536.000000) (1696.000000 1056.000000 -1344.000000) (1504.000000 1056.000000 -1344.000000) 
4 39 41 (1504.000000 1248.000000 -1536.000000) (1504.000000 1120.000000 -1536.000000) (1504.000000 1120.000000 -1344.000000) (1504.000000 1248.000000 -1344.000000) 
4 40 42 (1440.000000 1376.000000 -1344.000000) (1440.000000 1376.000000 -1536.000000) (1440.000000 1312.000000 -1536.000000) (1440.000000 1312.000000 -1344.000000) 
4 41 42 (1440.000000 1248.000000 -1536.000000) (1440.000000 1120.000000 -1536.000000) (1440.000000 1120.000000 -1344.000000) (1440.000000 1248.000000 -1344.000000) 
4 42 100 (1376.000000 1056.000000 -1536.000000) (1440.000000 1056.000000 -1536.000000) (1440.000000 1056.000000 -1344.000000) (1376.000000 1056.000000 -1344.000000) 
3 43 49 (993.836213 1248.000000 -1473.949896) (992.000000 1248.000000 -1471.614645) (992.000000 1248.000000 -1474.324536) 
4 43 45 (1018.040243 1267.999532 -1476.861195) (1184.000000 1375.221917 -1485.084351) (1184.000000 1370.846196 -1483.366925) (1020.090000 1264.960000 -1475.250000) 
4 43 44 (992.000000 1251.175592 -1475.570924) (992.000000 1405.138969 -1536.000000) (1184.000000 1504.946642 -1536.000000) (1184.000000 1375.221917 -1485.084351) 
5 43 46 (1184.000000 1478.332330 -1280.000000) (992.000000 1349.274667 -1280.000000) (992.000000 1248.000000 -1471.614645) (993.836213 1248.000000 -1473.949896) (1184.000000 1370.846196 -1483.366925) 
4 44 51 (992.000000 1248.000000 -1536.000000) (1028.025984 1248.000000 -1536.000000) (1028.431130 1248.000000 -1527.930057) (992.000000 1248.000000 -1481.580732) 
4 44 50 (1028.025984 1248.000000 -1536.000000) (1032.725967 1248.000000 -1536.000000) (1034.491082 1248.000000 -1535.639800) (1028.431130 1248.000000 -1527.930057) 
6 44 45 (1028.431130 1248.000000 -1527.930057) (1034.491082 1248.000000 -1535.639800) (1041.751296 1252.690396 -1536.000000) (1184.000000 1348.318002 -1536.000000) (1184.000000 1375.221917 -1485.084351) (1018.040243 1267.999532 -1476.861195) 
3 44 54 (1032.725967 1248.000000 -1536.000000) (1041.751296 1252.690396 -1536.000000) (1034.491082 1248.000000 -1535.639800) 
4 45 50 (1034.491082 1248.000000 -1535.639800) (1041.257419 1248.000000 -1534.259023) (1028.902250 1248.000000 -1518.546022) (1028.431130 1248.000000 -1527.930057) 
6 45 46 (1028.902250 1248.000000 -1518.546022) (1041.257419 1248.000000 -1534.259023) (1076.368881 1270.680895 -1536.000000) (1184.000000 1343.027877 -1536.000000) (1184.000000 1370.846196 -1483.366925) (1020.090000 1264.960000 -1475.250000) 
4 45 54 (1041.751296 1252.690396 -1536.000000) (1076.368881 1270.680895 -1536.000000) (1041.257419 1248.000000 -1534.259023) (1034.491082 1248.000000 -1535.639800) 
4 46 53 (1041.257419 1248.000000 -1534.259023) (1184.000000 1248.000000 -1505.130148) (1184.000000 1248.000000 -1435.151029) (993.836213 1248.000000 -1473.949896) 
5 46 49 (1184.000000 1248.000000 -1435.151029) (1184.000000 1248.000000 -1344.000000) (992.000000 1248.000000 -1344.000000) (992.000000 1248.000000 -1471.614645) (993.836213 1248.000000 -1473.949896) 
4 46 48 (1184.000000 1248.000000 -1344.000000) (1184.000000 1248.000000 -1312.000000) (992.000000 1248.000000 -1312.000000) (992.000000 1248.000000 -1344.000000) 
4 46 47 (1184.000000 1248.000000 -1312.000000) (1184.000000 1248.000000 -1280.000000) (992.000000 1248.000000 -1280.000000) (992.000000 1248.000000 -1312.000000) 
4 46 54 (1076.368881 1270.680895 -1536.000000) (1184.000000 1326.615979 -1536.000000) (1184.000000 1248.000000 -1505.130148) (1041.257419 1248.000000 -1534.259023) 
4 47 129 (992.000000 1056.000000 -1312.000000) (1184.000000 1056.000000 -1312.000000) (1184.000000 1056.000000 -1280.000000) (992.000000 1056.000000 -1280.000000) 
4 47 48 (992.000000 1248.000000 -1312.000000) (1184.000000 1248.000000 -1312.000000) (1184.000000 1056.000000 -1312.000000) (992.000000 1056.000000 -1312.000000) 
4 48 129 (992.000000 1056.000000 -1344.000000) (1184.000000 1056.000000 -1344.000000) (1184.000000 1056.000000 -1312.000000) (992.000000 1056.000000 -1312.000000) 
4 48 49 (992.000000 1248.000000 -1344.000000) (1184.000000 1248.000000 -1344.000000) (1184.000000 1056.000000 -1344.000000) (992.000000 1056.000000 -1344.000000) 
4 49 129 (992.000000 1056.000000 -1398.966469) (1184.000000 1056.000000 -1359.792962) (1184.000000 1056.000000 -1344.000000) (992.000000 1056.000000 -1344.000000) 
5 49 61 (608.000000 1248.000000 -1536.000000) (608.000000 1205.523622 -1536.000000) (608.000000 1184.000000 -1527.552195) (608.000000 1184.000000 -1344.000000) (608.000000 1248.000000 -1344.000000) 
4 49 64 (608.000000 1184.000000 -1527.552195) (608.000000 1056.000000 -1477.313483) (608.000000 1056.000000 -1344.000000) (608.000000 1184.000000 -1344.000000) 
4 49 52 (966.375000 1230.260000 -1472.590000) (696.623533 1056.000000 -1459.231741) (689.905489 1056.000000 -1460.602414) (964.332000 1233.300000 -1474.200000) 
5 49 51 (608.000000 1056.000000 -1477.313483) (608.000000 1205.523622 -1536.000000) (689.711799 1248.000000 -1536.000000) (987.084790 1248.000000 -1475.327380) (689.905489 1056.000000 -1460.602414) 
4 49 53 (993.836213 1248.000000 -1473.949896) (1184.000000 1248.000000 -1435.151029) (1184.000000 1056.000000 -1359.792962) (696.623533 1056.000000 -1459.231741) 
4 50 51 (1028.431130 1248.000000 -1527.930057) (1028.025984 1248.000000 -1536.000000) (1029.209681 1246.172612 -1536.000000) (1029.954018 1245.068871 -1535.414704) 
3 50 53 (1032.007038 1242.024546 -1533.800349) (1041.257419 1248.000000 -1534.259023) (1028.902250 1248.000000 -1518.546022) 
4 50 54 (1029.209681 1246.172612 -1536.000000) (1032.725967 1248.000000 -1536.000000) (1041.257419 1248.000000 -1534.259023) (1032.007038 1242.024546 -1533.800349) 
3 51 61 (608.000000 1205.523622 -1536.000000) (608.000000 1184.000000 -1536.000000) (608.000000 1184.000000 -1527.552195) 
4 51 64 (608.000000 1184.000000 -1536.000000) (608.000000 1056.000000 -1536.000000) (608.000000 1056.000000 -1477.313483) (608.000000 1184.000000 -1527.552195) 
4 51 52 (964.332000 1233.300000 -1474.200000) (689.905489 1056.000000 -1460.602414) (737.296298 1056.000000 -1520.895137) (976.244000 1210.370000 -1532.750000) 
4 51 54 (663.276717 1056.000000 -1536.000000) (1029.209681 1246.172612 -1536.000000) (1029.954018 1245.068871 -1535.414704) (737.296298 1056.000000 -1520.895137) 
4 52 53 (696.623533 1056.000000 -1459.231741) (744.029252 1056.000000 -1519.521171) (978.290255 1207.325202 -1531.136840) (966.375000 1230.260000 -1472.590000) 
4 52 54 (978.290255 1207.325202 -1531.136840) (744.029252 1056.000000 -1519.521171) (737.296298 1056.000000 -1520.895137) (976.244000 1210.370000 -1532.750000) 
4 53 129 (992.000000 1056.000000 -1468.918829) (1184.000000 1056.000000 -1429.738201) (1184.000000 1056.000000 -1359.792962) (992.000000 1056.000000 -1398.966469) 
4 53 54 (1041.257419 1248.000000 -1534.259023) (1184.000000 1248.000000 -1505.130148) (1184.000000 1056.000000 -1429.738201) (744.029252 1056.000000 -1519.521171) 
4 54 129 (992.000000 1056.000000 -1536.000000) (1184.000000 1056.000000 -1536.000000) (1184.000000 1056.000000 -1429.738201) (992.000000 1056.000000 -1468.918829) 
4 55 133 (256.000000 1056.000000 -1312.000000) (416.000000 1056.000000 -1312.000000) (416.000000 1056.000000 -1120.000000) (256.000000 1056.000000 -1120.000000) 
4 55 58 (256.000000 1248.000000 -1312.000000) (256.000000 1120.000000 -1312.000000) (256.000000 1120.000000 -1120.000000) (256.000000 1248.000000 -1120.000000) 
4 55 57 (256.000000 1440.000000 -1312.000000) (256.000000 1312.000000 -1312.000000) (256.000000 1312.000000 -1120.000000) (256.000000 1440.000000 -1120.000000) 
4 55 56 (256.000000 1632.000000 -1312.000000) (256.000000 1504.000000 -1312.000000) (256.000000 1504.000000 -1120.000000) (256.000000 1632.000000 -1120.000000) 
4 56 59 (192.000000 1632.000000 -1120.000000) (192.000000 1632.000000 -1312.000000) (192.000000 1504.000000 -1312.000000) (192.000000 1504.000000 -1120.000000) 
4 57 59 (192.000000 1440.000000 -1312.000000) (192.000000 1312.000000 -1312.000000) (192.000000 1312.000000 -1120.000000) (192.000000 1440.000000 -1120.000000) 
4 58 59 (192.000000 1248.000000 -1312.000000) (192.000000 1120.000000 -1312.000000) (192.000000 1120.000000 -1120.000000) (192.000000 1248.000000 -1120.000000) 
4 59 137 (-96.000000 1056.000000 -1120.000000) (-96.000000 1056.000000 -1312.000000) (192.000000 1056.000000 -1312.000000) (192.000000 1056.000000 -1120.000000) 
4 59 65 (-96.000000 1056.000000 -1312.000000) (-96.000000 1056.000000 -1120.000000) (-96.000000 1632.000000 -1120.000000) (-96.000000 1632.000000 -1312.000000) 
4 60 66 (-96.000000 1248.000000 -1344.000000) (-96.000000 1824.000000 -1344.000000) (-96.000000 1824.000000 -1536.000000) (-96.000000 1248.000000 -1536.000000) 
4 60 63 (-96.000000 1248.000000 -1344.000000) (-96.000000 1248.000000 -1536.000000) (32.000000 1248.000000 -1536.000000) (32.000000 1248.000000 -1344.000000) 
4 60 62 (96.000000 1248.000000 -1536.000000) (224.000000 1248.000000 -1536.000000) (224.000000 1248.000000 -1344.000000) (96.000000 1248.000000 -1344.000000) 
4 60 61 (288.000000 1248.000000 -1536.000000) (608.000000 1248.000000 -1536.000000) (608.000000 1248.000000 -1344.000000) (288.000000 1248.000000 -1344.000000) 
4 61 64 (288.000000 1184.000000 -1536.000000) (608.000000 1184.000000 -1536.000000) (608.000000 1184.000000 -1344.000000) (288.000000 1184.000000 -1344.000000) 
4 62 64 (96.000000 1184.000000 -1536.000000) (224.000000 1184.000000 -1536.000000) (224.000000 1184.000000 -1344.000000) (96.000000 1184.000000 -1344.000000) 
4 63 64 (-96.000000 1184.000000 -1536.000000) (32.000000 1184.000000 -1536.000000) (32.000000 1184.000000 -1344.000000) (-96.000000 1184.000000 -1344.000000) 
4 64 141 (-96.000000 1056.000000 -1344.000000) (-96.000000 1056.000000 -1536.000000) (608.000000 1056.000000 -1536.000000) (608.000000 1056.000000 -1344.000000) 
4 64 70 (-96.000000 1056.000000 -1536.000000) (-96.000000 1056.000000 -1344.000000) (-96.000000 1184.000000 -1344.000000) (-96.000000 1184.000000 -1536.000000) 
4 65 164 (-736.000000 1056.000000 -1120.000000) (-736.000000 1056.000000 -1312.000000) (-672.000000 1056.000000 -1312.000000) (-672.000000 1056.000000 -1120.000000) 
4 65 162 (-672.000000 1056.000000 -1312.000000) (-608.000000 1056.000000 -1312.000000) (-608.000000 1056.000000 -1120.000000) (-672.000000 1056.000000 -1120.000000) 
4 65 161 (-608.000000 1056.000000 -1312.000000) (-352.000000 1056.000000 -1312.000000) (-352.000000 1056.000000 -1120.000000) (-608.000000 1056.000000 -1120.000000) 
4 65 138 (-288.000000 1056.000000 -1312.000000) (-224.000000 1056.000000 -1312.000000) (-224.000000 1056.000000 -1120.000000) (-288.000000 1056.000000 -1120.000000) 
4 65 140 (-352.000000 1056.000000 -1312.000000) (-288.000000 1056.000000 -1312.000000) (-288.000000 1056.000000 -1120.000000) (-352.000000 1056.000000 -1120.000000) 
4 65 137 (-224.000000 1056.000000 -1312.000000) (-96.000000 1056.000000 -1312.000000) (-96.000000 1056.000000 -1120.000000) (-224.000000 1056.000000 -1120.000000) 
4 66 72 (-736.000000 1440.000000 -1536.000000) (-736.000000 1248.000000 -1536.000000) (-736.000000 1248.000000 -1344.000000) (-736.000000 1440.000000 -1344.000000) 
4 66 71 (-736.000000 1824.000000 -1536.000000) (-736.000000 1440.000000 -1536.000000) (-736.000000 1440.000000 -1344.000000) (-736.000000 1824.000000 -1344.000000) 
4 66 69 (-736.000000 1248.000000 -1344.000000) (-736.000000 1248.000000 -1536.000000) (-544.000000 1248.000000 -1536.000000) (-544.000000 1248.000000 -1344.000000) 
4 66 67 (-288.000000 1248.000000 -1536.000000) (-160.000000 1248.000000 -1536.000000) (-160.000000 1248.000000 -1344.000000) (-288.000000 1248.000000 -1344.000000) 
4 66 68 (-480.000000 1248.000000 -1536.000000) (-352.000000 1248.000000 -1536.000000) (-352.000000 1248.000000 -1344.000000) (-480.000000 1248.000000 -1344.000000) 
4 67 70 (-288.000000 1184.000000 -1536.000000) (-160.000000 1184.000000 -1536.000000) (-160.000000 1184.000000 -1344.000000) (-288.000000 1184.000000 -1344.000000) 
4 68 70 (-480.000000 1184.000000 -1536.000000) (-352.000000 1184.000000 -1536.000000) (-352.000000 1184.000000 -1344.000000) (-480.000000 1184.000000 -1344.000000) 
4 69 72 (-736.000000 1248.000000 -1536.000000) (-736.000000 1184.000000 -1536.000000) (-736.000000 1184.000000 -1344.000000) (-736.000000 1248.000000 -1344.000000) 
4 69 70 (-736.000000 1184.000000 -1536.000000) (-544.000000 1184.000000 -1536.000000) (-544.000000 1184.000000 -1344.000000) (-736.000000 1184.000000 -1344.000000) 
4 70 172 (-672.000000 1056.000000 -1536.000000) (-608.000000 1056.000000 -1536.000000) (-608.000000 1056.000000 -1344.000000) (-672.000000 1056.000000 -1344.000000) 
4 70 171 (-608.000000 1056.000000 -1536.000000) (-544.000000 1056.000000 -1536.000000) (-544.000000 1056.000000 -1344.000000) (-608.000000 1056.000000 -1344.000000) 
4 70 174 (-736.000000 1056.000000 -1344.000000) (-736.000000 1056.000000 -1536.000000) (-672.000000 1056.000000 -1536.000000) (-672.000000 1056.000000 -1344.000000) 
4 70 168 (-544.000000 1056.000000 -1536.000000) (-352.000000 1056.000000 -1536.000000) (-352.000000 1056.000000 -1344.000000) (-544.000000 1056.000000 -1344.000000) 
4 70 146 (-352.000000 1056.000000 -1536.000000) (-288.000000 1056.000000 -1536.000000) (-288.000000 1056.000000 -1344.000000) (-352.000000 1056.000000 -1344.000000) 
4 70 142 (-288.000000 1056.000000 -1536.000000) (-224.000000 1056.000000 -1536.000000) (-224.000000 1056.000000 -1344.000000) (-288.000000 1056.000000 -1344.000000) 
4 70 141 (-224.000000 1056.000000 -1536.000000) (-96.000000 1056.000000 -1536.000000) (-96.000000 1056.000000 -1344.000000) (-224.000000 1056.000000 -1344.000000) 
4 70 72 (-736.000000 1184.000000 -1536.000000) (-736.000000 1056.000000 -1536.000000) (-736.000000 1056.000000 -1344.000000) (-736.000000 1184.000000 -1344.000000) 
4 71 79 (-1312.000000 1440.000000 -1344.000000) (-1312.000000 1824.000000 -1344.000000) (-1312.000000 1824.000000 -1536.000000) (-1312.000000 1440.000000 -1536.000000) 
4 71 73 (-1120.000000 1440.000000 -1536.000000) (-992.000000 1440.000000 -1536.000000) (-992.000000 1440.000000 -1344.000000) (-1120.000000 1440.000000 -1344.000000) 
4 71 75 (-1312.000000 1440.000000 -1344.000000) (-1312.000000 1440.000000 -1536.000000) (-1184.000000 1440.000000 -1536.000000) (-1184.000000 1440.000000 -1344.000000) 
4 71 72 (-928.000000 1440.000000 -1536.000000) (-736.000000 1440.000000 -1536.000000) (-736.000000 1440.000000 -1344.000000) (-928.000000 1440.000000 -1344.000000) 
4 72 174 (-928.000000 1056.000000 -1536.000000) (-736.000000 1056.000000 -1536.000000) (-736.000000 1056.000000 -1344.000000) (-928.000000 1056.000000 -1344.000000) 
4 72 77 (-928.000000 1120.000000 -1536.000000) (-928.000000 1056.000000 -1536.000000) (-928.000000 1056.000000 -1344.000000) (-928.000000 1120.000000 -1344.000000) 
4 72 76 (-928.000000 1216.000000 -1536.000000) (-928.000000 1120.000000 -1536.000000) (-928.000000 1120.000000 -1344.000000) (-928.000000 1216.000000 -1344.000000) 
4 73 74 (-1120.000000 1376.000000 -1536.000000) (-992.000000 1376.000000 -1536.000000) (-992.000000 1376.000000 -1344.000000) (-1120.000000 1376.000000 -1344.000000) 
4 74 75 (-1184.000000 1376.000000 -1536.000000) (-1184.000000 1248.000000 -1536.000000) (-1184.000000 1248.000000 -1344.000000) (-1184.000000 1376.000000 -1344.000000) 
4 75 83 (-1312.000000 1248.000000 -1344.000000) (-1312.000000 1376.000000 -1344.000000) (-1312.000000 1376.000000 -1536.000000) (-1312.000000 1248.000000 -1536.000000) 
4 76 77 (-992.000000 1120.000000 -1536.000000) (-928.000000 1120.000000 -1536.000000) (-928.000000 1120.000000 -1344.000000) (-992.000000 1120.000000 -1344.000000) 
4 76 78 (-1312.000000 1120.000000 -1344.000000) (-1312.000000 1120.000000 -1536.000000) (-1056.000000 1120.000000 -1536.000000) (-1056.000000 1120.000000 -1344.000000) 
4 77 174 (-992.000000 1056.000000 -1536.000000) (-928.000000 1056.000000 -1536.000000) (-928.000000 1056.000000 -1344.000000) (-992.000000 1056.000000 -1344.000000) 
4 78 178 (-1312.000000 1056.000000 -1344.000000) (-1312.000000 1056.000000 -1536.000000) (-1056.000000 1056.000000 -1536.000000) (-1056.000000 1056.000000 -1344.000000) 
4 79 84 (-1888.000000 1440.000000 -1344.000000) (-1888.000000 1824.000000 -1344.000000) (-1888.000000 1824.000000 -1536.000000) (-1888.000000 1440.000000 -1536.000000) 
4 79 81 (-1696.000000 1440.000000 -1536.000000) (-1568.000000 1440.000000 -1536.000000) (-1568.000000 1440.000000 -1344.000000) (-1696.000000 1440.000000 -1344.000000) 
4 79 80 (-1504.000000 1440.000000 -1536.000000) (-1376.000000 1440.000000 -1536.000000) (-1376.000000 1440.000000 -1344.000000) (-1504.000000 1440.000000 -1344.000000) 
4 79 82 (-1888.000000 1440.000000 -1344.000000) (-1888.000000 1440.000000 -1536.000000) (-1760.000000 1440.000000 -1536.000000) (-1760.000000 1440.000000 -1344.000000) 
4 80 83 (-1504.000000 1376.000000 -1536.000000) (-1376.000000 1376.000000 -1536.000000) (-1376.000000 1376.000000 -1344.000000) (-1504.000000 1376.000000 -1344.000000) 
4 81 83 (-1696.000000 1376.000000 -1536.000000) (-1568.000000 1376.000000 -1536.000000) (-1568.000000 1376.000000 -1344.000000) (-1696.000000 1376.000000 -1344.000000) 
4 82 83 (-1888.000000 1376.000000 -1536.000000) (-1760.000000 1376.000000 -1536.000000) (-1760.000000 1376.000000 -1344.000000) (-1888.000000 1376.000000 -1344.000000) 
4 83 88 (-1888.000000 1248.000000 -1344.000000) (-1888.000000 1376.000000 -1344.000000) (-1888.000000 1376.000000 -1536.000000) (-1888.000000 1248.000000 -1536.000000) 
4 84 90 (-2464.000000 1632.000000 -1536.000000) (-2464.000000 1440.000000 -1536.000000) (-2464.000000 1440.000000 -1344.000000) (-2464.000000 1632.000000 -1344.000000) 
4 84 86 (-2272.000000 1440.000000 -1536.000000) (-2144.000000 1440.000000 -1536.000000) (-2144.000000 1440.000000 -1344.000000) (-2272.000000 1440.000000 -1344.000000) 
4 84 87 (-2464.000000 1440.000000 -1344.000000) (-2464.000000 1440.000000 -1536.000000) (-2336.000000 1440.000000 -1536.000000) (-2336.000000 1440.000000 -1344.000000) 
4 84 85 (-2080.000000 1440.000000 -1536.000000) (-1952.000000 1440.000000 -1536.000000) (-1952.000000 1440.000000 -1344.000000) (-2080.000000 1440.000000 -1344.000000) 
4 85 88 (-2080.000000 1376.000000 -1536.000000) (-1952.000000 1376.000000 -1536.000000) (-1952.000000 1376.000000 -1344.000000) (-2080.000000 1376.000000 -1344.000000) 
4 86 88 (-2272.000000 1376.000000 -1536.000000) (-2144.000000 1376.000000 -1536.000000) (-2144.000000 1376.000000 -1344.000000) (-2272.000000 1376.000000 -1344.000000) 
4 87 88 (-2464.000000 1376.000000 -1536.000000) (-2336.000000 1376.000000 -1536.000000) (-2336.000000 1376.000000 -1344.000000) (-2464.000000 1376.000000 -1344.000000) 
4 89 93 (-3040.000000 1632.000000 -1359.895690) (-3040.000000 1632.000000 -1429.738489) (-2848.000000 1632.000000 -1468.917082) (-2848.000000 1632.000000 -1399.031146) 
4 89 92 (-3040.000000 1632.000000 -1344.000000) (-3040.000000 1632.000000 -1359.895690) (-2848.000000 1632.000000 -1399.031146) (-2848.000000 1632.000000 -1344.000000) 
4 89 99 (-3040.000000 1632.000000 -1429.738489) (-3040.000000 1632.000000 -1536.000000) (-2848.000000 1632.000000 -1536.000000) (-2848.000000 1632.000000 -1468.917082) 
3 90 96 (-2496.000000 1632.000000 -1536.000000) (-2496.000000 1465.686367 -1536.000000) (-2496.000000 1632.000000 -1470.779481) 
5 90 91 (-2496.000000 1465.686367 -1536.000000) (-2496.000000 1440.000000 -1536.000000) (-2496.000000 1440.000000 -1344.000000) (-2496.000000 1632.000000 -1344.000000) (-2496.000000 1632.000000 -1470.779481) 
5 91 96 (-2496.000000 1465.686367 -1536.000000) (-2545.418541 1440.000000 -1536.000000) (-2843.083228 1440.000000 -1475.326859) (-2545.898213 1632.000000 -1460.608703) (-2496.000000 1632.000000 -1470.779481) 
4 91 94 (-2822.380000 1457.740000 -1472.590000) (-2552.653643 1632.000000 -1459.231741) (-2545.898213 1632.000000 -1460.608703) (-2820.330000 1454.700000 -1474.200000) 
3 91 93 (-2848.000000 1441.187887 -1473.858836) (-2848.000000 1632.000000 -1399.031146) (-2552.653643 1632.000000 -1459.231741) 
4 91 92 (-2848.000000 1632.000000 -1344.000000) (-2848.000000 1632.000000 -1399.031146) (-2848.000000 1440.000000 -1474.324671) (-2848.000000 1440.000000 -1344.000000) 
4 92 98 (-2848.000000 1408.000000 -1344.000000) (-3040.000000 1408.000000 -1344.000000) (-3040.000000 1408.000000 -1447.738136) (-2848.000000 1408.000000 -1486.873591) 
3 92 97 (-2848.000000 1408.000000 -1486.873591) (-2892.614063 1408.000000 -1477.779885) (-2848.000000 1436.823459 -1475.570363) 
4 92 95 (-2892.614063 1408.000000 -1477.779885) (-2899.369493 1408.000000 -1476.402922) (-2876.090000 1423.040000 -1475.250000) (-2874.040000 1420.000000 -1476.860000) 
5 92 93 (-2899.369493 1408.000000 -1476.402922) (-3040.000000 1408.000000 -1447.738136) (-3040.000000 1632.000000 -1359.895690) (-2848.000000 1632.000000 -1399.031146) (-2848.000000 1441.187887 -1473.858836) 
5 93 98 (-3040.000000 1408.000000 -1517.697354) (-2950.305403 1408.000000 -1536.000000) (-2946.227547 1408.000000 -1536.000000) (-2899.369493 1408.000000 -1476.402922) (-3040.000000 1408.000000 -1447.738136) 
4 93 94 (-2834.293543 1480.675100 -1531.135234) (-2600.049386 1632.000000 -1519.512687) (-2552.653643 1632.000000 -1459.231741) (-2822.380000 1457.740000 -1472.590000) 
5 93 95 (-2899.369493 1408.000000 -1476.402922) (-2946.227547 1408.000000 -1536.000000) (-2932.339432 1417.336126 -1536.000000) (-2888.007038 1445.975454 -1533.800349) (-2876.090000 1423.040000 -1475.250000) 
5 93 99 (-3040.000000 1632.000000 -1429.738489) (-2600.049386 1632.000000 -1519.512687) (-2932.339432 1417.336126 -1536.000000) (-2950.305403 1408.000000 -1536.000000) (-3040.000000 1408.000000 -1517.697354) 
4 94 96 (-2545.898213 1632.000000 -1460.608703) (-2820.330000 1454.700000 -1474.200000) (-2832.240000 1477.630000 -1532.750000) (-2593.282171 1632.000000 -1520.893572) 
4 94 99 (-2600.049386 1632.000000 -1519.512687) (-2593.282171 1632.000000 -1520.893572) (-2832.240000 1477.630000 -1532.750000) (-2834.293543 1480.675100 -1531.135234) 
4 95 98 (-2946.227547 1408.000000 -1536.000000) (-2938.375123 1408.000000 -1536.000000) (-2892.614063 1408.000000 -1477.779885) (-2899.369493 1408.000000 -1476.402922) 
6 95 97 (-2874.040000 1420.000000 -1476.860000) (-2892.614063 1408.000000 -1477.779885) (-2938.375123 1408.000000 -1536.000000) (-2897.741427 1435.315189 -1536.000000) (-2890.489550 1440.000000 -1535.640182) (-2884.431026 1440.000000 -1527.932143) 
3 95 96 (-2890.489550 1440.000000 -1535.640182) (-2885.953495 1442.930354 -1535.415115) (-2884.431026 1440.000000 -1527.932143) 
4 95 99 (-2885.953495 1442.930354 -1535.415115) (-2897.741427 1435.315189 -1536.000000) (-2932.339432 1417.336126 -1536.000000) (-2888.007038 1445.975454 -1533.800349) 
4 96 97 (-2848.000000 1440.000000 -1481.582288) (-2890.489550 1440.000000 -1535.640182) (-2888.726213 1440.000000 -1536.000000) (-2848.000000 1440.000000 -1536.000000) 
4 96 99 (-2593.282171 1632.000000 -1520.893572) (-2519.251076 1632.000000 -1536.000000) (-2888.726213 1440.000000 -1536.000000) (-2890.489550 1440.000000 -1535.640182) 
4 97 98 (-2938.375123 1408.000000 -1536.000000) (-2848.000000 1408.000000 -1536.000000) (-2848.000000 1408.000000 -1486.873591) (-2892.614063 1408.000000 -1477.779885) 
3 97 99 (-2888.726213 1440.000000 -1536.000000) (-2897.741427 1435.315189 -1536.000000) (-2890.489550 1440.000000 -1535.640182) 
3 98 99 (-2950.305403 1408.000000 -1536.000000) (-3040.000000 1361.389658 -1536.000000) (-3040.000000 1408.000000 -1517.697354) 
4 100 102 (2048.000000 928.000000 -1344.000000) (1504.000000 928.000000 -1344.000000) (1504.000000 928.000000 -1536.000000) (2048.000000 928.000000 -1536.000000) 
4 100 101 (2176.000000 928.000000 -1536.000000) (2176.000000 928.000000 -1344.000000) (2112.000000 928.000000 -1344.000000) (2112.000000 928.000000 -1536.000000) 
4 100 103 (1440.000000 928.000000 -1344.000000) (1376.000000 928.000000 -1344.000000) (1376.000000 928.000000 -1536.000000) (1440.000000 928.000000 -1536.000000) 
4 101 104 (2112.000000 864.000000 -1536.000000) (2176.000000 864.000000 -1536.000000) (2176.000000 864.000000 -1344.000000) (2112.000000 864.000000 -1344.000000) 
4 102 104 (1504.000000 864.000000 -1536.000000) (2048.000000 864.000000 -1536.000000) (2048.000000 864.000000 -1344.000000) (1504.000000 864.000000 -1344.000000) 
4 103 104 (1376.000000 864.000000 -1344.000000) (1376.000000 864.000000 -1536.000000) (1440.000000 864.000000 -1536.000000) (1440.000000 864.000000 -1344.000000) 
4 104 108 (1376.000000 736.000000 -1536.000000) (1760.000000 736.000000 -1536.000000) (1760.000000 736.000000 -1344.000000) (1376.000000 736.000000 -1344.000000) 
4 104 107 (1760.000000 736.000000 -1536.000000) (1792.000000 736.000000 -1536.000000) (1792.000000 736.000000 -1344.000000) (1760.000000 736.000000 -1344.000000) 
4 104 106 (1792.000000 736.000000 -1536.000000) (2048.000000 736.000000 -1536.000000) (2048.000000 736.000000 -1344.000000) (1792.000000 736.000000 -1344.000000) 
4 104 105 (2112.000000 736.000000 -1536.000000) (2176.000000 736.000000 -1536.000000) (2176.000000 736.000000 -1344.000000) (2112.000000 736.000000 -1344.000000) 
4 105 110 (2112.000000 672.000000 -1536.000000) (2176.000000 672.000000 -1536.000000) (2176.000000 672.000000 -1344.000000) (2112.000000 672.000000 -1344.000000) 
4 106 112 (1792.000000 672.000000 -1536.000000) (2048.000000 672.000000 -1536.000000) (2048.000000 672.000000 -1344.000000) (1792.000000 672.000000 -1344.000000) 
4 106 107 (1792.000000 736.000000 -1344.000000) (1792.000000 736.000000 -1536.000000) (1792.000000 680.000000 -1536.000000) (1792.000000 680.000000 -1344.000000) 
4 107 108 (1760.000000 736.000000 -1344.000000) (1760.000000 736.000000 -1536.000000) (1760.000000 680.000000 -1536.000000) (1760.000000 680.000000 -1344.000000) 
4 108 109 (1568.000000 680.000000 -1472.000000) (1760.000000 680.000000 -1472.000000) (1760.000000 680.000000 -1408.000000) (1568.000000 680.000000 -1408.000000) 
4 109 113 (1760.000000 672.000000 -1472.000000) (1760.000000 672.000000 -1408.000000) (1568.000000 672.000000 -1408.000000) (1568.000000 672.000000 -1472.000000) 
4 110 124 (2112.000000 480.000000 -1536.000000) (2176.000000 480.000000 -1536.000000) (2176.000000 480.000000 -1344.000000) (2112.000000 480.000000 -1344.000000) 
4 110 111 (2112.000000 544.000000 -1344.000000) (2112.000000 672.000000 -1344.000000) (2112.000000 672.000000 -1536.000000) (2112.000000 544.000000 -1536.000000) 
4 111 112 (2048.000000 544.000000 -1344.000000) (2048.000000 672.000000 -1344.000000) (2048.000000 672.000000 -1536.000000) (2048.000000 544.000000 -1536.000000) 
4 112 125 (1792.000000 480.000000 -1536.000000) (2048.000000 480.000000 -1536.000000) (2048.000000 480.000000 -1344.000000) (1792.000000 480.000000 -1344.000000) 
4 113 128 (1760.000000 480.000000 -1280.000000) (1376.000000 480.000000 -1280.000000) (1376.000000 480.000000 -1484.000000) (1760.000000 480.000000 -1484.000000) 
4 113 114 (1376.000000 576.000000 -1484.000000) (1376.000000 672.000000 -1484.000000) (1568.000000 672.000000 -1484.000000) (1568.000000 576.000000 -1484.000000) 
4 113 115 (1760.000000 480.000000 -1484.000000) (1376.000000 480.000000 -1484.000000) (1376.000000 576.000000 -1484.000000) (1760.000000 576.000000 -1484.000000) 
4 114 123 (1376.000000 576.000000 -1488.000000) (1376.000000 656.000000 -1488.000000) (1568.000000 656.000000 -1488.000000) (1568.000000 576.000000 -1488.000000) 
4 114 117 (1376.000000 656.000000 -1488.000000) (1376.000000 672.000000 -1488.000000) (1568.000000 672.000000 -1488.000000) (1568.000000 656.000000 -1488.000000) 
4 114 115 (1376.000000 576.000000 -1484.000000) (1376.000000 576.000000 -1488.000000) (1568.000000 576.000000 -1488.000000) (1568.000000 576.000000 -1484.000000) 
4 115 128 (1376.000000 480.000000 -1484.000000) (1376.000000 480.000000 -1488.000000) (1760.000000 480.000000 -1488.000000) (1760.000000 480.000000 -1484.000000) 
4 115 122 (1584.000000 576.000000 -1488.000000) (1600.000000 576.000000 -1488.000000) (1600.000000 480.000000 -1488.000000) (1584.000000 480.000000 -1488.000000) 
4 115 120 (1600.000000 576.000000 -1488.000000) (1728.000000 576.000000 -1488.000000) (1728.000000 480.000000 -1488.000000) (1600.000000 480.000000 -1488.000000) 
4 115 123 (1376.000000 480.000000 -1488.000000) (1376.000000 576.000000 -1488.000000) (1584.000000 576.000000 -1488.000000) (1584.000000 480.000000 -1488.000000) 
4 115 119 (1728.000000 576.000000 -1488.000000) (1744.000000 576.000000 -1488.000000) (1744.000000 480.000000 -1488.000000) (1728.000000 480.000000 -1488.000000) 
4 115 116 (1744.000000 576.000000 -1488.000000) (1760.000000 576.000000 -1488.000000) (1760.000000 480.000000 -1488.000000) (1744.000000 480.000000 -1488.000000) 
4 116 128 (1744.000000 480.000000 -1536.000000) (1760.000000 480.000000 -1536.000000) (1760.000000 480.000000 -1488.000000) (1744.000000 480.000000 -1488.000000) 
4 116 118 (1744.000000 608.000000 -1488.000000) (1744.000000 640.000000 -1488.000000) (1744.000000 640.000000 -1536.000000) (1744.000000 608.000000 -1536.000000) 
4 116 119 (1744.000000 480.000000 -1536.000000) (1744.000000 480.000000 -1488.000000) (1744.000000 592.000000 -1488.000000) (1744.000000 592.000000 -1536.000000) 
4 116 117 (1744.000000 656.000000 -1488.000000) (1744.000000 672.000000 -1488.000000) (1744.000000 672.000000 -1536.000000) (1744.000000 656.000000 -1536.000000) 
4 117 120 (1600.000000 656.000000 -1536.000000) (1728.000000 656.000000 -1536.000000) (1728.000000 656.000000 -1488.000000) (1600.000000 656.000000 -1488.000000) 
4 117 123 (1376.000000 656.000000 -1488.000000) (1376.000000 656.000000 -1536.000000) (1584.000000 656.000000 -1536.000000) (1584.000000 656.000000 -1488.000000) 
4 118 120 (1728.000000 640.000000 -1536.000000) (1728.000000 608.000000 -1536.000000) (1728.000000 608.000000 -1488.000000) (1728.000000 640.000000 -1488.000000) 
4 119 128 (1728.000000 480.000000 -1536.000000) (1744.000000 480.000000 -1536.000000) (1744.000000 480.000000 -1488.000000) (1728.000000 480.000000 -1488.000000) 
4 119 120 (1728.000000 592.000000 -1536.000000) (1728.000000 480.000000 -1536.000000) (1728.000000 480.000000 -1488.000000) (1728.000000 592.000000 -1488.000000) 
4 120 128 (1600.000000 480.000000 -1536.000000) (1728.000000 480.000000 -1536.000000) (1728.000000 480.000000 -1488.000000) (1600.000000 480.000000 -1488.000000) 
4 120 121 (1600.000000 640.000000 -1536.000000) (1600.000000 608.000000 -1536.000000) (1600.000000 608.000000 -1488.000000) (1600.000000 640.000000 -1488.000000) 
4 120 122 (1600.000000 592.000000 -1536.000000) (1600.000000 480.000000 -1536.000000) (1600.000000 480.000000 -1488.000000) (1600.000000 592.000000 -1488.000000) 
4 121 123 (1584.000000 640.000000 -1536.000000) (1584.000000 608.000000 -1536.000000) (1584.000000 608.000000 -1488.000000) (1584.000000 640.000000 -1488.000000) 
4 122 128 (1584.000000 480.000000 -1536.000000) (1600.000000 480.000000 -1536.000000) (1600.000000 480.000000 -1488.000000) (1584.000000 480.000000 -1488.000000) 
4 122 123 (1584.000000 592.000000 -1536.000000) (1584.000000 480.000000 -1536.000000) (1584.000000 480.000000 -1488.000000) (1584.000000 592.000000 -1488.000000) 
4 123 128 (1376.000000 480.000000 -1488.000000) (1376.000000 480.000000 -1536.000000) (1584.000000 480.000000 -1536.000000) (1584.000000 480.000000 -1488.000000) 
4 124 125 (2112.000000 480.000000 -1344.000000) (2112.000000 480.000000 -1536.000000) (2112.000000 352.000000 -1536.000000) (2112.000000 352.000000 -1344.000000) 
4 125 127 (1792.000000 416.000000 -1536.000000) (1792.000000 352.000000 -1536.000000) (1792.000000 352.000000 -1440.000000) (1792.000000 416.000000 -1440.000000) 
4 125 126 (1792.000000 352.000000 -1536.000000) (2048.000000 352.000000 -1536.000000) (2048.000000 352.000000 -1344.000000) (1792.000000 352.000000 -1344.000000) 
4 127 128 (1760.000000 416.000000 -1440.000000) (1760.000000 416.000000 -1536.000000) (1760.000000 352.000000 -1536.000000) (1760.000000 352.000000 -1440.000000) 
4 128 132 (1376.000000 288.000000 -1280.000000) (1376.000000 480.000000 -1280.000000) (1376.000000 480.000000 -1536.000000) (1376.000000 288.000000 -1536.000000) 
4 129 130 (1024.000000 672.000000 -1536.000000) (1152.000000 672.000000 -1536.000000) (1152.000000 672.000000 -1440.000000) (1024.000000 672.000000 -1440.000000) 
4 130 131 (1024.000000 640.000000 -1536.000000) (1152.000000 640.000000 -1536.000000) (1152.000000 640.000000 -1440.000000) (1024.000000 640.000000 -1440.000000) 
4 131 132 (992.000000 480.000000 -1536.000000) (1184.000000 480.000000 -1536.000000) (1184.000000 480.000000 -1280.000000) (992.000000 480.000000 -1280.000000) 
4 133 148 (416.000000 480.000000 -1120.000000) (256.000000 480.000000 -1120.000000) (256.000000 480.000000 -1312.000000) (416.000000 480.000000 -1312.000000) 
4 133 136 (256.000000 672.000000 -1312.000000) (256.000000 544.000000 -1312.000000) (256.000000 544.000000 -1120.000000) (256.000000 672.000000 -1120.000000) 
4 133 135 (256.000000 864.000000 -1312.000000) (256.000000 736.000000 -1312.000000) (256.000000 736.000000 -1120.000000) (256.000000 864.000000 -1120.000000) 
4 133 134 (256.000000 1056.000000 -1120.000000) (256.000000 1056.000000 -1312.000000) (256.000000 928.000000 -1312.000000) (256.000000 928.000000 -1120.000000) 
4 134 137 (192.000000 928.000000 -1120.000000) (192.000000 1056.000000 -1120.000000) (192.000000 1056.000000 -1312.000000) (192.000000 928.000000 -1312.000000) 
4 135 137 (192.000000 736.000000 -1120.000000) (192.000000 864.000000 -1120.000000) (192.000000 864.000000 -1312.000000) (192.000000 736.000000 -1312.000000) 
4 136 137 (192.000000 544.000000 -1120.000000) (192.000000 672.000000 -1120.000000) (192.000000 672.000000 -1312.000000) (192.000000 544.000000 -1312.000000) 
4 137 151 (192.000000 480.000000 -1120.000000) (-224.000000 480.000000 -1120.000000) (-224.000000 480.000000 -1312.000000) (192.000000 480.000000 -1312.000000) 
4 137 139 (-224.000000 672.000000 -1312.000000) (-224.000000 544.000000 -1312.000000) (-224.000000 544.000000 -1120.000000) (-224.000000 672.000000 -1120.000000) 
4 137 138 (-224.000000 1056.000000 -1120.000000) (-224.000000 1056.000000 -1312.000000) (-224.000000 736.000000 -1312.000000) (-224.000000 736.000000 -1120.000000) 
4 138 140 (-288.000000 736.000000 -1120.000000) (-288.000000 1056.000000 -1120.000000) (-288.000000 1056.000000 -1312.000000) (-288.000000 736.000000 -1312.000000) 
4 139 140 (-288.000000 544.000000 -1120.000000) (-288.000000 672.000000 -1120.000000) (-288.000000 672.000000 -1312.000000) (-288.000000 544.000000 -1312.000000) 
4 140 161 (-352.000000 1056.000000 -1120.000000) (-352.000000 1056.000000 -1312.000000) (-352.000000 480.000000 -1312.000000) (-352.000000 480.000000 -1120.000000) 
4 140 153 (-288.000000 480.000000 -1120.000000) (-352.000000 480.000000 -1120.000000) (-352.000000 480.000000 -1312.000000) (-288.000000 480.000000 -1312.000000) 
4 141 155 (608.000000 480.000000 -1479.529412) (608.000000 480.000000 -1344.000000) (-224.000000 480.000000 -1344.000000) (-224.000000 480.000000 -1479.529412) 
4 141 160 (608.000000 480.000000 -1536.000000) (608.000000 480.000000 -1479.529412) (-224.000000 480.000000 -1479.529412) (-224.000000 480.000000 -1536.000000) 
4 141 143 (-224.000000 672.000000 -1536.000000) (-224.000000 544.000000 -1536.000000) (-224.000000 544.000000 -1344.000000) (-224.000000 672.000000 -1344.000000) 
4 141 142 (-224.000000 1056.000000 -1536.000000) (-224.000000 736.000000 -1536.000000) (-224.000000 736.000000 -1344.000000) (-224.000000 1056.000000 -1344.000000) 
3 142 144 (-288.000000 736.000000 -1359.058824) (-288.000000 736.000000 -1344.000000) (-288.000000 768.000000 -1344.000000) 
5 142 146 (-288.000000 1056.000000 -1344.000000) (-288.000000 1056.000000 -1536.000000) (-288.000000 736.000000 -1536.000000) (-288.000000 736.000000 -1359.058824) (-288.000000 768.000000 -1344.000000) 
4 143 144 (-288.000000 544.000000 -1449.411765) (-288.000000 544.000000 -1344.000000) (-288.000000 672.000000 -1344.000000) (-288.000000 672.000000 -1389.176471) 
4 143 146 (-288.000000 672.000000 -1536.000000) (-288.000000 544.000000 -1536.000000) (-288.000000 544.000000 -1449.411765) (-288.000000 672.000000 -1389.176471) 
4 144 156 (-288.000000 480.000000 -1344.000000) (-320.000000 480.000000 -1344.000000) (-320.000000 480.000000 -1479.529412) (-288.000000 480.000000 -1479.529412) 
3 144 145 (-320.000000 480.000000 -1408.722592) (-320.000000 480.000000 -1344.000000) (-320.000000 617.270182 -1344.000000) 
4 144 146 (-320.000000 768.000000 -1344.000000) (-288.000000 768.000000 -1344.000000) (-288.000000 480.000000 -1479.529412) (-320.000000 480.000000 -1479.529412) 
3 145 167 (-352.000000 480.000000 -1408.722592) (-352.000000 480.000000 -1344.000000) (-352.000000 617.270182 -1344.000000) 
4 145 159 (-320.000000 480.000000 -1344.000000) (-352.000000 480.000000 -1344.000000) (-352.000000 480.000000 -1408.722592) (-320.000000 480.000000 -1408.722592) 
5 146 168 (-352.000000 1056.000000 -1344.000000) (-352.000000 1056.000000 -1536.000000) (-352.000000 480.000000 -1536.000000) (-352.000000 480.000000 -1479.758604) (-352.000000 768.000000 -1344.000000) 
4 146 160 (-352.000000 480.000000 -1479.529412) (-352.000000 480.000000 -1536.000000) (-288.000000 480.000000 -1536.000000) (-288.000000 480.000000 -1479.529412) 
4 147 158 (416.000000 -96.000000 -1344.000000) (416.000000 96.000000 -1344.000000) (608.000000 96.000000 -1344.000000) (608.000000 -96.000000 -1344.000000) 
4 148 150 (256.000000 288.000000 -1312.000000) (256.000000 160.000000 -1312.000000) (256.000000 160.000000 -1120.000000) (256.000000 288.000000 -1120.000000) 
4 148 149 (256.000000 480.000000 -1312.000000) (256.000000 352.000000 -1312.000000) (256.000000 352.000000 -1120.000000) (256.000000 480.000000 -1120.000000) 
4 149 151 (192.000000 480.000000 -1120.000000) (192.000000 480.000000 -1312.000000) (192.000000 352.000000 -1312.000000) (192.000000 352.000000 -1120.000000) 
4 150 151 (192.000000 288.000000 -1312.000000) (192.000000 160.000000 -1312.000000) (192.000000 160.000000 -1120.000000) (192.000000 288.000000 -1120.000000) 
4 151 152 (-224.000000 480.000000 -1312.000000) (-224.000000 352.000000 -1312.000000) (-224.000000 352.000000 -1120.000000) (-224.000000 480.000000 -1120.000000) 
4 151 154 (-224.000000 288.000000 -1312.000000) (-224.000000 96.000000 -1312.000000) (-224.000000 96.000000 -1120.000000) (-224.000000 288.000000 -1120.000000) 
4 152 153 (-288.000000 480.000000 -1312.000000) (-288.000000 352.000000 -1312.000000) (-288.000000 352.000000 -1120.000000) (-288.000000 480.000000 -1120.000000) 
4 153 179 (-352.000000 288.000000 -1120.000000) (-352.000000 480.000000 -1120.000000) (-352.000000 480.000000 -1312.000000) (-352.000000 288.000000 -1312.000000) 
4 153 154 (-352.000000 288.000000 -1120.000000) (-352.000000 288.000000 -1312.000000) (-288.000000 288.000000 -1312.000000) (-288.000000 288.000000 -1120.000000) 
4 154 181 (-352.000000 96.000000 -1120.000000) (-352.000000 288.000000 -1120.000000) (-352.000000 288.000000 -1312.000000) (-352.000000 96.000000 -1312.000000) 
5 155 156 (-224.000000 480.000000 -1344.000000) (-224.000000 480.000000 -1479.529412) (-224.000000 360.000000 -1536.000000) (-224.000000 352.000000 -1536.000000) (-224.000000 352.000000 -1344.000000) 
4 155 158 (-224.000000 288.000000 -1536.000000) (608.000000 288.000000 -1536.000000) (608.000000 288.000000 -1344.000000) (-224.000000 288.000000 -1344.000000) 
4 155 160 (-224.000000 480.000000 -1479.529412) (608.000000 480.000000 -1479.529412) (608.000000 360.000000 -1536.000000) (-224.000000 360.000000 -1536.000000) 
4 156 159 (-320.000000 480.000000 -1344.000000) (-320.000000 480.000000 -1408.722592) (-320.000000 352.000000 -1469.074313) (-320.000000 352.000000 -1344.000000) 
4 156 157 (-320.000000 352.000000 -1536.000000) (-288.000000 352.000000 -1536.000000) (-288.000000 352.000000 -1344.000000) (-320.000000 352.000000 -1344.000000) 
4 156 160 (-320.000000 480.000000 -1479.529412) (-224.000000 480.000000 -1479.529412) (-224.000000 360.000000 -1536.000000) (-320.000000 360.000000 -1536.000000) 
4 157 159 (-320.000000 288.000000 -1499.250174) (-320.000000 288.000000 -1344.000000) (-320.000000 352.000000 -1344.000000) (-320.000000 352.000000 -1469.074313) 
4 157 158 (-320.000000 288.000000 -1536.000000) (-288.000000 288.000000 -1536.000000) (-288.000000 288.000000 -1344.000000) (-320.000000 288.000000 -1344.000000) 
5 158 159 (-320.000000 210.057274 -1536.000000) (-320.000000 -96.000000 -1536.000000) (-320.000000 -96.000000 -1344.000000) (-320.000000 288.000000 -1344.000000) (-320.000000 288.000000 -1499.250174) 
5 159 184 (-352.000000 -96.000000 -1344.000000) (-352.000000 480.000000 -1344.000000) (-352.000000 480.000000 -1408.722592) (-352.000000 210.057274 -1536.000000) (-352.000000 -96.000000 -1536.000000) 
3 160 196 (-352.000000 480.000000 -1479.758604) (-352.000000 480.000000 -1536.000000) (-352.000000 360.688800 -1536.000000) 
4 161 179 (-608.000000 480.000000 -1312.000000) (-352.000000 480.000000 -1312.000000) (-352.000000 480.000000 -1120.000000) (-608.000000 480.000000 -1120.000000) 
4 161 166 (-352.000000 717.139000 -1312.000000) (-352.000000 480.000000 -1312.000000) (-544.000000 480.000000 -1312.000000) (-544.000000 717.139000 -1312.000000) 
4 161 165 (-352.000000 718.000000 -1312.000000) (-352.000000 717.139000 -1312.000000) (-544.000000 717.139000 -1312.000000) (-544.000000 718.000000 -1312.000000) 
4 161 163 (-608.000000 672.000000 -1312.000000) (-608.000000 544.000000 -1312.000000) (-608.000000 544.000000 -1120.000000) (-608.000000 672.000000 -1120.000000) 
4 161 162 (-608.000000 1056.000000 -1120.000000) (-608.000000 1056.000000 -1312.000000) (-608.000000 736.000000 -1312.000000) (-608.000000 736.000000 -1120.000000) 
4 162 164 (-672.000000 1056.000000 -1312.000000) (-672.000000 736.000000 -1312.000000) (-672.000000 736.000000 -1120.000000) (-672.000000 1056.000000 -1120.000000) 
4 163 164 (-672.000000 672.000000 -1312.000000) (-672.000000 544.000000 -1312.000000) (-672.000000 544.000000 -1120.000000) (-672.000000 672.000000 -1120.000000) 
4 164 182 (-736.000000 480.000000 -1312.000000) (-672.000000 480.000000 -1312.000000) (-672.000000 480.000000 -1120.000000) (-736.000000 480.000000 -1120.000000) 
4 166 183 (-544.000000 480.000000 -1344.000000) (-352.000000 480.000000 -1344.000000) (-352.000000 480.000000 -1312.000000) (-544.000000 480.000000 -1312.000000) 
4 166 167 (-352.000000 649.270182 -1344.000000) (-352.000000 480.000000 -1344.000000) (-544.000000 480.000000 -1344.000000) (-544.000000 649.270182 -1344.000000) 
4 167 184 (-352.000000 480.000000 -1423.810522) (-352.000000 480.000000 -1344.000000) (-544.000000 480.000000 -1344.000000) (-544.000000 480.000000 -1423.810522) 
3 167 169 (-544.000000 480.000000 -1408.722592) (-544.000000 480.000000 -1344.000000) (-544.000000 617.270182 -1344.000000) 
4 168 196 (-544.000000 480.000000 -1536.000000) (-352.000000 480.000000 -1536.000000) (-352.000000 480.000000 -1479.758604) (-544.000000 480.000000 -1479.758604) 
5 168 171 (-544.000000 1056.000000 -1536.000000) (-544.000000 480.000000 -1536.000000) (-544.000000 480.000000 -1479.758604) (-544.000000 768.000000 -1344.000000) (-544.000000 1056.000000 -1344.000000) 
4 169 185 (-544.000000 480.000000 -1408.722592) (-544.000000 480.000000 -1344.000000) (-576.000000 480.000000 -1344.000000) (-576.000000 480.000000 -1408.722592) 
3 169 170 (-576.000000 480.000000 -1408.722592) (-576.000000 480.000000 -1344.000000) (-576.000000 617.270182 -1344.000000) 
4 170 186 (-576.000000 480.000000 -1344.000000) (-608.000000 480.000000 -1344.000000) (-608.000000 480.000000 -1479.529412) (-576.000000 480.000000 -1479.529412) 
4 170 173 (-608.000000 544.000000 -1344.000000) (-608.000000 672.000000 -1344.000000) (-608.000000 672.000000 -1389.176471) (-608.000000 544.000000 -1449.411765) 
3 170 172 (-608.000000 736.000000 -1344.000000) (-608.000000 768.000000 -1344.000000) (-608.000000 736.000000 -1359.058824) 
4 170 171 (-608.000000 768.000000 -1344.000000) (-576.000000 768.000000 -1344.000000) (-576.000000 480.000000 -1479.529412) (-608.000000 480.000000 -1479.529412) 
4 171 197 (-608.000000 480.000000 -1536.000000) (-544.000000 480.000000 -1536.000000) (-544.000000 480.000000 -1479.529412) (-608.000000 480.000000 -1479.529412) 
4 171 173 (-608.000000 672.000000 -1536.000000) (-608.000000 544.000000 -1536.000000) (-608.000000 544.000000 -1449.411765) (-608.000000 672.000000 -1389.176471) 
5 171 172 (-608.000000 1056.000000 -1536.000000) (-608.000000 736.000000 -1536.000000) (-608.000000 736.000000 -1359.058824) (-608.000000 768.000000 -1344.000000) (-608.000000 1056.000000 -1344.000000) 
4 172 174 (-672.000000 1056.000000 -1344.000000) (-672.000000 1056.000000 -1536.000000) (-672.000000 736.000000 -1536.000000) (-672.000000 736.000000 -1344.000000) 
4 173 174 (-672.000000 672.000000 -1536.000000) (-672.000000 544.000000 -1536.000000) (-672.000000 544.000000 -1344.000000) (-672.000000 672.000000 -1344.000000) 
4 174 197 (-992.000000 480.000000 -1536.000000) (-672.000000 480.000000 -1536.000000) (-672.000000 480.000000 -1479.529412) (-992.000000 480.000000 -1479.529412) 
4 174 189 (-672.000000 480.000000 -1479.529412) (-672.000000 480.000000 -1344.000000) (-992.000000 480.000000 -1344.000000) (-992.000000 480.000000 -1479.529412) 
4 174 176 (-992.000000 864.000000 -1536.000000) (-992.000000 736.000000 -1536.000000) (-992.000000 736.000000 -1344.000000) (-992.000000 864.000000 -1344.000000) 
4 174 177 (-992.000000 672.000000 -1536.000000) (-992.000000 544.000000 -1536.000000) (-992.000000 544.000000 -1344.000000) (-992.000000 672.000000 -1344.000000) 
4 174 175 (-992.000000 1056.000000 -1344.000000) (-992.000000 1056.000000 -1536.000000) (-992.000000 928.000000 -1536.000000) (-992.000000 928.000000 -1344.000000) 
4 175 178 (-1056.000000 1056.000000 -1536.000000) (-1056.000000 928.000000 -1536.000000) (-1056.000000 928.000000 -1344.000000) (-1056.000000 1056.000000 -1344.000000) 
4 176 178 (-1056.000000 864.000000 -1536.000000) (-1056.000000 736.000000 -1536.000000) (-1056.000000 736.000000 -1344.000000) (-1056.000000 864.000000 -1344.000000) 
4 177 178 (-1056.000000 672.000000 -1536.000000) (-1056.000000 544.000000 -1536.000000) (-1056.000000 544.000000 -1344.000000) (-1056.000000 672.000000 -1344.000000) 
4 178 197 (-1312.000000 480.000000 -1479.529412) (-1312.000000 480.000000 -1536.000000) (-1056.000000 480.000000 -1536.000000) (-1056.000000 480.000000 -1479.529412) 
4 178 193 (-1248.000000 480.000000 -1479.529412) (-1184.000000 480.000000 -1479.529412) (-1184.000000 480.000000 -1344.000000) (-1248.000000 480.000000 -1344.000000) 
4 178 194 (-1312.000000 480.000000 -1344.000000) (-1312.000000 480.000000 -1479.529412) (-1248.000000 480.000000 -1479.529412) (-1248.000000 480.000000 -1344.000000) 
4 178 191 (-1184.000000 480.000000 -1479.529412) (-1056.000000 480.000000 -1479.529412) (-1056.000000 480.000000 -1344.000000) (-1184.000000 480.000000 -1344.000000) 
4 179 183 (-544.000000 480.000000 -1312.000000) (-352.000000 480.000000 -1312.000000) (-352.000000 288.000000 -1312.000000) (-544.000000 288.000000 -1312.000000) 
4 179 180 (-608.000000 480.000000 -1312.000000) (-608.000000 352.000000 -1312.000000) (-608.000000 352.000000 -1120.000000) (-608.000000 480.000000 -1120.000000) 
4 179 181 (-608.000000 288.000000 -1312.000000) (-352.000000 288.000000 -1312.000000) (-352.000000 288.000000 -1120.000000) (-608.000000 288.000000 -1120.000000) 
4 180 182 (-672.000000 480.000000 -1312.000000) (-672.000000 352.000000 -1312.000000) (-672.000000 352.000000 -1120.000000) (-672.000000 480.000000 -1120.000000) 
4 181 182 (-672.000000 288.000000 -1312.000000) (-672.000000 96.000000 -1312.000000) (-672.000000 96.000000 -1120.000000) (-672.000000 288.000000 -1120.000000) 
4 183 184 (-544.000000 480.000000 -1344.000000) (-352.000000 480.000000 -1344.000000) (-352.000000 288.000000 -1344.000000) (-544.000000 288.000000 -1344.000000) 
5 184 185 (-544.000000 210.057274 -1536.000000) (-544.000000 -96.000000 -1536.000000) (-544.000000 -96.000000 -1344.000000) (-544.000000 480.000000 -1344.000000) (-544.000000 480.000000 -1408.722592) 
4 185 186 (-576.000000 288.000000 -1344.000000) (-576.000000 480.000000 -1344.000000) (-576.000000 480.000000 -1408.722592) (-576.000000 288.000000 -1499.250174) 
5 185 188 (-576.000000 210.057274 -1536.000000) (-576.000000 -96.000000 -1536.000000) (-576.000000 -96.000000 -1344.000000) (-576.000000 288.000000 -1344.000000) (-576.000000 288.000000 -1499.250174) 
4 186 197 (-608.000000 480.000000 -1479.529412) (-576.000000 480.000000 -1479.529412) (-576.000000 360.000000 -1536.000000) (-608.000000 360.000000 -1536.000000) 
5 186 187 (-608.000000 480.000000 -1344.000000) (-608.000000 480.000000 -1479.529412) (-608.000000 360.000000 -1536.000000) (-608.000000 352.000000 -1536.000000) (-608.000000 352.000000 -1344.000000) 
4 186 188 (-608.000000 288.000000 -1536.000000) (-576.000000 288.000000 -1536.000000) (-576.000000 288.000000 -1344.000000) (-608.000000 288.000000 -1344.000000) 
4 187 197 (-672.000000 480.000000 -1479.529412) (-608.000000 480.000000 -1479.529412) (-608.000000 360.000000 -1536.000000) (-672.000000 360.000000 -1536.000000) 
5 187 189 (-672.000000 480.000000 -1344.000000) (-672.000000 480.000000 -1479.529412) (-672.000000 360.000000 -1536.000000) (-672.000000 352.000000 -1536.000000) (-672.000000 352.000000 -1344.000000) 
4 188 189 (-672.000000 288.000000 -1536.000000) (-672.000000 -96.000000 -1536.000000) (-672.000000 -96.000000 -1344.000000) (-672.000000 288.000000 -1344.000000) 
4 189 197 (-992.000000 480.000000 -1479.529412) (-672.000000 480.000000 -1479.529412) (-672.000000 360.000000 -1536.000000) (-992.000000 360.000000 -1536.000000) 
5 189 190 (-992.000000 480.000000 -1344.000000) (-992.000000 480.000000 -1479.529412) (-992.000000 360.000000 -1536.000000) (-992.000000 352.000000 -1536.000000) (-992.000000 352.000000 -1344.000000) 
4 189 192 (-992.000000 288.000000 -1536.000000) (-992.000000 -96.000000 -1536.000000) (-992.000000 -96.000000 -1344.000000) (-992.000000 288.000000 -1344.000000) 
4 190 197 (-1056.000000 480.000000 -1479.529412) (-992.000000 480.000000 -1479.529412) (-992.000000 360.000000 -1536.000000) (-1056.000000 360.000000 -1536.000000) 
5 190 191 (-1056.000000 480.000000 -1344.000000) (-1056.000000 480.000000 -1479.529412) (-1056.000000 360.000000 -1536.000000) (-1056.000000 352.000000 -1536.000000) (-1056.000000 352.000000 -1344.000000) 
4 191 197 (-1184.000000 480.000000 -1479.529412) (-1056.000000 480.000000 -1479.529412) (-1056.000000 360.000000 -1536.000000) (-1184.000000 360.000000 -1536.000000) 
5 191 193 (-1184.000000 480.000000 -1344.000000) (-1184.000000 480.000000 -1479.529412) (-1184.000000 360.000000 -1536.000000) (-1184.000000 352.000000 -1536.000000) (-1184.000000 352.000000 -1344.000000) 
4 191 192 (-1184.000000 288.000000 -1536.000000) (-1056.000000 288.000000 -1536.000000) (-1056.000000 288.000000 -1344.000000) (-1184.000000 288.000000 -1344.000000) 
4 192 195 (-1184.000000 288.000000 -1536.000000) (-1184.000000 -96.000000 -1536.000000) (-1184.000000 -96.000000 -1344.000000) (-1184.000000 288.000000 -1344.000000) 
4 193 197 (-1248.000000 480.000000 -1479.529412) (-1184.000000 480.000000 -1479.529412) (-1184.000000 360.000000 -1536.000000) (-1248.000000 360.000000 -1536.000000) 
5 193 194 (-1248.000000 480.000000 -1344.000000) (-1248.000000 480.000000 -1479.529412) (-1248.000000 360.000000 -1536.000000) (-1248.000000 352.000000 -1536.000000) (-1248.000000 352.000000 -1344.000000) 
4 194 223 (-1312.000000 288.000000 -1344.000000) (-1312.000000 352.000000 -1344.000000) (-1312.000000 352.000000 -1536.000000) (-1312.000000 288.000000 -1536.000000) 
5 194 222 (-1312.000000 352.000000 -1344.000000) (-1312.000000 480.000000 -1344.000000) (-1312.000000 480.000000 -1479.529412) (-1312.000000 360.000000 -1536.000000) (-1312.000000 352.000000 -1536.000000) 
4 194 197 (-1312.000000 360.000000 -1536.000000) (-1312.000000 480.000000 -1479.529412) (-1248.000000 480.000000 -1479.529412) (-1248.000000 360.000000 -1536.000000) 
4 194 195 (-1312.000000 288.000000 -1536.000000) (-1248.000000 288.000000 -1536.000000) (-1248.000000 288.000000 -1344.000000) (-1312.000000 288.000000 -1344.000000) 
4 195 226 (-1312.000000 -96.000000 -1344.000000) (-1312.000000 288.000000 -1344.000000) (-1312.000000 288.000000 -1536.000000) (-1312.000000 -96.000000 -1536.000000) 
3 196 197 (-544.000000 480.000000 -1536.000000) (-544.000000 360.688800 -1536.000000) (-544.000000 480.000000 -1479.758604) 
3 197 222 (-1312.000000 480.000000 -1479.529412) (-1312.000000 480.000000 -1536.000000) (-1312.000000 360.000000 -1536.000000) 
4 198 222 (-1504.000000 480.000000 -1344.000000) (-1568.000000 480.000000 -1344.000000) (-1568.000000 480.000000 -1536.000000) (-1504.000000 480.000000 -1536.000000) 
4 198 201 (-1568.000000 672.000000 -1536.000000) (-1568.000000 544.000000 -1536.000000) (-1568.000000 544.000000 -1344.000000) (-1568.000000 672.000000 -1344.000000) 
4 198 200 (-1568.000000 864.000000 -1536.000000) (-1568.000000 736.000000 -1536.000000) (-1568.000000 736.000000 -1344.000000) (-1568.000000 864.000000 -1344.000000) 
4 198 199 (-1568.000000 1056.000000 -1536.000000) (-1568.000000 928.000000 -1536.000000) (-1568.000000 928.000000 -1344.000000) (-1568.000000 1056.000000 -1344.000000) 
4 199 202 (-1632.000000 1056.000000 -1344.000000) (-1632.000000 1056.000000 -1536.000000) (-1632.000000 928.000000 -1536.000000) (-1632.000000 928.000000 -1344.000000) 
4 200 202 (-1632.000000 864.000000 -1536.000000) (-1632.000000 736.000000 -1536.000000) (-1632.000000 736.000000 -1344.000000) (-1632.000000 864.000000 -1344.000000) 
4 201 202 (-1632.000000 672.000000 -1536.000000) (-1632.000000 544.000000 -1536.000000) (-1632.000000 544.000000 -1344.000000) (-1632.000000 672.000000 -1344.000000) 
4 202 222 (-1632.000000 480.000000 -1344.000000) (-1760.000000 480.000000 -1344.000000) (-1760.000000 480.000000 -1536.000000) (-1632.000000 480.000000 -1536.000000) 
4 202 203 (-1760.000000 1056.000000 -1536.000000) (-1760.000000 928.000000 -1536.000000) (-1760.000000 928.000000 -1344.000000) (-1760.000000 1056.000000 -1344.000000) 
4 202 205 (-1760.000000 864.000000 -1536.000000) (-1760.000000 480.000000 -1536.000000) (-1760.000000 480.000000 -1344.000000) (-1760.000000 864.000000 -1344.000000) 
4 203 204 (-1824.000000 1056.000000 -1536.000000) (-1824.000000 928.000000 -1536.000000) (-1824.000000 928.000000 -1344.000000) (-1824.000000 1056.000000 -1344.000000) 
4 204 206 (-1952.000000 1056.000000 -1344.000000) (-1952.000000 1056.000000 -1536.000000) (-1952.000000 928.000000 -1536.000000) (-1952.000000 928.000000 -1344.000000) 
4 204 205 (-1952.000000 864.000000 -1344.000000) (-1952.000000 864.000000 -1536.000000) (-1824.000000 864.000000 -1536.000000) (-1824.000000 864.000000 -1344.000000) 
4 205 222 (-1760.000000 480.000000 -1344.000000) (-1952.000000 480.000000 -1344.000000) (-1952.000000 480.000000 -1536.000000) (-1760.000000 480.000000 -1536.000000) 
4 205 207 (-1952.000000 864.000000 -1536.000000) (-1952.000000 736.000000 -1536.000000) (-1952.000000 736.000000 -1344.000000) (-1952.000000 864.000000 -1344.000000) 
4 205 208 (-1952.000000 672.000000 -1536.000000) (-1952.000000 544.000000 -1536.000000) (-1952.000000 544.000000 -1344.000000) (-1952.000000 672.000000 -1344.000000) 
4 206 209 (-2016.000000 1056.000000 -1344.000000) (-2016.000000 1056.000000 -1536.000000) (-2016.000000 928.000000 -1536.000000) (-2016.000000 928.000000 -1344.000000) 
4 207 209 (-2016.000000 864.000000 -1536.000000) (-2016.000000 736.000000 -1536.000000) (-2016.000000 736.000000 -1344.000000) (-2016.000000 864.000000 -1344.000000) 
4 208 209 (-2016.000000 672.000000 -1536.000000) (-2016.000000 544.000000 -1536.000000) (-2016.000000 544.000000 -1344.000000) (-2016.000000 672.000000 -1344.000000) 
4 209 229 (-2016.000000 480.000000 -1344.000000) (-2080.000000 480.000000 -1344.000000) (-2080.000000 480.000000 -1536.000000) (-2016.000000 480.000000 -1536.000000) 
4 210 212 (-2464.000000 576.000000 -1484.000000) (-2464.000000 672.000000 -1484.000000) (-2368.000000 672.000000 -1484.000000) (-2368.000000 576.000000 -1484.000000) 
4 210 211 (-2176.000000 672.000000 -1484.000000) (-2112.000000 672.000000 -1484.000000) (-2112.000000 576.000000 -1484.000000) (-2176.000000 576.000000 -1484.000000) 
4 210 213 (-2464.000000 576.000000 -1344.000000) (-2464.000000 576.000000 -1484.000000) (-2112.000000 576.000000 -1484.000000) (-2112.000000 576.000000 -1344.000000) 
4 211 218 (-2112.000000 608.000000 -1488.000000) (-2112.000000 592.000000 -1488.000000) (-2176.000000 592.000000 -1488.000000) (-2176.000000 608.000000 -1488.000000) 
4 211 217 (-2112.000000 640.000000 -1488.000000) (-2112.000000 608.000000 -1488.000000) (-2176.000000 608.000000 -1488.000000) (-2176.000000 640.000000 -1488.000000) 
4 211 220 (-2112.000000 592.000000 -1488.000000) (-2112.000000 576.000000 -1488.000000) (-2176.000000 576.000000 -1488.000000) (-2176.000000 592.000000 -1488.000000) 
4 211 215 (-2112.000000 656.000000 -1488.000000) (-2112.000000 640.000000 -1488.000000) (-2176.000000 640.000000 -1488.000000) (-2176.000000 656.000000 -1488.000000) 
4 211 214 (-2176.000000 672.000000 -1488.000000) (-2112.000000 672.000000 -1488.000000) (-2112.000000 656.000000 -1488.000000) (-2176.000000 656.000000 -1488.000000) 
4 211 213 (-2176.000000 576.000000 -1488.000000) (-2112.000000 576.000000 -1488.000000) (-2112.000000 576.000000 -1484.000000) (-2176.000000 576.000000 -1484.000000) 
4 212 221 (-2464.000000 576.000000 -1488.000000) (-2464.000000 656.000000 -1488.000000) (-2368.000000 656.000000 -1488.000000) (-2368.000000 576.000000 -1488.000000) 
4 212 214 (-2464.000000 656.000000 -1488.000000) (-2464.000000 672.000000 -1488.000000) (-2368.000000 672.000000 -1488.000000) (-2368.000000 656.000000 -1488.000000) 
4 212 213 (-2464.000000 576.000000 -1484.000000) (-2464.000000 576.000000 -1488.000000) (-2368.000000 576.000000 -1488.000000) (-2368.000000 576.000000 -1484.000000) 
4 213 236 (-2112.000000 480.000000 -1344.000000) (-2237.561184 480.000000 -1344.000000) (-2244.794438 480.000000 -1488.000000) (-2112.000000 480.000000 -1488.000000) 
4 213 238 (-2237.561184 480.000000 -1344.000000) (-2464.000000 480.000000 -1344.000000) (-2464.000000 480.000000 -1488.000000) (-2244.794438 480.000000 -1488.000000) 
4 213 220 (-2112.000000 480.000000 -1488.000000) (-2352.000000 480.000000 -1488.000000) (-2352.000000 576.000000 -1488.000000) (-2112.000000 576.000000 -1488.000000) 
4 213 221 (-2352.000000 480.000000 -1488.000000) (-2464.000000 480.000000 -1488.000000) (-2464.000000 576.000000 -1488.000000) (-2352.000000 576.000000 -1488.000000) 
4 214 215 (-2112.000000 656.000000 -1536.000000) (-2112.000000 656.000000 -1488.000000) (-2192.000000 656.000000 -1488.000000) (-2192.000000 656.000000 -1536.000000) 
4 214 216 (-2208.000000 656.000000 -1488.000000) (-2336.000000 656.000000 -1488.000000) (-2336.000000 656.000000 -1536.000000) (-2208.000000 656.000000 -1536.000000) 
4 214 221 (-2352.000000 656.000000 -1488.000000) (-2464.000000 656.000000 -1488.000000) (-2464.000000 656.000000 -1536.000000) (-2352.000000 656.000000 -1536.000000) 
4 215 217 (-2192.000000 640.000000 -1536.000000) (-2112.000000 640.000000 -1536.000000) (-2112.000000 640.000000 -1488.000000) (-2192.000000 640.000000 -1488.000000) 
4 216 217 (-2336.000000 640.000000 -1536.000000) (-2208.000000 640.000000 -1536.000000) (-2208.000000 640.000000 -1488.000000) (-2336.000000 640.000000 -1488.000000) 
4 217 218 (-2192.000000 608.000000 -1536.000000) (-2112.000000 608.000000 -1536.000000) (-2112.000000 608.000000 -1488.000000) (-2192.000000 608.000000 -1488.000000) 
4 217 219 (-2336.000000 608.000000 -1536.000000) (-2208.000000 608.000000 -1536.000000) (-2208.000000 608.000000 -1488.000000) (-2336.000000 608.000000 -1488.000000) 
4 217 221 (-2352.000000 640.000000 -1536.000000) (-2352.000000 608.000000 -1536.000000) (-2352.000000 608.000000 -1488.000000) (-2352.000000 640.000000 -1488.000000) 
4 218 220 (-2192.000000 592.000000 -1536.000000) (-2112.000000 592.000000 -1536.000000) (-2112.000000 592.000000 -1488.000000) (-2192.000000 592.000000 -1488.000000) 
4 219 220 (-2336.000000 592.000000 -1536.000000) (-2208.000000 592.000000 -1536.000000) (-2208.000000 592.000000 -1488.000000) (-2336.000000 592.000000 -1488.000000) 
4 220 236 (-2247.205523 480.000000 -1536.000000) (-2112.000000 480.000000 -1536.000000) (-2112.000000 480.000000 -1488.000000) (-2244.794438 480.000000 -1488.000000) 
4 220 238 (-2352.000000 480.000000 -1536.000000) (-2247.205523 480.000000 -1536.000000) (-2244.794438 480.000000 -1488.000000) (-2352.000000 480.000000 -1488.000000) 
4 220 221 (-2352.000000 592.000000 -1536.000000) (-2352.000000 480.000000 -1536.000000) (-2352.000000 480.000000 -1488.000000) (-2352.000000 592.000000 -1488.000000) 
4 221 238 (-2464.000000 480.000000 -1488.000000) (-2464.000000 480.000000 -1536.000000) (-2352.000000 480.000000 -1536.000000) (-2352.000000 480.000000 -1488.000000) 
4 222 227 (-1952.000000 480.000000 -1344.000000) (-1952.000000 480.000000 -1536.000000) (-1952.000000 352.000000 -1536.000000) (-1952.000000 352.000000 -1344.000000) 
4 222 225 (-1952.000000 352.000000 -1536.000000) (-1632.000000 352.000000 -1536.000000) (-1632.000000 352.000000 -1344.000000) (-1952.000000 352.000000 -1344.000000) 
4 222 224 (-1568.000000 352.000000 -1536.000000) (-1440.000000 352.000000 -1536.000000) (-1440.000000 352.000000 -1344.000000) (-1568.000000 352.000000 -1344.000000) 
4 222 223 (-1376.000000 352.000000 -1536.000000) (-1312.000000 352.000000 -1536.000000) (-1312.000000 352.000000 -1344.000000) (-1376.000000 352.000000 -1344.000000) 
4 223 226 (-1376.000000 288.000000 -1536.000000) (-1312.000000 288.000000 -1536.000000) (-1312.000000 288.000000 -1344.000000) (-1376.000000 288.000000 -1344.000000) 
4 224 226 (-1568.000000 288.000000 -1536.000000) (-1440.000000 288.000000 -1536.000000) (-1440.000000 288.000000 -1344.000000) (-1568.000000 288.000000 -1344.000000) 
4 225 226 (-1952.000000 288.000000 -1344.000000) (-1952.000000 288.000000 -1536.000000) (-1632.000000 288.000000 -1536.000000) (-1632.000000 288.000000 -1344.000000) 
4 226 228 (-1952.000000 288.000000 -1536.000000) (-1952.000000 24.102819 -1536.000000) (-1952.000000 38.996941 -1344.000000) (-1952.000000 288.000000 -1344.000000) 
4 226 238 (-1952.000000 24.102819 -1536.000000) (-1952.000000 -96.000000 -1536.000000) (-1952.000000 -96.000000 -1344.000000) (-1952.000000 38.996941 -1344.000000) 
4 227 229 (-2016.000000 480.000000 -1344.000000) (-2016.000000 480.000000 -1536.000000) (-2016.000000 352.000000 -1536.000000) (-2016.000000 352.000000 -1344.000000) 
4 228 234 (-2016.000000 128.058947 -1470.017718) (-2016.000000 137.834589 -1344.000000) (-2016.000000 255.688766 -1344.000000) (-2016.000000 242.450534 -1514.933914) 
4 228 229 (-2016.000000 255.688766 -1344.000000) (-2016.000000 288.000000 -1344.000000) (-2016.000000 288.000000 -1532.819048) (-2016.000000 242.450534 -1514.933914) 
4 228 237 (-2016.000000 288.000000 -1536.000000) (-2016.000000 122.940467 -1536.000000) (-2016.000000 128.058947 -1470.017718) (-2016.000000 288.000000 -1532.819048) 
4 228 238 (-2016.000000 122.940467 -1536.000000) (-1952.000000 24.102819 -1536.000000) (-1952.000000 38.996941 -1344.000000) (-2016.000000 137.834589 -1344.000000) 
4 229 234 (-2039.992962 278.028546 -1533.800349) (-2016.000000 242.450534 -1514.933914) (-2016.000000 255.688766 -1344.000000) (-2078.623952 352.364533 -1344.000000) 
5 229 232 (-2080.000000 339.619082 -1536.000000) (-2042.790319 282.176612 -1536.000000) (-2042.042615 281.067877 -1535.412056) (-2053.960067 304.000128 -1476.859672) (-2080.000000 342.615818 -1497.305713) 
4 229 230 (-2051.910000 300.960000 -1475.250000) (-2078.623952 352.364533 -1344.000000) (-2080.000000 354.488808 -1344.000000) (-2080.000000 342.615818 -1497.305713) 
3 229 237 (-2016.000000 296.101180 -1536.000000) (-2016.000000 242.450534 -1514.933914) (-2042.790319 282.176612 -1536.000000) 
5 230 234 (-2051.910000 300.960000 -1475.250000) (-2078.623952 352.364533 -1344.000000) (-2080.000000 351.439582 -1344.000000) (-2080.000000 288.000000 -1464.044915) (-2071.971723 288.000000 -1474.256439) 
4 230 232 (-2080.000000 342.615818 -1497.305713) (-2053.960067 304.000128 -1476.859672) (-2078.728416 288.000000 -1475.633164) (-2080.000000 288.000000 -1475.892258) 
3 230 231 (-2071.971723 288.000000 -1474.256439) (-2080.000000 288.000000 -1464.044915) (-2080.000000 288.000000 -1475.892258) 
5 231 235 (-2112.000000 288.000000 -1423.342687) (-2112.000000 278.548827 -1441.226872) (-2105.620000 266.263000 -1472.590000) (-2080.000000 282.813682 -1473.858836) (-2080.000000 288.000000 -1464.044915) 
3 231 234 (-2080.000000 282.813682 -1473.858836) (-2071.971723 288.000000 -1474.256439) (-2080.000000 288.000000 -1464.044915) 
5 231 233 (-2107.670000 269.304000 -1474.200000) (-2112.000000 275.727185 -1477.600634) (-2112.000000 288.000000 -1482.412488) (-2080.000000 288.000000 -1475.892258) (-2080.000000 287.178568 -1475.570196) 
3 231 232 (-2080.000000 288.000000 -1475.892258) (-2078.728416 288.000000 -1475.633164) (-2080.000000 287.178568 -1475.570196) 
3 231 238 (-2105.620000 266.263000 -1472.590000) (-2112.000000 278.548827 -1441.226872) (-2112.000000 275.727185 -1477.600634) 
4 231 236 (-2112.000000 275.727185 -1477.600634) (-2112.000000 278.548827 -1441.226872) (-2112.000000 288.000000 -1423.342687) (-2112.000000 288.000000 -1482.412488) 
5 232 233 (-2080.000000 288.000000 -1536.000000) (-2080.000000 262.836465 -1536.000000) (-2080.000000 256.548504 -1533.531014) (-2080.000000 287.178568 -1475.570196) (-2080.000000 288.000000 -1475.892258) 
4 232 237 (-2080.000000 262.836465 -1536.000000) (-2042.790319 282.176612 -1536.000000) (-2042.042615 281.067877 -1535.412056) (-2080.000000 256.548504 -1533.531014) 
4 233 237 (-2095.759544 246.368294 -1532.750023) (-2099.891653 252.497556 -1536.000000) (-2080.000000 262.836465 -1536.000000) (-2080.000000 256.548504 -1533.531014) 
5 233 238 (-2112.000000 271.196939 -1536.000000) (-2099.891653 252.497556 -1536.000000) (-2095.759544 246.368294 -1532.750023) (-2107.670000 269.304000 -1474.200000) (-2112.000000 275.727185 -1477.600634) 
4 233 236 (-2112.000000 288.000000 -1536.000000) (-2112.000000 271.196939 -1536.000000) (-2112.000000 275.727185 -1477.600634) (-2112.000000 288.000000 -1482.412488) 
5 234 235 (-2080.000000 288.000000 -1464.044915) (-2080.000000 252.184540 -1531.817490) (-2080.000000 222.991764 -1520.354860) (-2080.000000 236.672237 -1344.000000) (-2080.000000 288.000000 -1344.000000) 
4 234 238 (-2080.000000 222.991764 -1520.354860) (-2016.000000 128.058947 -1470.017718) (-2016.000000 137.834589 -1344.000000) (-2080.000000 236.672237 -1344.000000) 
5 234 237 (-2016.000000 242.450534 -1514.933914) (-2016.000000 128.058947 -1470.017718) (-2080.000000 222.991764 -1520.354860) (-2080.000000 252.184540 -1531.817490) (-2039.992962 278.028546 -1533.800349) 
3 235 237 (-2080.000000 222.991764 -1520.354860) (-2093.709958 243.328092 -1531.137987) (-2080.000000 252.184540 -1531.817490) 
5 235 238 (-2093.709958 243.328092 -1531.137987) (-2080.000000 222.991764 -1520.354860) (-2080.000000 236.672237 -1344.000000) (-2112.000000 286.091061 -1344.000000) (-2112.000000 278.548827 -1441.226872) 
4 235 236 (-2112.000000 278.548827 -1441.226872) (-2112.000000 286.091061 -1344.000000) (-2112.000000 288.000000 -1344.000000) (-2112.000000 288.000000 -1423.342687) 
4 236 238 (-2247.205523 480.000000 -1536.000000) (-2112.000000 271.196939 -1536.000000) (-2112.000000 286.091061 -1344.000000) (-2237.561184 480.000000 -1344.000000) 
3 237 238 (-2099.891653 252.497556 -1536.000000) (-2016.000000 122.940467 -1536.000000) (-2016.000000 128.058947 -1470.017718) 
