311
468
1
1
1
1
1
1
1
1
1
1
1
1
1
1
1
1
1
1
1
1
1
1
1
1
1
1
1
1
1
1
1
1
1
1
1
1
1
1
1
1
1
1
1
1
1
1
1
1
1
1
1
1
1
1
1
1
1
1
1
1
1
1
1
1
1
1
1
1
1
1
1
1
1
1
1
1
1
1
1
1
1
1
1
1
1
1
1
1
1
1
1
1
1
1
1
1
1
1
1
1
1
1
1
1
1
1
1
1
1
1
1
1
1
1
1
1
1
1
1
1
1
1
1
1
1
1
1
1
1
1
1
1
1
1
1
1
1
1
1
1
1
1
1
1
1
1
1
1
1
1
1
1
1
1
1
1
1
1
1
1
1
1
1
1
1
1
1
1
1
1
1
1
1
1
1
1
1
1
1
1
1
1
1
1
1
1
1
1
1
1
1
1
1
1
1
1
1
1
1
1
1
1
1
1
1
1
1
1
1
1
1
1
1
1
1
1
1
1
1
1
1
1
1
1
1
1
1
1
1
1
1
1
1
1
1
1
1
1
1
1
1
1
1
1
1
1
1
1
1
1
1
1
1
1
1
1
1
1
1
1
1
1
1
1
1
1
1
1
1
1
1
1
1
1
1
1
1
1
1
1
1
1
1
1
1
1
1
1
1
1
1
1
1
1
1
1
1
1
1
1
1
1
1
1
1
1
1
1
1
1
1
4 0 2 (1312.000000 896.000000 0.000000) (1568.000000 896.000000 0.000000) (1568.000000 896.000000 160.000000) (1312.000000 896.000000 160.000000) 
4 0 1 (1696.000000 896.000000 0.000000) (1824.000000 896.000000 0.000000) (1824.000000 896.000000 160.000000) (1696.000000 896.000000 160.000000) 
4 1 8 (1696.000000 832.000000 0.000000) (1824.000000 832.000000 0.000000) (1824.000000 832.000000 160.000000) (1696.000000 832.000000 160.000000) 
4 2 9 (1376.000000 832.000000 0.000000) (1472.000000 832.000000 0.000000) (1472.000000 832.000000 160.000000) (1376.000000 832.000000 160.000000) 
4 2 8 (1504.000000 832.000000 0.000000) (1568.000000 832.000000 0.000000) (1568.000000 832.000000 160.000000) (1504.000000 832.000000 160.000000) 
4 2 13 (1312.000000 832.000000 0.000000) (1376.000000 832.000000 0.000000) (1376.000000 832.000000 160.000000) (1312.000000 832.000000 160.000000) 
4 3 5 (1952.000000 608.000000 0.000000) (1952.000000 256.000000 0.000000) (1952.000000 256.000000 160.000000) (1952.000000 608.000000 160.000000) 
4 3 4 (1952.000000 832.000000 0.000000) (1952.000000 704.000000 0.000000) (1952.000000 704.000000 160.000000) (1952.000000 832.000000 160.000000) 
4 4 7 (1856.000000 832.000000 160.000000) (1856.000000 832.000000 -0.000000) (1856.000000 704.000000 0.000000) (1856.000000 704.000000 160.000000) 
4 5 6 (1920.000000 608.000000 0.000000) (1920.000000 256.000000 0.000000) (1920.000000 256.000000 160.000000) (1920.000000 608.000000 160.000000) 
4 6 14 (1856.000000 448.000000 0.000000) (1856.000000 256.000000 -0.000000) (1856.000000 256.000000 160.000000) (1856.000000 448.000000 160.000000) 
4 7 8 (1824.000000 832.000000 0.000000) (1824.000000 704.000000 0.000000) (1824.000000 704.000000 160.000000) (1824.000000 832.000000 160.000000) 
4 8 11 (1568.000000 608.000000 0.000000) (1696.000000 608.000000 0.000000) (1696.000000 608.000000 160.000000) (1568.000000 608.000000 160.000000) 
4 8 10 (1728.000000 608.000000 0.000000) (1824.000000 608.000000 -0.000000) (1824.000000 608.000000 160.000000) (1728.000000 608.000000 160.000000) 
4 9 13 (1376.000000 832.000000 160.000000) (1376.000000 832.000000 -0.000000) (1376.000000 608.000000 0.000000) (1376.000000 608.000000 160.000000) 
4 11 12 (1568.000000 576.000000 0.000000) (1568.000000 480.000000 -0.000000) (1568.000000 480.000000 160.000000) (1568.000000 576.000000 160.000000) 
4 12 13 (1376.000000 576.000000 0.000000) (1376.000000 480.000000 0.000000) (1376.000000 480.000000 160.000000) (1376.000000 576.000000 160.000000) 
4 14 28 (1664.000000 256.000000 160.000000) (1504.000000 256.000000 160.000000) (1504.000000 256.000000 0.000000) (1664.000000 256.000000 0.000000) 
4 14 15 (1312.000000 448.000000 0.000000) (1312.000000 256.000000 -0.000000) (1312.000000 256.000000 160.000000) (1312.000000 448.000000 160.000000) 
4 15 16 (1280.000000 352.000000 160.000000) (1280.000000 448.000000 160.000000) (1280.000000 448.000000 0.000000) (1280.000000 352.000000 0.000000) 
4 15 20 (1280.000000 256.000000 -0.000000) (1280.000000 256.000000 160.000000) (1280.000000 352.000000 160.000000) (1280.000000 352.000000 0.000000) 
4 16 17 (1152.000000 640.000000 0.000000) (1152.000000 512.000000 0.000000) (1152.000000 512.000000 160.000000) (1152.000000 640.000000 160.000000) 
4 16 18 (1152.000000 384.000000 0.000000) (1152.000000 352.000000 0.000000) (1152.000000 352.000000 160.000000) (1152.000000 384.000000 160.000000) 
4 16 20 (1152.000000 352.000000 0.000000) (1280.000000 352.000000 -0.000000) (1280.000000 352.000000 160.000000) (1152.000000 352.000000 160.000000) 
4 17 19 (1024.000000 640.000000 160.000000) (1024.000000 640.000000 -0.000000) (1024.000000 512.000000 0.000000) (1024.000000 512.000000 160.000000) 
4 18 19 (1024.000000 384.000000 0.000000) (1024.000000 352.000000 -0.000000) (1024.000000 352.000000 160.000000) (1024.000000 384.000000 160.000000) 
4 18 20 (1024.000000 352.000000 0.000000) (1152.000000 352.000000 0.000000) (1152.000000 352.000000 160.000000) (1024.000000 352.000000 160.000000) 
4 19 20 (800.000000 352.000000 0.000000) (1024.000000 352.000000 0.000000) (1024.000000 352.000000 160.000000) (800.000000 352.000000 160.000000) 
4 20 45 (1280.000000 256.000000 -0.000000) (1280.000000 256.000000 160.000000) (768.000000 256.000000 160.000000) (768.000000 256.000000 -0.000000) 
4 20 27 (768.000000 352.000000 0.000000) (768.000000 256.000000 -0.000000) (768.000000 256.000000 160.000000) (768.000000 352.000000 160.000000) 
4 21 24 (-96.000000 576.000000 0.000000) (288.000000 576.000000 0.000000) (288.000000 576.000000 160.000000) (-96.000000 576.000000 160.000000) 
4 21 26 (-256.000000 576.000000 160.000000) (-256.000000 576.000000 -0.000000) (-128.000000 576.000000 0.000000) (-128.000000 576.000000 160.000000) 
4 21 22 (288.000000 576.000000 0.000000) (768.000000 576.000000 -0.000000) (768.000000 576.000000 160.000000) (288.000000 576.000000 160.000000) 
4 22 24 (288.000000 576.000000 0.000000) (288.000000 480.000000 0.000000) (288.000000 480.000000 160.000000) (288.000000 576.000000 160.000000) 
4 22 23 (288.000000 480.000000 0.000000) (384.000000 480.000000 0.000000) (384.000000 480.000000 160.000000) (288.000000 480.000000 160.000000) 
4 23 27 (288.000000 416.000000 0.000000) (384.000000 416.000000 0.000000) (384.000000 416.000000 160.000000) (288.000000 416.000000 160.000000) 
4 24 25 (-96.000000 480.000000 0.000000) (0.000000 480.000000 0.000000) (0.000000 480.000000 160.000000) (-96.000000 480.000000 160.000000) 
4 25 27 (-96.000000 416.000000 0.000000) (0.000000 416.000000 0.000000) (0.000000 416.000000 160.000000) (-96.000000 416.000000 160.000000) 
4 26 27 (-256.000000 416.000000 160.000000) (-256.000000 416.000000 -0.000000) (-128.000000 416.000000 0.000000) (-128.000000 416.000000 160.000000) 
4 27 60 (320.000000 256.000000 160.000000) (160.000000 256.000000 160.000000) (160.000000 256.000000 0.000000) (320.000000 256.000000 0.000000) 
4 27 61 (128.000000 256.000000 160.000000) (-256.000000 256.000000 160.000000) (-256.000000 256.000000 -0.000000) (128.000000 256.000000 0.000000) 
4 27 59 (640.000000 256.000000 160.000000) (320.000000 256.000000 160.000000) (320.000000 256.000000 0.000000) (640.000000 256.000000 0.000000) 
4 27 58 (672.000000 256.000000 160.000000) (640.000000 256.000000 160.000000) (640.000000 256.000000 0.000000) (672.000000 256.000000 0.000000) 
4 27 46 (690.156030 256.000000 160.000000) (672.000000 256.000000 160.000000) (672.000000 256.000000 0.000000) (690.156030 256.000000 0.000000) 
4 27 45 (768.000000 256.000000 -0.000000) (768.000000 256.000000 160.000000) (690.156030 256.000000 160.000000) (690.156030 256.000000 0.000000) 
4 28 30 (1504.000000 224.000000 0.000000) (1664.000000 224.000000 0.000000) (1664.000000 224.000000 160.000000) (1504.000000 224.000000 160.000000) 
4 29 32 (1920.000000 32.000000 0.000000) (2048.000000 32.000000 -0.000000) (2048.000000 32.000000 160.000000) (1920.000000 32.000000 160.000000) 
4 29 30 (1920.000000 224.000000 0.000000) (1920.000000 64.000000 0.000000) (1920.000000 64.000000 160.000000) (1920.000000 224.000000 160.000000) 
4 30 31 (1344.000000 64.000000 160.000000) (1344.000000 64.000000 -0.000000) (1856.000000 64.000000 0.000000) (1856.000000 64.000000 160.000000) 
4 31 41 (1344.000000 32.000000 160.000000) (1344.000000 32.000000 -0.000000) (1504.000000 32.000000 0.000000) (1504.000000 32.000000 160.000000) 
4 31 40 (1504.000000 32.000000 0.000000) (1536.000000 32.000000 0.000000) (1536.000000 32.000000 160.000000) (1504.000000 32.000000 160.000000) 
4 31 32 (1696.000000 32.000000 0.000000) (1856.000000 32.000000 0.000000) (1856.000000 32.000000 160.000000) (1696.000000 32.000000 160.000000) 
4 32 33 (1696.000000 -96.000000 160.000000) (1696.000000 -96.000000 -0.000000) (1920.000000 -96.000000 0.000000) (1920.000000 -96.000000 160.000000) 
4 33 34 (1824.000000 -128.000000 0.000000) (1920.000000 -128.000000 0.000000) (1920.000000 -128.000000 160.000000) (1824.000000 -128.000000 160.000000) 
4 34 37 (1824.000000 -288.000000 0.000000) (1856.000000 -288.000000 0.000000) (1856.000000 -288.000000 160.000000) (1824.000000 -288.000000 160.000000) 
4 34 36 (1888.000000 -288.000000 0.000000) (2048.000000 -288.000000 -0.000000) (2048.000000 -288.000000 160.000000) (1888.000000 -288.000000 160.000000) 
4 34 35 (1824.000000 -160.000000 0.000000) (1824.000000 -288.000000 0.000000) (1824.000000 -288.000000 160.000000) (1824.000000 -160.000000 160.000000) 
4 35 37 (1696.000000 -288.000000 160.000000) (1696.000000 -288.000000 -0.000000) (1824.000000 -288.000000 0.000000) (1824.000000 -288.000000 160.000000) 
4 36 43 (1888.000000 -448.000000 0.000000) (2048.000000 -448.000000 0.000000) (2048.000000 -448.000000 160.000000) (1888.000000 -448.000000 160.000000) 
4 37 43 (1696.000000 -448.000000 0.000000) (1856.000000 -448.000000 0.000000) (1856.000000 -448.000000 160.000000) (1696.000000 -448.000000 160.000000) 
4 37 38 (1696.000000 -416.000000 0.000000) (1696.000000 -448.000000 0.000000) (1696.000000 -448.000000 160.000000) (1696.000000 -416.000000 160.000000) 
4 38 43 (1664.000000 -448.000000 0.000000) (1696.000000 -448.000000 0.000000) (1696.000000 -448.000000 160.000000) (1664.000000 -448.000000 160.000000) 
4 38 39 (1664.000000 -416.000000 0.000000) (1664.000000 -448.000000 -0.000000) (1664.000000 -448.000000 160.000000) (1664.000000 -416.000000 160.000000) 
4 39 43 (1536.000000 -448.000000 0.000000) (1664.000000 -448.000000 0.000000) (1664.000000 -448.000000 160.000000) (1536.000000 -448.000000 160.000000) 
4 39 40 (1536.000000 0.000000 0.000000) (1536.000000 -256.000000 0.000000) (1536.000000 -256.000000 160.000000) (1536.000000 0.000000 160.000000) 
4 39 42 (1536.000000 -256.000000 0.000000) (1536.000000 -448.000000 -0.000000) (1536.000000 -448.000000 160.000000) (1536.000000 -256.000000 160.000000) 
4 40 41 (1504.000000 32.000000 160.000000) (1504.000000 32.000000 -0.000000) (1504.000000 -160.000000 0.000000) (1504.000000 -160.000000 160.000000) 
4 40 42 (1504.000000 -256.000000 0.000000) (1536.000000 -256.000000 -0.000000) (1536.000000 -256.000000 160.000000) (1504.000000 -256.000000 160.000000) 
4 42 43 (1344.000000 -448.000000 0.000000) (1536.000000 -448.000000 0.000000) (1536.000000 -448.000000 160.000000) (1344.000000 -448.000000 160.000000) 
4 44 52 (1199.119837 -224.000000 0.000000) (1216.000000 -239.919556 0.000000) (1216.000000 -239.919556 160.000000) (1199.119837 -224.000000 160.000000) 
4 44 51 (1102.000000 -132.407000 0.000000) (1199.119837 -224.000000 0.000000) (1199.119837 -224.000000 160.000000) (1102.000000 -132.407000 160.000000) 
4 44 50 (1216.000000 -239.919556 0.000000) (1272.660305 -293.355471 0.000000) (1272.660305 -293.355471 160.000000) (1216.000000 -239.919556 160.000000) 
4 44 47 (1272.660305 -293.355471 0.000000) (1280.000000 -300.277483 0.000000) (1280.000000 -300.277483 160.000000) (1272.660305 -293.355471 160.000000) 
4 45 46 (690.156030 256.000000 0.000000) (1051.460000 -84.743100 0.000000) (1051.460000 -84.743100 160.000000) (690.156030 256.000000 160.000000) 
4 46 58 (672.000000 256.000000 160.000000) (672.000000 256.000000 -0.000000) (672.000000 -96.000000 0.000000) (672.000000 -96.000000 160.000000) 
4 46 48 (928.000000 -96.000000 0.000000) (1063.396156 -96.000000 -0.000000) (1063.396156 -96.000000 160.000000) (928.000000 -96.000000 160.000000) 
4 46 49 (672.000000 -96.000000 160.000000) (672.000000 -96.000000 -0.000000) (768.000000 -96.000000 0.000000) (768.000000 -96.000000 160.000000) 
4 47 84 (1280.000000 -640.000000 -0.000000) (1280.000000 -640.000000 160.000000) (960.430970 -640.000000 160.000000) (960.430970 -640.000000 0.000000) 
4 47 56 (1046.900000 -544.000000 0.000000) (960.430970 -640.000000 0.000000) (960.430970 -640.000000 160.000000) (1046.900000 -544.000000 160.000000) 
4 47 53 (1216.000000 -356.261106 0.000000) (1068.320000 -520.219000 0.000000) (1068.320000 -520.219000 160.000000) (1216.000000 -356.261106 160.000000) 
4 47 50 (1272.660305 -293.355471 0.000000) (1216.000000 -356.261106 0.000000) (1216.000000 -356.261106 160.000000) (1272.660305 -293.355471 160.000000) 
4 48 51 (928.000000 -128.000000 0.000000) (1097.327076 -128.000000 -0.000000) (1097.327076 -128.000000 160.000000) (928.000000 -128.000000 160.000000) 
4 49 58 (672.000000 -96.000000 0.000000) (672.000000 -128.000000 0.000000) (672.000000 -128.000000 160.000000) (672.000000 -96.000000 160.000000) 
4 49 57 (672.000000 -128.000000 160.000000) (672.000000 -128.000000 -0.000000) (768.000000 -128.000000 0.000000) (768.000000 -128.000000 160.000000) 
4 50 53 (1216.000000 -320.000000 0.000000) (1216.000000 -356.261106 -0.000000) (1216.000000 -356.261106 160.000000) (1216.000000 -320.000000 160.000000) 
4 50 52 (1216.000000 -239.919556 0.000000) (1216.000000 -288.000000 0.000000) (1216.000000 -288.000000 160.000000) (1216.000000 -239.919556 160.000000) 
4 51 52 (864.000000 -224.000000 0.000000) (1199.119837 -224.000000 0.000000) (1199.119837 -224.000000 160.000000) (864.000000 -224.000000 160.000000) 
4 51 57 (832.000000 -128.000000 0.000000) (832.000000 -224.000000 0.000000) (832.000000 -224.000000 160.000000) (832.000000 -128.000000 160.000000) 
4 52 54 (864.000000 -288.000000 160.000000) (864.000000 -288.000000 -0.000000) (1024.000000 -288.000000 0.000000) (1024.000000 -288.000000 160.000000) 
4 53 54 (1024.000000 -320.000000 0.000000) (1024.000000 -480.314675 -0.000000) (1024.000000 -480.314675 160.000000) (1024.000000 -320.000000 160.000000) 
4 54 55 (864.000000 -336.255738 0.000000) (949.412000 -413.158000 0.000000) (949.412000 -413.158000 160.000000) (864.000000 -336.255738 160.000000) 
4 55 56 (864.000000 -379.311548 160.000000) (864.000000 -379.311548 -0.000000) (928.000000 -436.939000 0.000000) (928.000000 -436.939000 160.000000) 
4 56 84 (960.430970 -640.000000 160.000000) (864.000000 -640.000000 160.000000) (864.000000 -640.000000 0.000000) (960.430970 -640.000000 0.000000) 
4 57 84 (832.000000 -640.000000 160.000000) (672.000000 -640.000000 160.000000) (672.000000 -640.000000 0.000000) (832.000000 -640.000000 0.000000) 
4 57 58 (672.000000 -128.000000 0.000000) (672.000000 -480.000000 0.000000) (672.000000 -480.000000 160.000000) (672.000000 -128.000000 160.000000) 
4 58 71 (640.000000 -416.000000 0.000000) (640.000000 -480.000000 0.000000) (640.000000 -480.000000 160.000000) (640.000000 -416.000000 160.000000) 
4 58 69 (640.000000 -384.000000 0.000000) (640.000000 -416.000000 0.000000) (640.000000 -416.000000 160.000000) (640.000000 -384.000000 160.000000) 
4 58 67 (640.000000 -288.000000 0.000000) (640.000000 -384.000000 0.000000) (640.000000 -384.000000 160.000000) (640.000000 -288.000000 160.000000) 
4 58 66 (640.000000 -128.000000 0.000000) (640.000000 -288.000000 0.000000) (640.000000 -288.000000 160.000000) (640.000000 -128.000000 160.000000) 
4 58 59 (640.000000 256.000000 160.000000) (640.000000 256.000000 -0.000000) (640.000000 128.000000 0.000000) (640.000000 128.000000 160.000000) 
4 59 60 (320.000000 256.000000 0.000000) (320.000000 128.000000 0.000000) (320.000000 128.000000 160.000000) (320.000000 256.000000 160.000000) 
4 60 74 (160.000000 96.000000 0.000000) (288.000000 96.000000 0.000000) (288.000000 96.000000 160.000000) (160.000000 96.000000 160.000000) 
4 60 63 (288.000000 96.000000 0.000000) (320.000000 96.000000 0.000000) (320.000000 96.000000 160.000000) (288.000000 96.000000 160.000000) 
4 61 77 (-256.000000 96.000000 160.000000) (-256.000000 96.000000 -0.000000) (-148.104557 96.000000 0.000000) (-148.104557 96.000000 160.000000) 
4 61 74 (-148.104557 96.000000 0.000000) (128.000000 96.000000 0.000000) (128.000000 96.000000 160.000000) (-148.104557 96.000000 160.000000) 
4 62 64 (448.000000 -96.000000 0.000000) (448.000000 -128.000000 0.000000) (448.000000 -128.000000 160.000000) (448.000000 -96.000000 160.000000) 
4 62 63 (448.000000 96.000000 0.000000) (448.000000 0.000000 0.000000) (448.000000 0.000000 160.000000) (448.000000 96.000000 160.000000) 
4 62 66 (448.000000 -128.000000 0.000000) (608.000000 -128.000000 0.000000) (608.000000 -128.000000 160.000000) (448.000000 -128.000000 160.000000) 
4 63 74 (288.000000 96.000000 160.000000) (288.000000 96.000000 -0.000000) (288.000000 0.000000 0.000000) (288.000000 0.000000 160.000000) 
4 63 65 (288.000000 0.000000 160.000000) (288.000000 0.000000 -0.000000) (352.000000 0.000000 0.000000) (352.000000 0.000000 160.000000) 
4 64 65 (352.000000 -96.000000 0.000000) (352.000000 -128.000000 0.000000) (352.000000 -128.000000 160.000000) (352.000000 -96.000000 160.000000) 
4 64 66 (352.000000 -128.000000 0.000000) (448.000000 -128.000000 0.000000) (448.000000 -128.000000 160.000000) (352.000000 -128.000000 160.000000) 
4 65 74 (288.000000 0.000000 0.000000) (288.000000 -128.000000 0.000000) (288.000000 -128.000000 160.000000) (288.000000 0.000000 160.000000) 
4 65 66 (288.000000 -128.000000 160.000000) (288.000000 -128.000000 -0.000000) (352.000000 -128.000000 0.000000) (352.000000 -128.000000 160.000000) 
4 66 74 (288.000000 -128.000000 0.000000) (288.000000 -288.000000 0.000000) (288.000000 -288.000000 160.000000) (288.000000 -128.000000 160.000000) 
4 66 67 (544.000000 -288.000000 0.000000) (640.000000 -288.000000 -0.000000) (640.000000 -288.000000 160.000000) (544.000000 -288.000000 160.000000) 
4 67 69 (544.000000 -384.000000 0.000000) (640.000000 -384.000000 0.000000) (640.000000 -384.000000 160.000000) (544.000000 -384.000000 160.000000) 
4 67 68 (544.000000 -320.000000 0.000000) (544.000000 -384.000000 0.000000) (544.000000 -384.000000 160.000000) (544.000000 -320.000000 160.000000) 
4 68 75 (288.000000 -320.000000 0.000000) (288.000000 -384.000000 0.000000) (288.000000 -384.000000 160.000000) (288.000000 -320.000000 160.000000) 
4 68 70 (288.000000 -384.000000 160.000000) (288.000000 -384.000000 -0.000000) (416.000000 -384.000000 0.000000) (416.000000 -384.000000 160.000000) 
4 68 69 (448.000000 -384.000000 0.000000) (544.000000 -384.000000 0.000000) (544.000000 -384.000000 160.000000) (448.000000 -384.000000 160.000000) 
4 69 72 (448.000000 -416.000000 0.000000) (544.000000 -416.000000 0.000000) (544.000000 -416.000000 160.000000) (448.000000 -416.000000 160.000000) 
4 69 71 (544.000000 -416.000000 0.000000) (640.000000 -416.000000 0.000000) (640.000000 -416.000000 160.000000) (544.000000 -416.000000 160.000000) 
4 70 75 (288.000000 -384.000000 0.000000) (288.000000 -416.000000 0.000000) (288.000000 -416.000000 160.000000) (288.000000 -384.000000 160.000000) 
4 70 72 (288.000000 -416.000000 160.000000) (288.000000 -416.000000 -0.000000) (416.000000 -416.000000 0.000000) (416.000000 -416.000000 160.000000) 
4 71 73 (544.000000 -512.000000 0.000000) (640.000000 -512.000000 -0.000000) (640.000000 -512.000000 160.000000) (544.000000 -512.000000 160.000000) 
4 71 72 (544.000000 -416.000000 160.000000) (544.000000 -416.000000 -0.000000) (544.000000 -480.000000 0.000000) (544.000000 -480.000000 160.000000) 
4 72 75 (288.000000 -416.000000 0.000000) (288.000000 -480.000000 0.000000) (288.000000 -480.000000 160.000000) (288.000000 -416.000000 160.000000) 
4 74 77 (-148.104557 96.000000 0.000000) (136.219000 -160.000000 0.000000) (136.219000 -160.000000 160.000000) (-148.104557 96.000000 160.000000) 
4 74 76 (160.000000 -181.412000 0.000000) (256.000000 -267.848735 0.000000) (256.000000 -267.848735 160.000000) (160.000000 -181.412000 160.000000) 
4 74 75 (256.000000 -267.848735 0.000000) (288.000000 -296.660980 -0.000000) (288.000000 -296.660980 160.000000) (256.000000 -267.848735 160.000000) 
4 75 76 (256.000000 -267.848735 0.000000) (256.000000 -480.000000 0.000000) (256.000000 -480.000000 160.000000) (256.000000 -267.848735 160.000000) 
4 76 79 (52.939100 -300.315000 0.000000) (64.000000 -310.274210 0.000000) (64.000000 -310.274210 160.000000) (52.939100 -300.315000 160.000000) 
4 76 78 (64.000000 -310.274210 0.000000) (256.000000 -483.150588 -0.000000) (256.000000 -483.150588 160.000000) (64.000000 -310.274210 160.000000) 
4 77 81 (-256.000000 -22.146913 160.000000) (-256.000000 -22.146913 -0.000000) (-96.000000 -166.210562 0.000000) (-96.000000 -166.210562 160.000000) 
4 77 80 (-96.000000 -166.210562 0.000000) (29.158500 -278.903000 0.000000) (29.158500 -278.903000 160.000000) (-96.000000 -166.210562 160.000000) 
4 78 90 (64.000000 -640.000000 0.000000) (256.000000 -640.000000 0.000000) (256.000000 -640.000000 160.000000) (64.000000 -640.000000 160.000000) 
4 78 79 (64.000000 -310.274210 160.000000) (64.000000 -310.274210 -0.000000) (64.000000 -448.000000 0.000000) (64.000000 -448.000000 160.000000) 
4 79 80 (32.000000 -281.461480 160.000000) (32.000000 -281.461480 -0.000000) (32.000000 -448.000000 0.000000) (32.000000 -448.000000 160.000000) 
4 80 91 (-96.000000 -640.000000 0.000000) (32.000000 -640.000000 0.000000) (32.000000 -640.000000 160.000000) (-96.000000 -640.000000 160.000000) 
4 80 82 (-96.000000 -512.000000 0.000000) (-96.000000 -640.000000 -0.000000) (-96.000000 -640.000000 160.000000) (-96.000000 -512.000000 160.000000) 
4 80 81 (-96.000000 -166.210562 0.000000) (-96.000000 -352.000000 0.000000) (-96.000000 -352.000000 160.000000) (-96.000000 -166.210562 160.000000) 
4 81 132 (-256.000000 -288.000000 160.000000) (-256.000000 -160.000000 160.000000) (-256.000000 -160.000000 0.000000) (-256.000000 -288.000000 0.000000) 
4 81 83 (-256.000000 -352.000000 0.000000) (-160.000000 -352.000000 0.000000) (-160.000000 -352.000000 160.000000) (-256.000000 -352.000000 160.000000) 
4 82 91 (-160.000000 -640.000000 0.000000) (-96.000000 -640.000000 0.000000) (-96.000000 -640.000000 160.000000) (-160.000000 -640.000000 160.000000) 
4 82 83 (-160.000000 -512.000000 0.000000) (-160.000000 -640.000000 -0.000000) (-160.000000 -640.000000 160.000000) (-160.000000 -512.000000 160.000000) 
4 83 92 (-256.000000 -640.000000 160.000000) (-256.000000 -640.000000 -0.000000) (-160.000000 -640.000000 0.000000) (-160.000000 -640.000000 160.000000) 
4 84 90 (656.000000 -736.000000 160.000000) (656.000000 -640.000000 160.000000) (656.000000 -640.000000 -0.000000) (656.000000 -736.000000 0.000000) 
4 84 85 (1152.000000 -736.000000 0.000000) (1280.000000 -736.000000 -0.000000) (1280.000000 -736.000000 160.000000) (1152.000000 -736.000000 160.000000) 
4 84 87 (656.000000 -736.000000 160.000000) (656.000000 -736.000000 -0.000000) (1120.000000 -736.000000 0.000000) (1120.000000 -736.000000 160.000000) 
4 85 86 (1152.000000 -768.000000 0.000000) (1280.000000 -768.000000 -0.000000) (1280.000000 -768.000000 160.000000) (1152.000000 -768.000000 160.000000) 
4 86 88 (1120.000000 -880.000000 0.000000) (1280.000000 -880.000000 0.000000) (1280.000000 -880.000000 160.000000) (1120.000000 -880.000000 160.000000) 
4 86 87 (1120.000000 -768.000000 0.000000) (1120.000000 -880.000000 -0.000000) (1120.000000 -880.000000 160.000000) (1120.000000 -768.000000 160.000000) 
4 87 90 (656.000000 -768.000000 160.000000) (656.000000 -736.000000 160.000000) (656.000000 -736.000000 0.000000) (656.000000 -768.000000 0.000000) 
4 87 94 (656.000000 -880.000000 160.000000) (656.000000 -768.000000 160.000000) (656.000000 -768.000000 0.000000) (656.000000 -880.000000 0.000000) 
4 87 88 (848.000000 -880.000000 0.000000) (1120.000000 -880.000000 0.000000) (1120.000000 -880.000000 160.000000) (848.000000 -880.000000 160.000000) 
4 87 89 (656.000000 -880.000000 0.000000) (816.000000 -880.000000 0.000000) (816.000000 -880.000000 160.000000) (656.000000 -880.000000 160.000000) 
4 89 96 (656.000000 -1024.000000 160.000000) (656.000000 -912.000000 160.000000) (656.000000 -912.000000 0.000000) (656.000000 -1024.000000 0.000000) 
4 90 94 (64.000000 -768.000000 0.000000) (656.000000 -768.000000 -0.000000) (656.000000 -768.000000 160.000000) (64.000000 -768.000000 160.000000) 
4 91 92 (-160.000000 -640.000000 160.000000) (-160.000000 -640.000000 -0.000000) (-160.000000 -672.000000 0.000000) (-160.000000 -672.000000 160.000000) 
4 91 93 (-160.000000 -704.000000 0.000000) (-160.000000 -768.000000 -0.000000) (-160.000000 -768.000000 160.000000) (-160.000000 -704.000000 160.000000) 
4 91 94 (-160.000000 -768.000000 0.000000) (32.000000 -768.000000 0.000000) (32.000000 -768.000000 160.000000) (-160.000000 -768.000000 160.000000) 
4 93 204 (-256.000000 -768.000000 160.000000) (-256.000000 -736.000000 160.000000) (-256.000000 -736.000000 0.000000) (-256.000000 -768.000000 0.000000) 
4 93 94 (-256.000000 -768.000000 160.000000) (-256.000000 -768.000000 -0.000000) (-160.000000 -768.000000 0.000000) (-160.000000 -768.000000 160.000000) 
4 94 204 (-256.000000 -880.000000 160.000000) (-256.000000 -768.000000 160.000000) (-256.000000 -768.000000 0.000000) (-256.000000 -880.000000 0.000000) 
4 94 95 (-256.000000 -880.000000 0.000000) (304.000000 -880.000000 0.000000) (304.000000 -880.000000 160.000000) (-256.000000 -880.000000 160.000000) 
4 95 204 (-256.000000 -896.000000 160.000000) (-256.000000 -880.000000 160.000000) (-256.000000 -880.000000 0.000000) (-256.000000 -896.000000 0.000000) 
4 95 96 (-256.000000 -912.000000 0.000000) (304.000000 -912.000000 0.000000) (304.000000 -912.000000 160.000000) (-256.000000 -912.000000 160.000000) 
4 97 101 (-512.000000 640.000000 0.000000) (-512.000000 512.000000 0.000000) (-512.000000 512.000000 160.000000) (-512.000000 640.000000 160.000000) 
4 97 99 (-512.000000 256.000000 0.000000) (-416.000000 256.000000 0.000000) (-416.000000 256.000000 160.000000) (-512.000000 256.000000 160.000000) 
4 97 98 (-416.000000 256.000000 0.000000) (-384.000000 256.000000 0.000000) (-384.000000 256.000000 160.000000) (-416.000000 256.000000 160.000000) 
4 98 133 (-288.000000 64.000000 160.000000) (-416.000000 64.000000 160.000000) (-416.000000 64.000000 0.000000) (-288.000000 64.000000 0.000000) 
4 98 99 (-416.000000 256.000000 160.000000) (-416.000000 256.000000 -0.000000) (-416.000000 96.000000 0.000000) (-416.000000 96.000000 160.000000) 
4 99 100 (-512.000000 96.000000 0.000000) (-448.000000 96.000000 0.000000) (-448.000000 96.000000 160.000000) (-512.000000 96.000000 160.000000) 
4 100 133 (-448.000000 64.000000 160.000000) (-512.000000 64.000000 160.000000) (-512.000000 64.000000 0.000000) (-448.000000 64.000000 0.000000) 
4 101 102 (-640.000000 640.000000 160.000000) (-640.000000 640.000000 -0.000000) (-640.000000 512.000000 0.000000) (-640.000000 512.000000 160.000000) 
4 102 139 (-640.000000 64.000000 160.000000) (-768.000000 64.000000 160.000000) (-768.000000 64.000000 -0.000000) (-640.000000 64.000000 0.000000) 
4 102 113 (-768.000000 224.000000 160.000000) (-768.000000 352.000000 160.000000) (-768.000000 352.000000 0.000000) (-768.000000 224.000000 0.000000) 
4 102 112 (-768.000000 352.000000 160.000000) (-768.000000 384.000000 160.000000) (-768.000000 384.000000 0.000000) (-768.000000 352.000000 0.000000) 
4 102 104 (-768.000000 544.000000 160.000000) (-768.000000 576.000000 160.000000) (-768.000000 576.000000 0.000000) (-768.000000 544.000000 0.000000) 
4 102 103 (-768.000000 576.000000 160.000000) (-768.000000 640.000000 160.000000) (-768.000000 640.000000 0.000000) (-768.000000 576.000000 0.000000) 
4 102 106 (-768.000000 512.000000 160.000000) (-768.000000 544.000000 160.000000) (-768.000000 544.000000 0.000000) (-768.000000 512.000000 0.000000) 
4 103 104 (-928.000000 576.000000 0.000000) (-768.000000 576.000000 0.000000) (-768.000000 576.000000 160.000000) (-928.000000 576.000000 160.000000) 
4 103 105 (-1408.000000 576.000000 0.000000) (-960.000000 576.000000 0.000000) (-960.000000 576.000000 160.000000) (-1408.000000 576.000000 160.000000) 
4 104 106 (-928.000000 544.000000 0.000000) (-768.000000 544.000000 0.000000) (-768.000000 544.000000 160.000000) (-928.000000 544.000000 160.000000) 
4 105 106 (-1408.000000 544.000000 0.000000) (-960.000000 544.000000 0.000000) (-960.000000 544.000000 160.000000) (-1408.000000 544.000000 160.000000) 
4 106 128 (-1408.000000 528.000000 0.000000) (-1408.000000 512.000000 0.000000) (-1408.000000 512.000000 160.000000) (-1408.000000 528.000000 160.000000) 
4 106 108 (-1312.000000 512.000000 0.000000) (-1152.000000 512.000000 0.000000) (-1152.000000 512.000000 160.000000) (-1312.000000 512.000000 160.000000) 
4 106 111 (-1408.000000 512.000000 160.000000) (-1408.000000 512.000000 -0.000000) (-1312.000000 512.000000 0.000000) (-1312.000000 512.000000 160.000000) 
4 106 107 (-1024.000000 512.000000 0.000000) (-864.000000 512.000000 0.000000) (-864.000000 512.000000 160.000000) (-1024.000000 512.000000 160.000000) 
4 108 109 (-1248.000000 480.000000 0.000000) (-1152.000000 480.000000 0.000000) (-1152.000000 480.000000 160.000000) (-1248.000000 480.000000 160.000000) 
4 108 111 (-1312.000000 512.000000 160.000000) (-1312.000000 512.000000 -0.000000) (-1312.000000 480.000000 0.000000) (-1312.000000 480.000000 160.000000) 
4 109 120 (-1248.000000 416.000000 0.000000) (-1152.000000 416.000000 0.000000) (-1152.000000 416.000000 160.000000) (-1248.000000 416.000000 160.000000) 
4 109 110 (-1248.000000 448.000000 0.000000) (-1248.000000 416.000000 0.000000) (-1248.000000 416.000000 160.000000) (-1248.000000 448.000000 160.000000) 
4 110 120 (-1312.000000 416.000000 0.000000) (-1248.000000 416.000000 0.000000) (-1248.000000 416.000000 160.000000) (-1312.000000 416.000000 160.000000) 
4 110 111 (-1312.000000 448.000000 0.000000) (-1312.000000 416.000000 -0.000000) (-1312.000000 416.000000 160.000000) (-1312.000000 448.000000 160.000000) 
4 111 129 (-1408.000000 512.000000 0.000000) (-1408.000000 416.000000 0.000000) (-1408.000000 416.000000 160.000000) (-1408.000000 512.000000 160.000000) 
4 111 120 (-1408.000000 416.000000 0.000000) (-1312.000000 416.000000 0.000000) (-1312.000000 416.000000 160.000000) (-1408.000000 416.000000 160.000000) 
4 112 113 (-896.000000 352.000000 0.000000) (-768.000000 352.000000 0.000000) (-768.000000 352.000000 160.000000) (-896.000000 352.000000 160.000000) 
4 113 118 (-928.000000 352.000000 0.000000) (-928.000000 304.000000 0.000000) (-928.000000 304.000000 160.000000) (-928.000000 352.000000 160.000000) 
4 113 115 (-880.000000 224.000000 0.000000) (-848.000000 224.000000 0.000000) (-848.000000 224.000000 160.000000) (-880.000000 224.000000 160.000000) 
4 113 114 (-848.000000 224.000000 0.000000) (-800.000000 224.000000 0.000000) (-800.000000 224.000000 160.000000) (-848.000000 224.000000 160.000000) 
4 113 117 (-928.000000 224.000000 160.000000) (-928.000000 224.000000 -0.000000) (-880.000000 224.000000 0.000000) (-880.000000 224.000000 160.000000) 
4 114 115 (-848.000000 224.000000 0.000000) (-848.000000 112.000000 0.000000) (-848.000000 112.000000 160.000000) (-848.000000 224.000000 160.000000) 
4 114 116 (-848.000000 80.000000 0.000000) (-848.000000 64.000000 0.000000) (-848.000000 64.000000 160.000000) (-848.000000 80.000000 160.000000) 
4 115 117 (-880.000000 224.000000 0.000000) (-880.000000 112.000000 0.000000) (-880.000000 112.000000 160.000000) (-880.000000 224.000000 160.000000) 
4 116 117 (-880.000000 80.000000 0.000000) (-880.000000 64.000000 0.000000) (-880.000000 64.000000 160.000000) (-880.000000 80.000000 160.000000) 
4 117 124 (-928.000000 160.000000 0.000000) (-928.000000 96.000000 0.000000) (-928.000000 96.000000 160.000000) (-928.000000 160.000000 160.000000) 
4 117 121 (-928.000000 208.000000 0.000000) (-928.000000 176.000000 0.000000) (-928.000000 176.000000 160.000000) (-928.000000 208.000000 160.000000) 
4 117 122 (-928.000000 176.000000 0.000000) (-928.000000 160.000000 0.000000) (-928.000000 160.000000 160.000000) (-928.000000 176.000000 160.000000) 
4 117 126 (-928.000000 96.000000 0.000000) (-928.000000 64.000000 -0.000000) (-928.000000 64.000000 160.000000) (-928.000000 96.000000 160.000000) 
4 118 119 (-1152.000000 304.000000 0.000000) (-992.000000 304.000000 0.000000) (-992.000000 304.000000 160.000000) (-1152.000000 304.000000 160.000000) 
4 118 120 (-1152.000000 384.000000 0.000000) (-1152.000000 304.000000 0.000000) (-1152.000000 304.000000 160.000000) (-1152.000000 384.000000 160.000000) 
4 119 121 (-1088.000000 208.000000 0.000000) (-992.000000 208.000000 0.000000) (-992.000000 208.000000 160.000000) (-1088.000000 208.000000 160.000000) 
4 119 120 (-1152.000000 304.000000 0.000000) (-1152.000000 208.000000 0.000000) (-1152.000000 208.000000 160.000000) (-1152.000000 304.000000 160.000000) 
4 120 129 (-1408.000000 416.000000 0.000000) (-1408.000000 256.000000 0.000000) (-1408.000000 256.000000 160.000000) (-1408.000000 416.000000 160.000000) 
4 120 123 (-1296.000000 208.000000 0.000000) (-1200.000000 208.000000 0.000000) (-1200.000000 208.000000 160.000000) (-1296.000000 208.000000 160.000000) 
4 120 125 (-1408.000000 208.000000 0.000000) (-1296.000000 208.000000 0.000000) (-1296.000000 208.000000 160.000000) (-1408.000000 208.000000 160.000000) 
4 121 122 (-1088.000000 176.000000 0.000000) (-928.000000 176.000000 0.000000) (-928.000000 176.000000 160.000000) (-1088.000000 176.000000 160.000000) 
4 122 124 (-1200.000000 160.000000 0.000000) (-928.000000 160.000000 0.000000) (-928.000000 160.000000 160.000000) (-1200.000000 160.000000 160.000000) 
4 122 123 (-1200.000000 176.000000 0.000000) (-1200.000000 160.000000 0.000000) (-1200.000000 160.000000 160.000000) (-1200.000000 176.000000 160.000000) 
4 123 124 (-1280.000000 160.000000 0.000000) (-1200.000000 160.000000 0.000000) (-1200.000000 160.000000 160.000000) (-1280.000000 160.000000 160.000000) 
4 123 125 (-1296.000000 208.000000 0.000000) (-1296.000000 160.000000 0.000000) (-1296.000000 160.000000 160.000000) (-1296.000000 208.000000 160.000000) 
4 124 126 (-1280.000000 96.000000 0.000000) (-928.000000 96.000000 0.000000) (-928.000000 96.000000 160.000000) (-1280.000000 96.000000 160.000000) 
4 125 126 (-1408.000000 96.000000 160.000000) (-1408.000000 96.000000 -0.000000) (-1296.000000 96.000000 0.000000) (-1296.000000 96.000000 160.000000) 
4 127 128 (-1600.000000 528.000000 0.000000) (-1440.000000 528.000000 0.000000) (-1440.000000 528.000000 160.000000) (-1600.000000 528.000000 160.000000) 
4 127 130 (-1760.000000 528.000000 160.000000) (-1760.000000 528.000000 -0.000000) (-1600.000000 528.000000 0.000000) (-1600.000000 528.000000 160.000000) 
4 128 129 (-1568.000000 512.000000 0.000000) (-1408.000000 512.000000 -0.000000) (-1408.000000 512.000000 160.000000) (-1568.000000 512.000000 160.000000) 
4 128 130 (-1600.000000 528.000000 160.000000) (-1600.000000 528.000000 -0.000000) (-1600.000000 512.000000 0.000000) (-1600.000000 512.000000 160.000000) 
4 129 131 (-1568.000000 256.000000 0.000000) (-1424.000000 256.000000 0.000000) (-1424.000000 256.000000 160.000000) (-1568.000000 256.000000 160.000000) 
4 130 131 (-1760.000000 256.000000 0.000000) (-1600.000000 256.000000 0.000000) (-1600.000000 256.000000 160.000000) (-1760.000000 256.000000 160.000000) 
4 132 136 (-288.000000 -160.000000 0.000000) (-288.000000 -288.000000 0.000000) (-288.000000 -288.000000 160.000000) (-288.000000 -160.000000 160.000000) 
4 133 134 (-352.000000 0.000000 0.000000) (-288.000000 0.000000 0.000000) (-288.000000 0.000000 160.000000) (-352.000000 0.000000 160.000000) 
4 133 135 (-512.000000 0.000000 0.000000) (-384.000000 0.000000 0.000000) (-384.000000 0.000000 160.000000) (-512.000000 0.000000 160.000000) 
4 135 139 (-640.000000 0.000000 0.000000) (-640.000000 -128.000000 0.000000) (-640.000000 -128.000000 160.000000) (-640.000000 0.000000 160.000000) 
4 136 139 (-640.000000 -160.000000 0.000000) (-640.000000 -288.000000 0.000000) (-640.000000 -288.000000 160.000000) (-640.000000 -160.000000 160.000000) 
4 137 205 (-480.000000 -576.000000 160.000000) (-608.000000 -576.000000 160.000000) (-608.000000 -576.000000 0.000000) (-480.000000 -576.000000 0.000000) 
4 137 138 (-608.000000 -320.000000 160.000000) (-608.000000 -320.000000 -0.000000) (-608.000000 -448.000000 0.000000) (-608.000000 -448.000000 160.000000) 
4 138 139 (-640.000000 -320.000000 0.000000) (-640.000000 -448.000000 0.000000) (-640.000000 -448.000000 160.000000) (-640.000000 -320.000000 160.000000) 
4 139 205 (-640.000000 -576.000000 160.000000) (-768.000000 -576.000000 160.000000) (-768.000000 -576.000000 0.000000) (-640.000000 -576.000000 0.000000) 
4 140 143 (-1056.000000 -32.000000 0.000000) (-1056.000000 -96.000000 0.000000) (-1056.000000 -96.000000 160.000000) (-1056.000000 -32.000000 160.000000) 
4 141 144 (-1056.000000 -224.000000 0.000000) (-1056.000000 -288.000000 0.000000) (-1056.000000 -288.000000 160.000000) (-1056.000000 -224.000000 160.000000) 
4 142 145 (-1056.000000 -416.000000 0.000000) (-1056.000000 -480.000000 0.000000) (-1056.000000 -480.000000 160.000000) (-1056.000000 -416.000000 160.000000) 
4 143 146 (-1088.000000 0.000000 0.000000) (-1088.000000 -128.000000 0.000000) (-1088.000000 -128.000000 160.000000) (-1088.000000 0.000000 160.000000) 
4 144 146 (-1088.000000 -192.000000 0.000000) (-1088.000000 -320.000000 0.000000) (-1088.000000 -320.000000 160.000000) (-1088.000000 -192.000000 160.000000) 
4 145 146 (-1088.000000 -384.000000 0.000000) (-1088.000000 -512.000000 0.000000) (-1088.000000 -512.000000 160.000000) (-1088.000000 -384.000000 160.000000) 
4 146 215 (-1088.000000 -576.000000 160.000000) (-1152.000000 -576.000000 160.000000) (-1152.000000 -576.000000 0.000000) (-1088.000000 -576.000000 0.000000) 
4 146 148 (-1152.000000 -192.000000 0.000000) (-1152.000000 -320.000000 0.000000) (-1152.000000 -320.000000 160.000000) (-1152.000000 -192.000000 160.000000) 
4 146 149 (-1152.000000 -384.000000 0.000000) (-1152.000000 -512.000000 0.000000) (-1152.000000 -512.000000 160.000000) (-1152.000000 -384.000000 160.000000) 
4 146 147 (-1152.000000 0.000000 0.000000) (-1152.000000 -128.000000 0.000000) (-1152.000000 -128.000000 160.000000) (-1152.000000 0.000000 160.000000) 
4 147 150 (-1184.000000 -32.000000 0.000000) (-1184.000000 -96.000000 0.000000) (-1184.000000 -96.000000 160.000000) (-1184.000000 -32.000000 160.000000) 
4 148 151 (-1184.000000 -224.000000 0.000000) (-1184.000000 -288.000000 0.000000) (-1184.000000 -288.000000 160.000000) (-1184.000000 -224.000000 160.000000) 
4 149 152 (-1184.000000 -416.000000 0.000000) (-1184.000000 -480.000000 0.000000) (-1184.000000 -480.000000 160.000000) (-1184.000000 -416.000000 160.000000) 
4 150 153 (-1248.000000 -32.000000 0.000000) (-1248.000000 -96.000000 0.000000) (-1248.000000 -96.000000 160.000000) (-1248.000000 -32.000000 160.000000) 
4 151 154 (-1248.000000 -224.000000 0.000000) (-1248.000000 -288.000000 0.000000) (-1248.000000 -288.000000 160.000000) (-1248.000000 -224.000000 160.000000) 
4 152 155 (-1248.000000 -416.000000 0.000000) (-1248.000000 -480.000000 0.000000) (-1248.000000 -480.000000 160.000000) (-1248.000000 -416.000000 160.000000) 
4 153 156 (-1280.000000 0.000000 0.000000) (-1280.000000 -128.000000 0.000000) (-1280.000000 -128.000000 160.000000) (-1280.000000 0.000000 160.000000) 
4 154 156 (-1280.000000 -192.000000 0.000000) (-1280.000000 -320.000000 0.000000) (-1280.000000 -320.000000 160.000000) (-1280.000000 -192.000000 160.000000) 
4 155 156 (-1280.000000 -384.000000 0.000000) (-1280.000000 -512.000000 0.000000) (-1280.000000 -512.000000 160.000000) (-1280.000000 -384.000000 160.000000) 
4 156 216 (-1280.000000 -576.000000 160.000000) (-1344.000000 -576.000000 160.000000) (-1344.000000 -576.000000 0.000000) (-1280.000000 -576.000000 0.000000) 
4 156 158 (-1344.000000 -192.000000 0.000000) (-1344.000000 -320.000000 0.000000) (-1344.000000 -320.000000 160.000000) (-1344.000000 -192.000000 160.000000) 
4 156 159 (-1344.000000 -384.000000 0.000000) (-1344.000000 -512.000000 0.000000) (-1344.000000 -512.000000 160.000000) (-1344.000000 -384.000000 160.000000) 
4 156 157 (-1344.000000 0.000000 0.000000) (-1344.000000 -128.000000 0.000000) (-1344.000000 -128.000000 160.000000) (-1344.000000 0.000000 160.000000) 
4 157 160 (-1376.000000 -32.000000 0.000000) (-1376.000000 -96.000000 0.000000) (-1376.000000 -96.000000 160.000000) (-1376.000000 -32.000000 160.000000) 
4 158 161 (-1376.000000 -224.000000 0.000000) (-1376.000000 -288.000000 0.000000) (-1376.000000 -288.000000 160.000000) (-1376.000000 -224.000000 160.000000) 
4 159 162 (-1376.000000 -416.000000 0.000000) (-1376.000000 -480.000000 0.000000) (-1376.000000 -480.000000 160.000000) (-1376.000000 -416.000000 160.000000) 
4 160 163 (-1440.000000 -32.000000 0.000000) (-1440.000000 -96.000000 0.000000) (-1440.000000 -96.000000 160.000000) (-1440.000000 -32.000000 160.000000) 
4 161 164 (-1440.000000 -224.000000 0.000000) (-1440.000000 -288.000000 0.000000) (-1440.000000 -288.000000 160.000000) (-1440.000000 -224.000000 160.000000) 
4 162 165 (-1440.000000 -416.000000 0.000000) (-1440.000000 -480.000000 0.000000) (-1440.000000 -480.000000 160.000000) (-1440.000000 -416.000000 160.000000) 
4 163 166 (-1472.000000 0.000000 0.000000) (-1472.000000 -128.000000 0.000000) (-1472.000000 -128.000000 160.000000) (-1472.000000 0.000000 160.000000) 
4 164 166 (-1472.000000 -192.000000 0.000000) (-1472.000000 -320.000000 0.000000) (-1472.000000 -320.000000 160.000000) (-1472.000000 -192.000000 160.000000) 
4 165 166 (-1472.000000 -384.000000 0.000000) (-1472.000000 -512.000000 0.000000) (-1472.000000 -512.000000 160.000000) (-1472.000000 -384.000000 160.000000) 
4 166 217 (-1472.000000 -576.000000 160.000000) (-1536.000000 -576.000000 160.000000) (-1536.000000 -576.000000 0.000000) (-1472.000000 -576.000000 0.000000) 
4 166 168 (-1536.000000 -192.000000 0.000000) (-1536.000000 -320.000000 0.000000) (-1536.000000 -320.000000 160.000000) (-1536.000000 -192.000000 160.000000) 
4 166 169 (-1536.000000 -384.000000 0.000000) (-1536.000000 -512.000000 0.000000) (-1536.000000 -512.000000 160.000000) (-1536.000000 -384.000000 160.000000) 
4 166 167 (-1536.000000 0.000000 0.000000) (-1536.000000 -128.000000 0.000000) (-1536.000000 -128.000000 160.000000) (-1536.000000 0.000000 160.000000) 
4 167 170 (-1568.000000 -96.000000 160.000000) (-1568.000000 -32.000000 160.000000) (-1568.000000 -32.000000 0.000000) (-1568.000000 -96.000000 0.000000) 
4 168 171 (-1568.000000 -288.000000 160.000000) (-1568.000000 -224.000000 160.000000) (-1568.000000 -224.000000 0.000000) (-1568.000000 -288.000000 0.000000) 
4 169 172 (-1568.000000 -480.000000 160.000000) (-1568.000000 -416.000000 160.000000) (-1568.000000 -416.000000 0.000000) (-1568.000000 -480.000000 0.000000) 
4 170 173 (-1632.000000 -32.000000 0.000000) (-1632.000000 -96.000000 0.000000) (-1632.000000 -96.000000 160.000000) (-1632.000000 -32.000000 160.000000) 
4 171 174 (-1632.000000 -224.000000 0.000000) (-1632.000000 -288.000000 0.000000) (-1632.000000 -288.000000 160.000000) (-1632.000000 -224.000000 160.000000) 
4 172 175 (-1632.000000 -416.000000 0.000000) (-1632.000000 -480.000000 0.000000) (-1632.000000 -480.000000 160.000000) (-1632.000000 -416.000000 160.000000) 
4 173 176 (-1664.000000 0.000000 0.000000) (-1664.000000 -128.000000 0.000000) (-1664.000000 -128.000000 160.000000) (-1664.000000 0.000000 160.000000) 
4 174 176 (-1664.000000 -192.000000 0.000000) (-1664.000000 -320.000000 0.000000) (-1664.000000 -320.000000 160.000000) (-1664.000000 -192.000000 160.000000) 
4 175 176 (-1664.000000 -384.000000 0.000000) (-1664.000000 -512.000000 0.000000) (-1664.000000 -512.000000 160.000000) (-1664.000000 -384.000000 160.000000) 
4 176 248 (-1728.000000 -576.000000 0.000000) (-1664.000000 -576.000000 0.000000) (-1664.000000 -576.000000 160.000000) (-1728.000000 -576.000000 160.000000) 
4 176 178 (-1728.000000 -192.000000 0.000000) (-1728.000000 -320.000000 0.000000) (-1728.000000 -320.000000 160.000000) (-1728.000000 -192.000000 160.000000) 
4 176 179 (-1728.000000 -384.000000 0.000000) (-1728.000000 -512.000000 0.000000) (-1728.000000 -512.000000 160.000000) (-1728.000000 -384.000000 160.000000) 
4 176 177 (-1728.000000 0.000000 0.000000) (-1728.000000 -128.000000 0.000000) (-1728.000000 -128.000000 160.000000) (-1728.000000 0.000000 160.000000) 
4 177 180 (-1760.000000 -32.000000 0.000000) (-1760.000000 -96.000000 0.000000) (-1760.000000 -96.000000 160.000000) (-1760.000000 -32.000000 160.000000) 
4 178 181 (-1760.000000 -224.000000 0.000000) (-1760.000000 -288.000000 0.000000) (-1760.000000 -288.000000 160.000000) (-1760.000000 -224.000000 160.000000) 
4 179 182 (-1760.000000 -416.000000 0.000000) (-1760.000000 -480.000000 0.000000) (-1760.000000 -480.000000 160.000000) (-1760.000000 -416.000000 160.000000) 
4 180 183 (-1824.000000 -32.000000 0.000000) (-1824.000000 -96.000000 0.000000) (-1824.000000 -96.000000 160.000000) (-1824.000000 -32.000000 160.000000) 
4 181 184 (-1824.000000 -224.000000 0.000000) (-1824.000000 -288.000000 0.000000) (-1824.000000 -288.000000 160.000000) (-1824.000000 -224.000000 160.000000) 
4 182 185 (-1824.000000 -416.000000 0.000000) (-1824.000000 -480.000000 0.000000) (-1824.000000 -480.000000 160.000000) (-1824.000000 -416.000000 160.000000) 
4 183 186 (-1856.000000 0.000000 0.000000) (-1856.000000 -128.000000 0.000000) (-1856.000000 -128.000000 160.000000) (-1856.000000 0.000000 160.000000) 
4 184 186 (-1856.000000 -192.000000 0.000000) (-1856.000000 -320.000000 0.000000) (-1856.000000 -320.000000 160.000000) (-1856.000000 -192.000000 160.000000) 
4 185 186 (-1856.000000 -384.000000 0.000000) (-1856.000000 -512.000000 0.000000) (-1856.000000 -512.000000 160.000000) (-1856.000000 -384.000000 160.000000) 
4 186 258 (-1920.000000 -576.000000 0.000000) (-1856.000000 -576.000000 0.000000) (-1856.000000 -576.000000 160.000000) (-1920.000000 -576.000000 160.000000) 
4 186 188 (-1920.000000 -192.000000 0.000000) (-1920.000000 -320.000000 0.000000) (-1920.000000 -320.000000 160.000000) (-1920.000000 -192.000000 160.000000) 
4 186 189 (-1920.000000 -384.000000 0.000000) (-1920.000000 -512.000000 0.000000) (-1920.000000 -512.000000 160.000000) (-1920.000000 -384.000000 160.000000) 
4 186 187 (-1920.000000 0.000000 0.000000) (-1920.000000 -128.000000 0.000000) (-1920.000000 -128.000000 160.000000) (-1920.000000 0.000000 160.000000) 
4 187 190 (-1952.000000 -32.000000 0.000000) (-1952.000000 -96.000000 0.000000) (-1952.000000 -96.000000 160.000000) (-1952.000000 -32.000000 160.000000) 
4 188 191 (-1952.000000 -224.000000 0.000000) (-1952.000000 -288.000000 0.000000) (-1952.000000 -288.000000 160.000000) (-1952.000000 -224.000000 160.000000) 
4 189 192 (-1952.000000 -416.000000 0.000000) (-1952.000000 -480.000000 0.000000) (-1952.000000 -480.000000 160.000000) (-1952.000000 -416.000000 160.000000) 
4 190 193 (-2016.000000 -32.000000 0.000000) (-2016.000000 -96.000000 0.000000) (-2016.000000 -96.000000 160.000000) (-2016.000000 -32.000000 160.000000) 
4 191 194 (-2016.000000 -224.000000 0.000000) (-2016.000000 -288.000000 0.000000) (-2016.000000 -288.000000 160.000000) (-2016.000000 -224.000000 160.000000) 
4 192 195 (-2016.000000 -416.000000 0.000000) (-2016.000000 -480.000000 0.000000) (-2016.000000 -480.000000 160.000000) (-2016.000000 -416.000000 160.000000) 
4 193 196 (-2048.000000 0.000000 0.000000) (-2048.000000 -128.000000 0.000000) (-2048.000000 -128.000000 160.000000) (-2048.000000 0.000000 160.000000) 
4 194 196 (-2048.000000 -192.000000 0.000000) (-2048.000000 -320.000000 0.000000) (-2048.000000 -320.000000 160.000000) (-2048.000000 -192.000000 160.000000) 
4 195 196 (-2048.000000 -384.000000 0.000000) (-2048.000000 -512.000000 0.000000) (-2048.000000 -512.000000 160.000000) (-2048.000000 -384.000000 160.000000) 
4 196 268 (-2112.000000 -576.000000 0.000000) (-2048.000000 -576.000000 0.000000) (-2048.000000 -576.000000 160.000000) (-2112.000000 -576.000000 160.000000) 
4 196 198 (-2112.000000 -192.000000 0.000000) (-2112.000000 -320.000000 0.000000) (-2112.000000 -320.000000 160.000000) (-2112.000000 -192.000000 160.000000) 
4 196 199 (-2112.000000 -384.000000 0.000000) (-2112.000000 -512.000000 0.000000) (-2112.000000 -512.000000 160.000000) (-2112.000000 -384.000000 160.000000) 
4 196 197 (-2112.000000 0.000000 0.000000) (-2112.000000 -128.000000 0.000000) (-2112.000000 -128.000000 160.000000) (-2112.000000 0.000000 160.000000) 
4 197 200 (-2144.000000 -32.000000 0.000000) (-2144.000000 -96.000000 0.000000) (-2144.000000 -96.000000 160.000000) (-2144.000000 -32.000000 160.000000) 
4 198 201 (-2144.000000 -224.000000 0.000000) (-2144.000000 -288.000000 0.000000) (-2144.000000 -288.000000 160.000000) (-2144.000000 -224.000000 160.000000) 
4 199 202 (-2144.000000 -416.000000 0.000000) (-2144.000000 -480.000000 0.000000) (-2144.000000 -480.000000 160.000000) (-2144.000000 -416.000000 160.000000) 
4 203 205 (-480.000000 -576.000000 160.000000) (-480.000000 -576.000000 -0.000000) (-480.000000 -704.000000 0.000000) (-480.000000 -704.000000 160.000000) 
4 203 204 (-480.000000 -736.000000 0.000000) (-352.000000 -736.000000 0.000000) (-352.000000 -736.000000 160.000000) (-480.000000 -736.000000 160.000000) 
4 205 218 (-1024.000000 -672.000000 160.000000) (-1024.000000 -608.000000 160.000000) (-1024.000000 -608.000000 0.000000) (-1024.000000 -672.000000 0.000000) 
4 206 207 (-832.000000 -768.000000 0.000000) (-640.000000 -768.000000 0.000000) (-640.000000 -768.000000 160.000000) (-832.000000 -768.000000 160.000000) 
4 206 208 (-896.000000 -768.000000 0.000000) (-864.000000 -768.000000 0.000000) (-864.000000 -768.000000 160.000000) (-896.000000 -768.000000 160.000000) 
4 206 211 (-992.000000 -768.000000 0.000000) (-896.000000 -768.000000 0.000000) (-896.000000 -768.000000 160.000000) (-992.000000 -768.000000 160.000000) 
4 207 210 (-832.000000 -800.000000 0.000000) (-704.000000 -800.000000 0.000000) (-704.000000 -800.000000 160.000000) (-832.000000 -800.000000 160.000000) 
4 207 209 (-704.000000 -800.000000 0.000000) (-640.000000 -800.000000 0.000000) (-640.000000 -800.000000 160.000000) (-704.000000 -800.000000 160.000000) 
4 208 210 (-896.000000 -800.000000 0.000000) (-864.000000 -800.000000 0.000000) (-864.000000 -800.000000 160.000000) (-896.000000 -800.000000 160.000000) 
4 208 211 (-896.000000 -768.000000 0.000000) (-896.000000 -800.000000 0.000000) (-896.000000 -800.000000 160.000000) (-896.000000 -768.000000 160.000000) 
4 209 212 (-704.000000 -896.000000 0.000000) (-640.000000 -896.000000 -0.000000) (-640.000000 -896.000000 160.000000) (-704.000000 -896.000000 160.000000) 
4 209 210 (-704.000000 -800.000000 160.000000) (-704.000000 -800.000000 -0.000000) (-704.000000 -864.000000 0.000000) (-704.000000 -864.000000 160.000000) 
4 210 211 (-896.000000 -800.000000 0.000000) (-896.000000 -864.000000 0.000000) (-896.000000 -864.000000 160.000000) (-896.000000 -800.000000 160.000000) 
4 211 213 (-992.000000 -896.000000 160.000000) (-992.000000 -896.000000 -0.000000) (-896.000000 -896.000000 0.000000) (-896.000000 -896.000000 160.000000) 
4 212 214 (-800.000000 -1024.000000 0.000000) (-640.000000 -1024.000000 0.000000) (-640.000000 -1024.000000 160.000000) (-800.000000 -1024.000000 160.000000) 
4 213 214 (-992.000000 -1024.000000 0.000000) (-832.000000 -1024.000000 0.000000) (-832.000000 -1024.000000 160.000000) (-992.000000 -1024.000000 160.000000) 
4 214 276 (-704.000000 -1120.000000 160.000000) (-800.000000 -1120.000000 160.000000) (-800.000000 -1120.000000 0.000000) (-704.000000 -1120.000000 0.000000) 
4 214 275 (-640.000000 -1120.000000 160.000000) (-704.000000 -1120.000000 160.000000) (-704.000000 -1120.000000 0.000000) (-640.000000 -1120.000000 0.000000) 
4 214 278 (-800.000000 -1120.000000 160.000000) (-864.000000 -1120.000000 160.000000) (-864.000000 -1120.000000 0.000000) (-800.000000 -1120.000000 0.000000) 
4 215 218 (-1184.000000 -608.000000 0.000000) (-1056.000000 -608.000000 0.000000) (-1056.000000 -608.000000 160.000000) (-1184.000000 -608.000000 160.000000) 
4 216 218 (-1376.000000 -608.000000 0.000000) (-1248.000000 -608.000000 0.000000) (-1248.000000 -608.000000 160.000000) (-1376.000000 -608.000000 160.000000) 
4 217 218 (-1568.000000 -608.000000 0.000000) (-1440.000000 -608.000000 0.000000) (-1440.000000 -608.000000 160.000000) (-1568.000000 -608.000000 160.000000) 
4 218 245 (-1632.000000 -608.000000 0.000000) (-1632.000000 -672.000000 0.000000) (-1632.000000 -672.000000 160.000000) (-1632.000000 -608.000000 160.000000) 
4 218 221 (-1568.000000 -672.000000 0.000000) (-1440.000000 -672.000000 0.000000) (-1440.000000 -672.000000 160.000000) (-1568.000000 -672.000000 160.000000) 
4 218 220 (-1376.000000 -672.000000 0.000000) (-1248.000000 -672.000000 0.000000) (-1248.000000 -672.000000 160.000000) (-1376.000000 -672.000000 160.000000) 
4 218 219 (-1184.000000 -672.000000 0.000000) (-1056.000000 -672.000000 0.000000) (-1056.000000 -672.000000 160.000000) (-1184.000000 -672.000000 160.000000) 
4 219 222 (-1152.000000 -704.000000 0.000000) (-1088.000000 -704.000000 0.000000) (-1088.000000 -704.000000 160.000000) (-1152.000000 -704.000000 160.000000) 
4 220 223 (-1344.000000 -704.000000 0.000000) (-1280.000000 -704.000000 0.000000) (-1280.000000 -704.000000 160.000000) (-1344.000000 -704.000000 160.000000) 
4 221 224 (-1536.000000 -704.000000 0.000000) (-1472.000000 -704.000000 0.000000) (-1472.000000 -704.000000 160.000000) (-1536.000000 -704.000000 160.000000) 
4 222 225 (-1152.000000 -768.000000 0.000000) (-1088.000000 -768.000000 0.000000) (-1088.000000 -768.000000 160.000000) (-1152.000000 -768.000000 160.000000) 
4 223 226 (-1344.000000 -768.000000 0.000000) (-1280.000000 -768.000000 0.000000) (-1280.000000 -768.000000 160.000000) (-1344.000000 -768.000000 160.000000) 
4 224 227 (-1536.000000 -768.000000 0.000000) (-1472.000000 -768.000000 0.000000) (-1472.000000 -768.000000 160.000000) (-1536.000000 -768.000000 160.000000) 
4 225 228 (-1184.000000 -800.000000 0.000000) (-1056.000000 -800.000000 0.000000) (-1056.000000 -800.000000 160.000000) (-1184.000000 -800.000000 160.000000) 
4 226 228 (-1376.000000 -800.000000 0.000000) (-1248.000000 -800.000000 0.000000) (-1248.000000 -800.000000 160.000000) (-1376.000000 -800.000000 160.000000) 
4 227 228 (-1568.000000 -800.000000 0.000000) (-1440.000000 -800.000000 0.000000) (-1440.000000 -800.000000 160.000000) (-1568.000000 -800.000000 160.000000) 
4 228 246 (-1632.000000 -800.000000 0.000000) (-1632.000000 -864.000000 0.000000) (-1632.000000 -864.000000 160.000000) (-1632.000000 -800.000000 160.000000) 
4 228 231 (-1568.000000 -864.000000 0.000000) (-1440.000000 -864.000000 0.000000) (-1440.000000 -864.000000 160.000000) (-1568.000000 -864.000000 160.000000) 
4 228 229 (-1184.000000 -864.000000 0.000000) (-1056.000000 -864.000000 0.000000) (-1056.000000 -864.000000 160.000000) (-1184.000000 -864.000000 160.000000) 
4 228 230 (-1376.000000 -864.000000 0.000000) (-1248.000000 -864.000000 0.000000) (-1248.000000 -864.000000 160.000000) (-1376.000000 -864.000000 160.000000) 
4 229 232 (-1152.000000 -896.000000 0.000000) (-1088.000000 -896.000000 0.000000) (-1088.000000 -896.000000 160.000000) (-1152.000000 -896.000000 160.000000) 
4 230 233 (-1344.000000 -896.000000 0.000000) (-1280.000000 -896.000000 0.000000) (-1280.000000 -896.000000 160.000000) (-1344.000000 -896.000000 160.000000) 
4 231 234 (-1536.000000 -896.000000 0.000000) (-1472.000000 -896.000000 0.000000) (-1472.000000 -896.000000 160.000000) (-1536.000000 -896.000000 160.000000) 
4 232 235 (-1152.000000 -960.000000 0.000000) (-1088.000000 -960.000000 0.000000) (-1088.000000 -960.000000 160.000000) (-1152.000000 -960.000000 160.000000) 
4 233 236 (-1344.000000 -960.000000 0.000000) (-1280.000000 -960.000000 0.000000) (-1280.000000 -960.000000 160.000000) (-1344.000000 -960.000000 160.000000) 
4 234 237 (-1536.000000 -960.000000 0.000000) (-1472.000000 -960.000000 0.000000) (-1472.000000 -960.000000 160.000000) (-1536.000000 -960.000000 160.000000) 
4 235 238 (-1184.000000 -992.000000 0.000000) (-1056.000000 -992.000000 0.000000) (-1056.000000 -992.000000 160.000000) (-1184.000000 -992.000000 160.000000) 
4 236 238 (-1376.000000 -992.000000 0.000000) (-1248.000000 -992.000000 0.000000) (-1248.000000 -992.000000 160.000000) (-1376.000000 -992.000000 160.000000) 
4 237 238 (-1568.000000 -992.000000 0.000000) (-1440.000000 -992.000000 0.000000) (-1440.000000 -992.000000 160.000000) (-1568.000000 -992.000000 160.000000) 
4 238 247 (-1632.000000 -992.000000 0.000000) (-1632.000000 -1056.000000 0.000000) (-1632.000000 -1056.000000 160.000000) (-1632.000000 -992.000000 160.000000) 
4 238 241 (-1568.000000 -1056.000000 0.000000) (-1440.000000 -1056.000000 0.000000) (-1440.000000 -1056.000000 160.000000) (-1568.000000 -1056.000000 160.000000) 
4 238 240 (-1376.000000 -1056.000000 0.000000) (-1248.000000 -1056.000000 0.000000) (-1248.000000 -1056.000000 160.000000) (-1376.000000 -1056.000000 160.000000) 
4 238 239 (-1184.000000 -1056.000000 0.000000) (-1056.000000 -1056.000000 0.000000) (-1056.000000 -1056.000000 160.000000) (-1184.000000 -1056.000000 160.000000) 
4 239 242 (-1152.000000 -1088.000000 0.000000) (-1088.000000 -1088.000000 0.000000) (-1088.000000 -1088.000000 160.000000) (-1152.000000 -1088.000000 160.000000) 
4 240 243 (-1344.000000 -1088.000000 0.000000) (-1280.000000 -1088.000000 0.000000) (-1280.000000 -1088.000000 160.000000) (-1344.000000 -1088.000000 160.000000) 
4 241 244 (-1536.000000 -1088.000000 0.000000) (-1472.000000 -1088.000000 0.000000) (-1472.000000 -1088.000000 160.000000) (-1536.000000 -1088.000000 160.000000) 
4 244 290 (-1472.000000 -1120.000000 160.000000) (-1536.000000 -1120.000000 160.000000) (-1536.000000 -1120.000000 0.000000) (-1472.000000 -1120.000000 0.000000) 
4 245 248 (-1664.000000 -576.000000 0.000000) (-1664.000000 -704.000000 0.000000) (-1664.000000 -704.000000 160.000000) (-1664.000000 -576.000000 160.000000) 
4 246 248 (-1664.000000 -768.000000 0.000000) (-1664.000000 -896.000000 0.000000) (-1664.000000 -896.000000 160.000000) (-1664.000000 -768.000000 160.000000) 
4 247 248 (-1664.000000 -960.000000 0.000000) (-1664.000000 -1088.000000 0.000000) (-1664.000000 -1088.000000 160.000000) (-1664.000000 -960.000000 160.000000) 
4 248 251 (-1728.000000 -960.000000 0.000000) (-1728.000000 -1088.000000 0.000000) (-1728.000000 -1088.000000 160.000000) (-1728.000000 -960.000000 160.000000) 
4 248 250 (-1728.000000 -768.000000 0.000000) (-1728.000000 -896.000000 0.000000) (-1728.000000 -896.000000 160.000000) (-1728.000000 -768.000000 160.000000) 
4 248 249 (-1728.000000 -576.000000 160.000000) (-1728.000000 -576.000000 -0.000000) (-1728.000000 -704.000000 0.000000) (-1728.000000 -704.000000 160.000000) 
4 249 252 (-1760.000000 -608.000000 0.000000) (-1760.000000 -672.000000 0.000000) (-1760.000000 -672.000000 160.000000) (-1760.000000 -608.000000 160.000000) 
4 250 253 (-1760.000000 -800.000000 0.000000) (-1760.000000 -864.000000 0.000000) (-1760.000000 -864.000000 160.000000) (-1760.000000 -800.000000 160.000000) 
4 251 254 (-1760.000000 -992.000000 0.000000) (-1760.000000 -1056.000000 0.000000) (-1760.000000 -1056.000000 160.000000) (-1760.000000 -992.000000 160.000000) 
4 252 255 (-1824.000000 -608.000000 0.000000) (-1824.000000 -672.000000 0.000000) (-1824.000000 -672.000000 160.000000) (-1824.000000 -608.000000 160.000000) 
4 253 256 (-1824.000000 -800.000000 0.000000) (-1824.000000 -864.000000 0.000000) (-1824.000000 -864.000000 160.000000) (-1824.000000 -800.000000 160.000000) 
4 254 257 (-1824.000000 -992.000000 0.000000) (-1824.000000 -1056.000000 0.000000) (-1824.000000 -1056.000000 160.000000) (-1824.000000 -992.000000 160.000000) 
4 255 258 (-1856.000000 -576.000000 0.000000) (-1856.000000 -704.000000 0.000000) (-1856.000000 -704.000000 160.000000) (-1856.000000 -576.000000 160.000000) 
4 256 258 (-1856.000000 -768.000000 0.000000) (-1856.000000 -896.000000 0.000000) (-1856.000000 -896.000000 160.000000) (-1856.000000 -768.000000 160.000000) 
4 257 258 (-1856.000000 -960.000000 0.000000) (-1856.000000 -1088.000000 0.000000) (-1856.000000 -1088.000000 160.000000) (-1856.000000 -960.000000 160.000000) 
4 258 261 (-1920.000000 -960.000000 0.000000) (-1920.000000 -1088.000000 0.000000) (-1920.000000 -1088.000000 160.000000) (-1920.000000 -960.000000 160.000000) 
4 258 260 (-1920.000000 -768.000000 0.000000) (-1920.000000 -896.000000 0.000000) (-1920.000000 -896.000000 160.000000) (-1920.000000 -768.000000 160.000000) 
4 258 259 (-1920.000000 -576.000000 160.000000) (-1920.000000 -576.000000 -0.000000) (-1920.000000 -704.000000 0.000000) (-1920.000000 -704.000000 160.000000) 
4 259 262 (-1952.000000 -608.000000 0.000000) (-1952.000000 -672.000000 0.000000) (-1952.000000 -672.000000 160.000000) (-1952.000000 -608.000000 160.000000) 
4 260 263 (-1952.000000 -800.000000 0.000000) (-1952.000000 -864.000000 0.000000) (-1952.000000 -864.000000 160.000000) (-1952.000000 -800.000000 160.000000) 
4 261 264 (-1952.000000 -992.000000 0.000000) (-1952.000000 -1056.000000 0.000000) (-1952.000000 -1056.000000 160.000000) (-1952.000000 -992.000000 160.000000) 
4 262 265 (-2016.000000 -608.000000 0.000000) (-2016.000000 -672.000000 0.000000) (-2016.000000 -672.000000 160.000000) (-2016.000000 -608.000000 160.000000) 
4 263 266 (-2016.000000 -800.000000 0.000000) (-2016.000000 -864.000000 0.000000) (-2016.000000 -864.000000 160.000000) (-2016.000000 -800.000000 160.000000) 
4 264 267 (-2016.000000 -992.000000 0.000000) (-2016.000000 -1056.000000 0.000000) (-2016.000000 -1056.000000 160.000000) (-2016.000000 -992.000000 160.000000) 
4 265 268 (-2048.000000 -576.000000 0.000000) (-2048.000000 -704.000000 0.000000) (-2048.000000 -704.000000 160.000000) (-2048.000000 -576.000000 160.000000) 
4 266 268 (-2048.000000 -768.000000 0.000000) (-2048.000000 -896.000000 0.000000) (-2048.000000 -896.000000 160.000000) (-2048.000000 -768.000000 160.000000) 
4 267 268 (-2048.000000 -960.000000 0.000000) (-2048.000000 -1088.000000 0.000000) (-2048.000000 -1088.000000 160.000000) (-2048.000000 -960.000000 160.000000) 
4 268 271 (-2112.000000 -960.000000 0.000000) (-2112.000000 -1088.000000 0.000000) (-2112.000000 -1088.000000 160.000000) (-2112.000000 -960.000000 160.000000) 
4 268 270 (-2112.000000 -768.000000 0.000000) (-2112.000000 -896.000000 0.000000) (-2112.000000 -896.000000 160.000000) (-2112.000000 -768.000000 160.000000) 
4 268 269 (-2112.000000 -576.000000 160.000000) (-2112.000000 -576.000000 -0.000000) (-2112.000000 -704.000000 0.000000) (-2112.000000 -704.000000 160.000000) 
4 269 272 (-2144.000000 -608.000000 0.000000) (-2144.000000 -672.000000 0.000000) (-2144.000000 -672.000000 160.000000) (-2144.000000 -608.000000 160.000000) 
4 270 273 (-2144.000000 -800.000000 0.000000) (-2144.000000 -864.000000 0.000000) (-2144.000000 -864.000000 160.000000) (-2144.000000 -800.000000 160.000000) 
4 271 274 (-2144.000000 -992.000000 0.000000) (-2144.000000 -1056.000000 0.000000) (-2144.000000 -1056.000000 160.000000) (-2144.000000 -992.000000 160.000000) 
4 275 276 (-704.000000 -1120.000000 160.000000) (-704.000000 -1120.000000 -0.000000) (-704.000000 -1184.000000 0.000000) (-704.000000 -1184.000000 160.000000) 
4 275 277 (-704.000000 -1248.000000 0.000000) (-640.000000 -1248.000000 -0.000000) (-640.000000 -1248.000000 160.000000) (-704.000000 -1248.000000 160.000000) 
4 276 278 (-800.000000 -1120.000000 160.000000) (-800.000000 -1120.000000 -0.000000) (-800.000000 -1184.000000 0.000000) (-800.000000 -1184.000000 160.000000) 
4 277 278 (-800.000000 -1248.000000 0.000000) (-800.000000 -1632.000000 -0.000000) (-800.000000 -1632.000000 160.000000) (-800.000000 -1248.000000 160.000000) 
4 278 282 (-864.000000 -1536.000000 0.000000) (-864.000000 -1632.000000 0.000000) (-864.000000 -1632.000000 160.000000) (-864.000000 -1536.000000 160.000000) 
4 278 279 (-864.000000 -1152.000000 0.000000) (-864.000000 -1312.000000 0.000000) (-864.000000 -1312.000000 160.000000) (-864.000000 -1152.000000 160.000000) 
4 278 280 (-864.000000 -1472.000000 0.000000) (-864.000000 -1536.000000 0.000000) (-864.000000 -1536.000000 160.000000) (-864.000000 -1472.000000 160.000000) 
4 279 281 (-928.000000 -1152.000000 160.000000) (-928.000000 -1152.000000 -0.000000) (-928.000000 -1312.000000 0.000000) (-928.000000 -1312.000000 160.000000) 
4 280 282 (-928.000000 -1536.000000 0.000000) (-864.000000 -1536.000000 0.000000) (-864.000000 -1536.000000 160.000000) (-928.000000 -1536.000000 160.000000) 
4 280 281 (-928.000000 -1472.000000 0.000000) (-928.000000 -1536.000000 0.000000) (-928.000000 -1536.000000 160.000000) (-928.000000 -1472.000000 160.000000) 
4 281 291 (-1088.000000 -1536.000000 160.000000) (-1088.000000 -1152.000000 160.000000) (-1088.000000 -1152.000000 0.000000) (-1088.000000 -1536.000000 0.000000) 
4 281 282 (-992.000000 -1536.000000 0.000000) (-928.000000 -1536.000000 0.000000) (-928.000000 -1536.000000 160.000000) (-992.000000 -1536.000000 160.000000) 
4 282 283 (-992.000000 -1632.000000 0.000000) (-864.000000 -1632.000000 0.000000) (-864.000000 -1632.000000 160.000000) (-992.000000 -1632.000000 160.000000) 
4 283 291 (-1088.000000 -1664.000000 160.000000) (-1088.000000 -1632.000000 160.000000) (-1088.000000 -1632.000000 0.000000) (-1088.000000 -1664.000000 0.000000) 
4 283 285 (-1088.000000 -1664.000000 0.000000) (-864.000000 -1664.000000 0.000000) (-864.000000 -1664.000000 160.000000) (-1088.000000 -1664.000000 160.000000) 
4 284 287 (-768.000000 -1760.000000 0.000000) (-640.000000 -1760.000000 -0.000000) (-640.000000 -1760.000000 160.000000) (-768.000000 -1760.000000 160.000000) 
4 284 285 (-768.000000 -1664.000000 160.000000) (-768.000000 -1664.000000 -0.000000) (-768.000000 -1728.000000 0.000000) (-768.000000 -1728.000000 160.000000) 
4 285 304 (-1088.000000 -1728.000000 160.000000) (-1088.000000 -1696.000000 160.000000) (-1088.000000 -1696.000000 0.000000) (-1088.000000 -1728.000000 0.000000) 
4 285 291 (-1088.000000 -1696.000000 160.000000) (-1088.000000 -1664.000000 160.000000) (-1088.000000 -1664.000000 0.000000) (-1088.000000 -1696.000000 0.000000) 
4 285 286 (-1088.000000 -1728.000000 0.000000) (-960.000000 -1728.000000 0.000000) (-960.000000 -1728.000000 160.000000) (-1088.000000 -1728.000000 160.000000) 
4 286 304 (-1088.000000 -1760.000000 160.000000) (-1088.000000 -1728.000000 160.000000) (-1088.000000 -1728.000000 0.000000) (-1088.000000 -1760.000000 0.000000) 
4 286 288 (-1088.000000 -1760.000000 0.000000) (-960.000000 -1760.000000 0.000000) (-960.000000 -1760.000000 160.000000) (-1088.000000 -1760.000000 160.000000) 
4 287 289 (-864.000000 -1952.000000 0.000000) (-640.000000 -1952.000000 -0.000000) (-640.000000 -1952.000000 160.000000) (-864.000000 -1952.000000 160.000000) 
4 288 308 (-1088.000000 -1952.000000 160.000000) (-1088.000000 -1920.000000 160.000000) (-1088.000000 -1920.000000 0.000000) (-1088.000000 -1952.000000 0.000000) 
4 288 304 (-1088.000000 -1920.000000 160.000000) (-1088.000000 -1760.000000 160.000000) (-1088.000000 -1760.000000 0.000000) (-1088.000000 -1920.000000 0.000000) 
4 288 289 (-1088.000000 -1952.000000 0.000000) (-896.000000 -1952.000000 0.000000) (-896.000000 -1952.000000 160.000000) (-1088.000000 -1952.000000 160.000000) 
4 289 310 (-1088.000000 -2048.000000 160.000000) (-1088.000000 -1952.000000 160.000000) (-1088.000000 -1952.000000 0.000000) (-1088.000000 -2048.000000 0.000000) 
4 290 302 (-1536.000000 -1152.000000 0.000000) (-1472.000000 -1152.000000 0.000000) (-1472.000000 -1152.000000 160.000000) (-1536.000000 -1152.000000 160.000000) 
4 291 304 (-1120.000000 -1696.000000 0.000000) (-1088.000000 -1696.000000 0.000000) (-1088.000000 -1696.000000 160.000000) (-1120.000000 -1696.000000 160.000000) 
4 291 294 (-1120.000000 -1216.000000 0.000000) (-1120.000000 -1504.000000 0.000000) (-1120.000000 -1504.000000 160.000000) (-1120.000000 -1216.000000 160.000000) 
4 291 300 (-1120.000000 -1504.000000 0.000000) (-1120.000000 -1696.000000 0.000000) (-1120.000000 -1696.000000 160.000000) (-1120.000000 -1504.000000 160.000000) 
4 291 292 (-1120.000000 -1152.000000 0.000000) (-1120.000000 -1184.000000 0.000000) (-1120.000000 -1184.000000 160.000000) (-1120.000000 -1152.000000 160.000000) 
4 292 301 (-1406.157347 -1152.000000 160.000000) (-1406.157347 -1152.000000 -0.000000) (-1434.469456 -1184.000000 0.000000) (-1434.469456 -1184.000000 160.000000) 
4 292 293 (-1434.469456 -1184.000000 160.000000) (-1434.469456 -1184.000000 -0.000000) (-1312.000000 -1184.000000 0.000000) (-1312.000000 -1184.000000 160.000000) 
4 293 301 (-1434.469456 -1184.000000 0.000000) (-1462.781565 -1216.000000 0.000000) (-1462.781565 -1216.000000 160.000000) (-1434.469456 -1184.000000 160.000000) 
4 293 296 (-1376.000000 -1216.000000 0.000000) (-1312.000000 -1216.000000 0.000000) (-1312.000000 -1216.000000 160.000000) (-1376.000000 -1216.000000 160.000000) 
4 293 297 (-1462.781565 -1216.000000 0.000000) (-1408.000000 -1216.000000 0.000000) (-1408.000000 -1216.000000 160.000000) (-1462.781565 -1216.000000 160.000000) 
4 294 295 (-1216.000000 -1216.000000 0.000000) (-1216.000000 -1312.000000 0.000000) (-1216.000000 -1312.000000 160.000000) (-1216.000000 -1216.000000 160.000000) 
4 294 300 (-1216.000000 -1504.000000 0.000000) (-1120.000000 -1504.000000 0.000000) (-1120.000000 -1504.000000 160.000000) (-1216.000000 -1504.000000 160.000000) 
4 295 296 (-1248.000000 -1216.000000 0.000000) (-1248.000000 -1312.000000 0.000000) (-1248.000000 -1312.000000 160.000000) (-1248.000000 -1216.000000 160.000000) 
4 296 298 (-1376.000000 -1408.000000 0.000000) (-1248.000000 -1408.000000 -0.000000) (-1248.000000 -1408.000000 160.000000) (-1376.000000 -1408.000000 160.000000) 
4 297 301 (-1462.781565 -1216.000000 0.000000) (-1470.010000 -1224.170000 0.000000) (-1470.010000 -1224.170000 160.000000) (-1462.781565 -1216.000000 160.000000) 
4 297 303 (-1576.030000 -1344.000000 0.000000) (-1632.654218 -1408.000000 0.000000) (-1632.654218 -1408.000000 160.000000) (-1576.030000 -1344.000000 160.000000) 
4 297 298 (-1632.654218 -1408.000000 160.000000) (-1632.654218 -1408.000000 -0.000000) (-1408.000000 -1408.000000 0.000000) (-1408.000000 -1408.000000 160.000000) 
4 298 303 (-1632.654218 -1408.000000 0.000000) (-1664.000000 -1443.428835 0.000000) (-1664.000000 -1443.428835 160.000000) (-1632.654218 -1408.000000 160.000000) 
4 298 299 (-1664.000000 -1472.000000 0.000000) (-1440.000000 -1472.000000 0.000000) (-1440.000000 -1472.000000 160.000000) (-1664.000000 -1472.000000 160.000000) 
4 299 300 (-1664.000000 -1504.000000 0.000000) (-1440.000000 -1504.000000 0.000000) (-1440.000000 -1504.000000 160.000000) (-1664.000000 -1504.000000 160.000000) 
4 300 304 (-1344.000000 -1696.000000 0.000000) (-1120.000000 -1696.000000 0.000000) (-1120.000000 -1696.000000 160.000000) (-1344.000000 -1696.000000 160.000000) 
4 300 305 (-1440.000000 -1696.000000 0.000000) (-1376.000000 -1696.000000 0.000000) (-1376.000000 -1696.000000 160.000000) (-1440.000000 -1696.000000 160.000000) 
4 300 307 (-1664.000000 -1696.000000 0.000000) (-1632.000000 -1696.000000 0.000000) (-1632.000000 -1696.000000 160.000000) (-1664.000000 -1696.000000 160.000000) 
4 301 302 (-1448.896729 -1152.000000 160.000000) (-1448.896729 -1152.000000 -0.000000) (-1493.980000 -1202.960000 0.000000) (-1493.980000 -1202.960000 160.000000) 
4 302 303 (-1664.000000 -1266.195912 160.000000) (-1664.000000 -1266.195912 -0.000000) (-1600.000000 -1322.800000 0.000000) (-1600.000000 -1322.800000 160.000000) 
4 304 308 (-1120.000000 -1920.000000 0.000000) (-1088.000000 -1920.000000 -0.000000) (-1088.000000 -1920.000000 160.000000) (-1120.000000 -1920.000000 160.000000) 
4 304 309 (-1344.000000 -1920.000000 0.000000) (-1152.000000 -1920.000000 0.000000) (-1152.000000 -1920.000000 160.000000) (-1344.000000 -1920.000000 160.000000) 
4 305 309 (-1440.000000 -1920.000000 0.000000) (-1376.000000 -1920.000000 0.000000) (-1376.000000 -1920.000000 160.000000) (-1440.000000 -1920.000000 160.000000) 
4 305 306 (-1440.000000 -1728.000000 0.000000) (-1440.000000 -1920.000000 -0.000000) (-1440.000000 -1920.000000 160.000000) (-1440.000000 -1728.000000 160.000000) 
4 306 309 (-1632.000000 -1920.000000 0.000000) (-1440.000000 -1920.000000 0.000000) (-1440.000000 -1920.000000 160.000000) (-1632.000000 -1920.000000 160.000000) 
4 306 307 (-1632.000000 -1728.000000 0.000000) (-1632.000000 -1920.000000 0.000000) (-1632.000000 -1920.000000 160.000000) (-1632.000000 -1728.000000 160.000000) 
4 307 309 (-1664.000000 -1920.000000 160.000000) (-1664.000000 -1920.000000 -0.000000) (-1632.000000 -1920.000000 0.000000) (-1632.000000 -1920.000000 160.000000) 
4 308 310 (-1120.000000 -1952.000000 0.000000) (-1088.000000 -1952.000000 0.000000) (-1088.000000 -1952.000000 160.000000) (-1120.000000 -1952.000000 160.000000) 
4 309 310 (-1664.000000 -1952.000000 0.000000) (-1152.000000 -1952.000000 0.000000) (-1152.000000 -1952.000000 160.000000) (-1664.000000 -1952.000000 160.000000) 
