hlcsg v3.4 VL33 (Feb  2 2014)
Zoner's Half-Life Compilation Tools -- Custom Build
Based on code modifications by Sean 'Zoner' Cavanaugh
Based on Valve's version, modified with permission.
Submit detailed bug reports to (vluzacn@163.com)
-----  BEGIN  hlcsg -----
Command line: C:/Users/conte/Downloads/Release/Tools/J.A.C.K/tools/hlcsg.exe "C:\Program Files (x86)\Steam\steamapps\common\Half-Life\backrooms-gold\maps\backrooms" 
Arguments: "C:\Program Files (x86)\Steam\steamapps\common\Half-Life\backrooms-gold\maps\backrooms" -low -wadautodetect 
Entering C:\Program Files (x86)\Steam\steamapps\common\Half-Life\backrooms-gold\maps\backrooms.map

Current hlcsg Settings
Name                 |  Setting  |  Default
---------------------|-----------|-------------------------
threads               [       6 ] [  Varies ]
verbose               [     off ] [     off ]
log                   [      on ] [      on ]
reset logfile         [      on ] [      on ]
developer             [       0 ] [       0 ]
chart                 [     off ] [     off ]
estimate              [     off ] [     off ]
max texture memory    [ 33554432 ] [ 33554432 ]
max lighting memory   [ 50331648 ] [ 50331648 ]
priority              [     Low ] [  Normal ]

noclip                [     off ] [     off ]
null texture stripping[      on ] [      on ]
clipnode economy mode [     off ] [     off ]
clip hull type        [  simple ] [  simple ]
onlyents              [     off ] [     off ]
wadtextures           [      on ] [      on ]
skyclip               [      on ] [      on ]
hullfile              [    None ] [    None ]
wad configuration file[    None ] [    None ]
wad.cfg group name    [    None ] [    None ]
nullfile              [    None ] [    None ]
nullify trigger       [      on ] [      on ]
min surface area      [   0.000 ] [   0.000 ]
brush union threshold [   0.000 ] [   0.000 ]
map scaling           [    None ] [    None ]
light name optimize   [      on ] [      on ]
UTF8 game_text        [      on ] [      on ]

Using mapfile wad configuration
Wadfiles not in use by the map will be excluded
Wadinclude list :
[zhlt.wad]

CreateBrush:
 (0.07 seconds)
CSGBrush:
 (0.65 seconds)

Using Wadfile: \Program Files (x86)\Steam\steamapps\common\Half-Life\valve\halflife.wad
 - Contains 2 used textures, 33.33 percent of map (3116 textures in wad)
Using Wadfile: \Program Files (x86)\Steam\steamapps\common\Half-Life\backrooms-gold\backrooms.wad
 - Contains 4 used textures, 66.67 percent of map (4 textures in wad)

Wad files required to run the map: "halflife.wad;backrooms.wad;"
Texture usage is at 0.19 mb (of 32.00 mb MAX)
0.89 seconds elapsed

-----   END   hlcsg -----



hlbsp v3.4 VL33 (Feb  2 2014)
Zoner's Half-Life Compilation Tools -- Custom Build
Based on code modifications by Sean 'Zoner' Cavanaugh
Based on Valve's version, modified with permission.
Submit detailed bug reports to (vluzacn@163.com)
-----  BEGIN  hlbsp -----
Command line: C:/Users/conte/Downloads/Release/Tools/J.A.C.K/tools/hlbsp.exe "C:\Program Files (x86)\Steam\steamapps\common\Half-Life\backrooms-gold\maps\backrooms" 
Arguments: "C:\Program Files (x86)\Steam\steamapps\common\Half-Life\backrooms-gold\maps\backrooms" -low -chart 

Current hlbsp Settings
Name               |  Setting  |  Default
-------------------|-----------|-------------------------
threads             [       6 ] [  Varies ]
verbose             [     off ] [     off ]
log                 [      on ] [      on ]
developer           [       0 ] [       0 ]
chart               [      on ] [     off ]
estimate            [     off ] [     off ]
max texture memory  [ 33554432 ] [ 33554432 ]
priority            [     Low ] [  Normal ]

noclip              [     off ] [     off ]
nofill              [     off ] [     off ]
noinsidefill        [     off ] [     off ]
noopt               [     off ] [     off ]
no clipnode merging [     off ] [     off ]
null tex. stripping [      on ] [      on ]
notjunc             [     off ] [     off ]
nobrink             [     off ] [     off ]
subdivide size      [     240 ] [     240 ] (Min 64) (Max 512)
max node size       [    1024 ] [    1024 ] (Min 64) (Max 65536)
remove hull 2       [     off ] [     off ]


SolidBSP [hull 0] 500...1000...1134 (0.14 seconds)
BSP generation successful, writing portal file 'C:\Program Files (x86)\Steam\steamapps\common\Half-Life\backrooms-gold\maps\backrooms.prt'
SolidBSP [hull 1] 500...1000...1182 (0.11 seconds)
SolidBSP [hull 2] 500...880 (0.07 seconds)
SolidBSP [hull 3] 500...1000...1194 (0.11 seconds)
Reduced 2434 clipnodes to 1875
Reduced 217 texinfos to 84
Reduced 6 texdatas to 6 (268 bytes to 268)
Reduced 1388 planes to 577
FixBrinks:
Increased 1875 clipnodes to 1875.

Object names  Objects/Maxobjs  Memory / Maxmem  Fullness
------------  ---------------  ---------------  --------
models              7/512          448/32768    ( 1.4%)
planes            577/32768      11540/655360   ( 1.8%)
vertexes         5906/65535      70872/786420   ( 9.0%)
nodes             863/32767      20712/786408   ( 2.6%)
texinfos           84/32767       3360/1310680  ( 0.3%)
faces            3838/65535      76760/1310700  ( 5.9%)
* worldfaces     3820/32768          0/0        (11.7%)
clipnodes        1875/32767      15000/262136   ( 5.7%)
leaves            452/32760      12656/917280   ( 1.4%)
* worldleaves     415/8192           0/0        ( 5.1%)
marksurfaces     4699/65535       9398/131070   ( 7.2%)
surfedges       19816/512000     79264/2048000  ( 3.9%)
edges            9912/256000     39648/1024000  ( 3.9%)
texdata          [variable]        268/33554432 ( 0.0%)
lightdata        [variable]          0/50331648 ( 0.0%)
visdata          [variable]          0/8388608  ( 0.0%)
entdata          [variable]      38736/2097152  ( 1.8%)
* AllocBlock       15/64             0/0        (23.4%)
6 textures referenced
=== Total BSP file data space used: 378662 bytes ===
Wad files required to run the map: "halflife.wad;backrooms.wad;"
3.50 seconds elapsed

-----   END   hlbsp -----



hlvis v3.4 VL33 (Feb  2 2014)
Zoner's Half-Life Compilation Tools -- Custom Build
Based on code modifications by Sean 'Zoner' Cavanaugh
Based on Valve's version, modified with permission.
Submit detailed bug reports to (vluzacn@163.com)
-----  BEGIN  hlvis -----
Command line: C:/Users/conte/Downloads/Release/Tools/J.A.C.K/tools/hlvis.exe "C:\Program Files (x86)\Steam\steamapps\common\Half-Life\backrooms-gold\maps\backrooms" 
Arguments: "C:\Program Files (x86)\Steam\steamapps\common\Half-Life\backrooms-gold\maps\backrooms" -low 
 415 portalleafs
 617 numportals

-= Current hlvis Settings =-
Name               |  Setting  |  Default
-------------------|-----------|-------------------------
threads             [       6 ] [  Varies ]
verbose             [     off ] [     off ]
log                 [      on ] [      on ]
developer           [       0 ] [       0 ]
chart               [     off ] [     off ]
estimate            [     off ] [     off ]
max texture memory  [ 33554432 ] [ 33554432 ]
max vis distance    [       0 ] [       0 ]
priority            [     Low ] [  Normal ]

fast vis            [     off ] [     off ]
full vis            [     off ] [     off ]


BasePortalVis:
 (0.01 seconds)
LeafThread:
 (0.01 seconds)
average leafs visible: 38
g_visdatasize:8343  compressed from 21580
0.04 seconds elapsed

-----   END   hlvis -----



hlrad v3.4 VL33 (Feb  2 2014)
Zoner's Half-Life Compilation Tools -- Custom Build
Based on code modifications by Sean 'Zoner' Cavanaugh
Based on Valve's version, modified with permission.
Submit detailed bug reports to (vluzacn@163.com)
-----  BEGIN  hlrad -----
Command line: C:/Users/conte/Downloads/Release/Tools/J.A.C.K/tools/hlrad.exe "C:\Program Files (x86)\Steam\steamapps\common\Half-Life\backrooms-gold\maps\backrooms" 
Arguments: "C:\Program Files (x86)\Steam\steamapps\common\Half-Life\backrooms-gold\maps\backrooms" -low 

-= Current hlrad Settings =-
Name                | Setting             | Default
--------------------|---------------------|-------------------------
threads              [                 6 ] [            Varies ]
verbose              [               off ] [               off ]
log                  [                on ] [                on ]
developer            [                 0 ] [                 0 ]
chart                [               off ] [               off ]
estimate             [               off ] [               off ]
max texture memory   [          33554432 ] [          33554432 ]
max lighting memory  [          50331648 ] [          50331648 ]
priority             [               Low ] [            Normal ]

fast rad             [               off ] [               off ]
vismatrix algorithm  [            Sparse ] [            Sparse ]
oversampling (-extra)[               off ] [               off ]
bounces              [                 8 ] [                 8 ]
ambient light        [ 0.000 0.000 0.000 ] [ 0.000 0.000 0.000 ]
light limit threshold[           188.000 ] [           188.000 ]
circus mode          [               off ] [               off ]

smoothing threshold  [            50.000 ] [            50.000 ]
smoothing threshold 2[         no change ] [         no change ]
direct threshold     [            10.000 ] [            10.000 ]
direct light scale   [             1.000 ] [             1.000 ]
coring threshold     [             0.010 ] [             0.010 ]
patch interpolation  [                on ] [                on ]

texscale             [                on ] [                on ]
patch subdividing    [                on ] [                on ]
chop value           [            64.000 ] [            64.000 ]
texchop value        [            32.000 ] [            32.000 ]

global fade          [             1.000 ] [             1.000 ]
global light scale   [ 2.000 2.000 2.000 ] [ 2.000 2.000 2.000 ]
global gamma         [ 0.550 0.550 0.550 ] [ 0.550 0.550 0.550 ]
global light scale   [             2.000 ] [             2.000 ]
global sky diffusion [             1.000 ] [             1.000 ]

spread angles        [                on ] [                on ]
opaque entities      [                on ] [                on ]
sky lighting fix     [                on ] [                on ]
incremental          [               off ] [               off ]
dump                 [               off ] [               off ]

colour jitter        [       0.0 0.0 0.0 ] [       0.0 0.0 0.0 ]
monochromatic jitter [       0.0 0.0 0.0 ] [       0.0 0.0 0.0 ]

custom shadows with bounce light
                     [               off ] [               off ]
rgb transfers        [               off ] [               off ]
minimum final light  [                 0 ] [                 0 ]
size of transfer     [         1 (16bit) ] [         1 (16bit) ]
size of rgbtransfer  [         2 (32bit) ] [         2 (32bit) ]
soft sky             [                on ] [                on ]
translucent depth    [             2.000 ] [             2.000 ]
block opaque         [                on ] [                on ]
ignore textures      [               off ] [               off ]
reflectivity gamma   [             1.760 ] [             1.760 ]
reflectivity scale   [             0.700 ] [             0.700 ]
blur size            [             1.500 ] [             1.500 ]
no emitter range     [               off ] [               off ]
wall bleeding fix    [                on ] [                on ]


Load Textures:
Using Wadfile: C:\Program Files (x86)\Steam\steamapps\common\Half-Life\backrooms-gold\maps\backrooms.wa_
6 textures referenced
Reading texlights from 'C:\Users\conte\Downloads\Release\Tools\J.A.C.K\tools\lights.rad'
0 opaque models
0 opaque faces
3838 faces
Create Patches : 14619 base patches
286158 square feet [41206864.00 square inches]
312 direct lights and 0 fast direct lights
1 light styles

FindFacePositions:
 (0.68 seconds)
BuildFacelights:
 (1.99 seconds)
BuildVisLeafs:
 (0.73 seconds)
visibility matrix   :   3.5 megs
MakeScales:
 (1.15 seconds)
Transfer Lists :     7018920 :     7.02M transfers
       Indices :     3765056 :     3.59M bytes
          Data :    14081622 :    13.43M bytes
Bounce 1 GatherLight:
 (0.03 seconds)
Bounce 2 GatherLight:
 (0.03 seconds)
Bounce 3 GatherLight:
 (0.03 seconds)
Bounce 4 GatherLight:
 (0.03 seconds)
Bounce 5 GatherLight:
 (0.03 seconds)
Bounce 6 GatherLight:
 (0.03 seconds)
Bounce 7 GatherLight:
 (0.03 seconds)
Bounce 8 GatherLight:
 (0.03 seconds)
CreateTriangulations:
 (0.06 seconds)
AddPatchLights:
 (0.75 seconds)
FinalLightFace:
 (0.01 seconds)
5.87 seconds elapsed

-----   END   hlrad -----



